[0.039s] Invoking command in '/home/nuc_6g_life_3/franka_ros2_endowrist_ws/src/build/message_logger': CMAKE_PREFIX_PATH=${CMAKE_PREFIX_PATH}:/home/nuc_6g_life_3/franka_ros2_endowrist_ws/install/py_controllers:/opt/ros/humble /usr/bin/cmake /home/nuc_6g_life_3/franka_ros2_endowrist_ws/src/message_logger -DCMAKE_INSTALL_PREFIX=/home/nuc_6g_life_3/franka_ros2_endowrist_ws/src/install/message_logger
[0.169s] -- The C compiler identification is GNU 11.4.0
[0.263s] -- The CXX compiler identification is GNU 11.4.0
[0.275s] -- Detecting C compiler ABI info
[0.440s] -- Detecting C compiler ABI info - done
[0.446s] -- Check for working C compiler: /usr/bin/cc - skipped
[0.446s] -- Detecting C compile features
[0.446s] -- Detecting C compile features - done
[0.449s] -- Detecting CXX compiler ABI info
[0.613s] -- Detecting CXX compiler ABI info - done
[0.625s] -- Check for working CXX compiler: /usr/bin/c++ - skipped
[0.626s] -- Detecting CXX compile features
[0.626s] -- Detecting CXX compile features - done
[0.627s] [33mCMake Warning (dev) at /usr/share/cmake-3.22/Modules/CMakeDependentOption.cmake:84 (message):
[0.627s]   Policy CMP0127 is not set: cmake_dependent_option() supports full Condition
[0.627s]   Syntax.  Run "cmake --help-policy CMP0127" for policy details.  Use the
[0.628s]   cmake_policy command to set the policy and suppress this warning.
[0.628s] Call Stack (most recent call first):
[0.628s]   CMakeLists.txt:6 (cmake_dependent_option)
[0.628s] This warning is for project developers.  Use -Wno-dev to suppress it.
[0.628s] [0m
[0.632s] -- Found ament_cmake: 1.3.11 (/opt/ros/humble/share/ament_cmake/cmake)
[0.840s] -- Found Python3: /usr/bin/python3 (found version "3.10.12") found components: Interpreter 
[0.994s] -- Found rclcpp: 16.0.12 (/opt/ros/humble/share/rclcpp/cmake)
[1.063s] -- Found rosidl_generator_c: 3.1.6 (/opt/ros/humble/share/rosidl_generator_c/cmake)
[1.072s] -- Found rosidl_adapter: 3.1.6 (/opt/ros/humble/share/rosidl_adapter/cmake)
[1.081s] -- Found rosidl_generator_cpp: 3.1.6 (/opt/ros/humble/share/rosidl_generator_cpp/cmake)
[1.096s] -- Using all available rosidl_typesupport_c: rosidl_typesupport_fastrtps_c;rosidl_typesupport_introspection_c
[1.118s] -- Using all available rosidl_typesupport_cpp: rosidl_typesupport_fastrtps_cpp;rosidl_typesupport_introspection_cpp
[1.197s] -- Found rmw_implementation_cmake: 6.1.2 (/opt/ros/humble/share/rmw_implementation_cmake/cmake)
[1.205s] -- Found rmw_fastrtps_cpp: 6.2.7 (/opt/ros/humble/share/rmw_fastrtps_cpp/cmake)
[1.411s] Invoked command in '/home/nuc_6g_life_3/franka_ros2_endowrist_ws/src/build/message_logger' returned '-2': CMAKE_PREFIX_PATH=${CMAKE_PREFIX_PATH}:/home/nuc_6g_life_3/franka_ros2_endowrist_ws/install/py_controllers:/opt/ros/humble /usr/bin/cmake /home/nuc_6g_life_3/franka_ros2_endowrist_ws/src/message_logger -DCMAKE_INSTALL_PREFIX=/home/nuc_6g_life_3/franka_ros2_endowrist_ws/src/install/message_logger
