[0.084s] DEBUG:colcon:Command line arguments: ['/usr/bin/colcon', 'build', '--packages-select', 'custom_msgs']
[0.084s] DEBUG:colcon:Parsed command line arguments: Namespace(log_base=None, log_level=None, verb_name='build', build_base='build', install_base='install', merge_install=False, symlink_install=False, test_result_base=None, continue_on_error=False, executor='parallel', parallel_workers=32, event_handlers=None, ignore_user_meta=False, metas=['./colcon.meta'], base_paths=['.'], packages_ignore=None, packages_ignore_regex=None, paths=None, packages_up_to=None, packages_up_to_regex=None, packages_above=None, packages_above_and_dependencies=None, packages_above_depth=None, packages_select_by_dep=None, packages_skip_by_dep=None, packages_skip_up_to=None, packages_select_build_failed=False, packages_skip_build_finished=False, packages_select_test_failures=False, packages_skip_test_passed=False, packages_select=['custom_msgs'], packages_skip=None, packages_select_regex=None, packages_skip_regex=None, packages_start=None, packages_end=None, allow_overriding=[], cmake_args=None, cmake_target=None, cmake_target_skip_unavailable=False, cmake_clean_cache=False, cmake_clean_first=False, cmake_force_configure=False, ament_cmake_args=None, catkin_cmake_args=None, catkin_skip_building_tests=False, mixin_files=None, mixin=None, verb_parser=<colcon_mixin.mixin.mixin_argument.MixinArgumentDecorator object at 0x713a0a81fa60>, verb_extension=<colcon_core.verb.build.BuildVerb object at 0x713a0a95c880>, main=<bound method BuildVerb.main of <colcon_core.verb.build.BuildVerb object at 0x713a0a95c880>>, mixin_verb=('build',))
[0.217s] Level 1:colcon.colcon_core.package_discovery:discover_packages(colcon_meta) check parameters
[0.217s] Level 1:colcon.colcon_core.package_discovery:discover_packages(recursive) check parameters
[0.217s] Level 1:colcon.colcon_core.package_discovery:discover_packages(ignore) check parameters
[0.217s] Level 1:colcon.colcon_core.package_discovery:discover_packages(path) check parameters
[0.217s] Level 1:colcon.colcon_core.package_discovery:discover_packages(colcon_meta) discover
[0.217s] Level 1:colcon.colcon_core.package_discovery:discover_packages(recursive) discover
[0.217s] INFO:colcon.colcon_core.package_discovery:Crawling recursively for packages in '/home/ziyang/franka_ros2_endowrist_ws/src/custom_msgs'
[0.217s] Level 1:colcon.colcon_core.package_identification:_identify(.) by extensions ['ignore', 'ignore_ament_install']
[0.218s] Level 1:colcon.colcon_core.package_identification:_identify(.) by extension 'ignore'
[0.218s] Level 1:colcon.colcon_core.package_identification:_identify(.) by extension 'ignore_ament_install'
[0.218s] Level 1:colcon.colcon_core.package_identification:_identify(.) by extensions ['colcon_pkg']
[0.218s] Level 1:colcon.colcon_core.package_identification:_identify(.) by extension 'colcon_pkg'
[0.218s] Level 1:colcon.colcon_core.package_identification:_identify(.) by extensions ['colcon_meta']
[0.218s] Level 1:colcon.colcon_core.package_identification:_identify(.) by extension 'colcon_meta'
[0.218s] Level 1:colcon.colcon_core.package_identification:_identify(.) by extensions ['ros']
[0.218s] Level 1:colcon.colcon_core.package_identification:_identify(.) by extension 'ros'
[0.225s] DEBUG:colcon.colcon_core.package_identification:Package '.' with type 'ros.ament_cmake' and name 'custom_msgs'
[0.225s] Level 1:colcon.colcon_core.package_discovery:discover_packages(recursive) using defaults
[0.225s] Level 1:colcon.colcon_core.package_discovery:discover_packages(ignore) discover
[0.225s] Level 1:colcon.colcon_core.package_discovery:discover_packages(ignore) using defaults
[0.225s] Level 1:colcon.colcon_core.package_discovery:discover_packages(path) discover
[0.225s] Level 1:colcon.colcon_core.package_discovery:discover_packages(path) using defaults
[0.238s] Level 1:colcon.colcon_core.package_discovery:discover_packages(prefix_path) check parameters
[0.238s] Level 1:colcon.colcon_core.package_discovery:discover_packages(prefix_path) discover
[0.244s] DEBUG:colcon.colcon_installed_package_information.package_discovery:Found 271 installed packages in /opt/ros/humble
[0.245s] Level 1:colcon.colcon_core.package_discovery:discover_packages(prefix_path) using defaults
[0.258s] Level 5:colcon.colcon_core.verb:set package 'custom_msgs' build argument 'cmake_args' from command line to 'None'
[0.258s] Level 5:colcon.colcon_core.verb:set package 'custom_msgs' build argument 'cmake_target' from command line to 'None'
[0.258s] Level 5:colcon.colcon_core.verb:set package 'custom_msgs' build argument 'cmake_target_skip_unavailable' from command line to 'False'
[0.258s] Level 5:colcon.colcon_core.verb:set package 'custom_msgs' build argument 'cmake_clean_cache' from command line to 'False'
[0.258s] Level 5:colcon.colcon_core.verb:set package 'custom_msgs' build argument 'cmake_clean_first' from command line to 'False'
[0.258s] Level 5:colcon.colcon_core.verb:set package 'custom_msgs' build argument 'cmake_force_configure' from command line to 'False'
[0.258s] Level 5:colcon.colcon_core.verb:set package 'custom_msgs' build argument 'ament_cmake_args' from command line to 'None'
[0.258s] Level 5:colcon.colcon_core.verb:set package 'custom_msgs' build argument 'catkin_cmake_args' from command line to 'None'
[0.258s] Level 5:colcon.colcon_core.verb:set package 'custom_msgs' build argument 'catkin_skip_building_tests' from command line to 'False'
[0.258s] DEBUG:colcon.colcon_core.verb:Building package 'custom_msgs' with the following arguments: {'ament_cmake_args': None, 'build_base': '/home/ziyang/franka_ros2_endowrist_ws/src/custom_msgs/build/custom_msgs', 'catkin_cmake_args': None, 'catkin_skip_building_tests': False, 'cmake_args': None, 'cmake_clean_cache': False, 'cmake_clean_first': False, 'cmake_force_configure': False, 'cmake_target': None, 'cmake_target_skip_unavailable': False, 'install_base': '/home/ziyang/franka_ros2_endowrist_ws/src/custom_msgs/install/custom_msgs', 'merge_install': False, 'path': '/home/ziyang/franka_ros2_endowrist_ws/src/custom_msgs', 'symlink_install': False, 'test_result_base': None}
[0.258s] INFO:colcon.colcon_core.executor:Executing jobs using 'parallel' executor
[0.259s] DEBUG:colcon.colcon_parallel_executor.executor.parallel:run_until_complete
[0.259s] INFO:colcon.colcon_ros.task.ament_cmake.build:Building ROS package in '/home/ziyang/franka_ros2_endowrist_ws/src/custom_msgs' with build type 'ament_cmake'
[0.259s] INFO:colcon.colcon_cmake.task.cmake.build:Building CMake package in '/home/ziyang/franka_ros2_endowrist_ws/src/custom_msgs'
[0.261s] INFO:colcon.colcon_core.plugin_system:Skipping extension 'colcon_core.shell.bat': Not used on non-Windows systems
[0.261s] INFO:colcon.colcon_core.shell:Skip shell extension 'powershell' for command environment: Not usable outside of PowerShell
[0.261s] DEBUG:colcon.colcon_core.shell:Skip shell extension 'dsv' for command environment
[0.268s] DEBUG:colcon.colcon_core.event_handler.log_command:Invoking command in '/home/ziyang/franka_ros2_endowrist_ws/src/custom_msgs/build/custom_msgs': CMAKE_PREFIX_PATH=/opt/ros/humble /usr/bin/cmake /home/ziyang/franka_ros2_endowrist_ws/src/custom_msgs -DCMAKE_INSTALL_PREFIX=/home/ziyang/franka_ros2_endowrist_ws/src/custom_msgs/install/custom_msgs
[2.400s] DEBUG:colcon.colcon_core.event_handler.log_command:Invoked command in '/home/ziyang/franka_ros2_endowrist_ws/src/custom_msgs/build/custom_msgs' returned '0': CMAKE_PREFIX_PATH=/opt/ros/humble /usr/bin/cmake /home/ziyang/franka_ros2_endowrist_ws/src/custom_msgs -DCMAKE_INSTALL_PREFIX=/home/ziyang/franka_ros2_endowrist_ws/src/custom_msgs/install/custom_msgs
[2.402s] DEBUG:colcon.colcon_core.event_handler.log_command:Invoking command in '/home/ziyang/franka_ros2_endowrist_ws/src/custom_msgs/build/custom_msgs': CMAKE_PREFIX_PATH=/opt/ros/humble /usr/bin/cmake --build /home/ziyang/franka_ros2_endowrist_ws/src/custom_msgs/build/custom_msgs -- -j32 -l32
[6.311s] DEBUG:colcon.colcon_core.event_handler.log_command:Invoked command in '/home/ziyang/franka_ros2_endowrist_ws/src/custom_msgs/build/custom_msgs' returned '0': CMAKE_PREFIX_PATH=/opt/ros/humble /usr/bin/cmake --build /home/ziyang/franka_ros2_endowrist_ws/src/custom_msgs/build/custom_msgs -- -j32 -l32
[6.325s] DEBUG:colcon.colcon_core.event_handler.log_command:Invoking command in '/home/ziyang/franka_ros2_endowrist_ws/src/custom_msgs/build/custom_msgs': CMAKE_PREFIX_PATH=/opt/ros/humble /usr/bin/cmake --install /home/ziyang/franka_ros2_endowrist_ws/src/custom_msgs/build/custom_msgs
[6.394s] Level 1:colcon.colcon_core.environment:create_environment_scripts_only(custom_msgs)
[6.395s] DEBUG:colcon.colcon_core.event_handler.log_command:Invoked command in '/home/ziyang/franka_ros2_endowrist_ws/src/custom_msgs/build/custom_msgs' returned '0': CMAKE_PREFIX_PATH=/opt/ros/humble /usr/bin/cmake --install /home/ziyang/franka_ros2_endowrist_ws/src/custom_msgs/build/custom_msgs
[6.396s] Level 1:colcon.colcon_core.environment:checking '/home/ziyang/franka_ros2_endowrist_ws/src/custom_msgs/install/custom_msgs' for CMake module files
[6.397s] Level 1:colcon.colcon_core.environment:checking '/home/ziyang/franka_ros2_endowrist_ws/src/custom_msgs/install/custom_msgs' for CMake config files
[6.397s] Level 1:colcon.colcon_core.shell:create_environment_hook('custom_msgs', 'cmake_prefix_path')
[6.397s] INFO:colcon.colcon_core.shell:Creating environment hook '/home/ziyang/franka_ros2_endowrist_ws/src/custom_msgs/install/custom_msgs/share/custom_msgs/hook/cmake_prefix_path.ps1'
[6.397s] INFO:colcon.colcon_core.shell:Creating environment descriptor '/home/ziyang/franka_ros2_endowrist_ws/src/custom_msgs/install/custom_msgs/share/custom_msgs/hook/cmake_prefix_path.dsv'
[6.398s] INFO:colcon.colcon_core.shell:Creating environment hook '/home/ziyang/franka_ros2_endowrist_ws/src/custom_msgs/install/custom_msgs/share/custom_msgs/hook/cmake_prefix_path.sh'
[6.398s] Level 1:colcon.colcon_core.environment:checking '/home/ziyang/franka_ros2_endowrist_ws/src/custom_msgs/install/custom_msgs/lib'
[6.398s] Level 1:colcon.colcon_core.shell:create_environment_hook('custom_msgs', 'ld_library_path_lib')
[6.398s] INFO:colcon.colcon_core.shell:Creating environment hook '/home/ziyang/franka_ros2_endowrist_ws/src/custom_msgs/install/custom_msgs/share/custom_msgs/hook/ld_library_path_lib.ps1'
[6.398s] INFO:colcon.colcon_core.shell:Creating environment descriptor '/home/ziyang/franka_ros2_endowrist_ws/src/custom_msgs/install/custom_msgs/share/custom_msgs/hook/ld_library_path_lib.dsv'
[6.399s] INFO:colcon.colcon_core.shell:Creating environment hook '/home/ziyang/franka_ros2_endowrist_ws/src/custom_msgs/install/custom_msgs/share/custom_msgs/hook/ld_library_path_lib.sh'
[6.399s] Level 1:colcon.colcon_core.environment:checking '/home/ziyang/franka_ros2_endowrist_ws/src/custom_msgs/install/custom_msgs/bin'
[6.399s] Level 1:colcon.colcon_core.environment:checking '/home/ziyang/franka_ros2_endowrist_ws/src/custom_msgs/install/custom_msgs/lib/pkgconfig/custom_msgs.pc'
[6.399s] Level 1:colcon.colcon_core.environment:checking '/home/ziyang/franka_ros2_endowrist_ws/src/custom_msgs/install/custom_msgs/lib/python3.10/site-packages'
[6.399s] Level 1:colcon.colcon_core.environment:checking '/home/ziyang/franka_ros2_endowrist_ws/src/custom_msgs/install/custom_msgs/bin'
[6.399s] INFO:colcon.colcon_core.shell:Creating package script '/home/ziyang/franka_ros2_endowrist_ws/src/custom_msgs/install/custom_msgs/share/custom_msgs/package.ps1'
[6.400s] INFO:colcon.colcon_core.shell:Creating package descriptor '/home/ziyang/franka_ros2_endowrist_ws/src/custom_msgs/install/custom_msgs/share/custom_msgs/package.dsv'
[6.400s] INFO:colcon.colcon_core.shell:Creating package script '/home/ziyang/franka_ros2_endowrist_ws/src/custom_msgs/install/custom_msgs/share/custom_msgs/package.sh'
[6.400s] INFO:colcon.colcon_core.shell:Creating package script '/home/ziyang/franka_ros2_endowrist_ws/src/custom_msgs/install/custom_msgs/share/custom_msgs/package.bash'
[6.401s] INFO:colcon.colcon_core.shell:Creating package script '/home/ziyang/franka_ros2_endowrist_ws/src/custom_msgs/install/custom_msgs/share/custom_msgs/package.zsh'
[6.401s] Level 1:colcon.colcon_core.environment:create_file_with_runtime_dependencies(/home/ziyang/franka_ros2_endowrist_ws/src/custom_msgs/install/custom_msgs/share/colcon-core/packages/custom_msgs)
[6.402s] Level 1:colcon.colcon_core.environment:create_environment_scripts_only(custom_msgs)
[6.402s] Level 1:colcon.colcon_core.environment:checking '/home/ziyang/franka_ros2_endowrist_ws/src/custom_msgs/install/custom_msgs' for CMake module files
[6.402s] Level 1:colcon.colcon_core.environment:checking '/home/ziyang/franka_ros2_endowrist_ws/src/custom_msgs/install/custom_msgs' for CMake config files
[6.402s] Level 1:colcon.colcon_core.shell:create_environment_hook('custom_msgs', 'cmake_prefix_path')
[6.402s] INFO:colcon.colcon_core.shell:Creating environment hook '/home/ziyang/franka_ros2_endowrist_ws/src/custom_msgs/install/custom_msgs/share/custom_msgs/hook/cmake_prefix_path.ps1'
[6.402s] INFO:colcon.colcon_core.shell:Creating environment descriptor '/home/ziyang/franka_ros2_endowrist_ws/src/custom_msgs/install/custom_msgs/share/custom_msgs/hook/cmake_prefix_path.dsv'
[6.402s] INFO:colcon.colcon_core.shell:Creating environment hook '/home/ziyang/franka_ros2_endowrist_ws/src/custom_msgs/install/custom_msgs/share/custom_msgs/hook/cmake_prefix_path.sh'
[6.403s] Level 1:colcon.colcon_core.environment:checking '/home/ziyang/franka_ros2_endowrist_ws/src/custom_msgs/install/custom_msgs/lib'
[6.403s] Level 1:colcon.colcon_core.shell:create_environment_hook('custom_msgs', 'ld_library_path_lib')
[6.403s] INFO:colcon.colcon_core.shell:Creating environment hook '/home/ziyang/franka_ros2_endowrist_ws/src/custom_msgs/install/custom_msgs/share/custom_msgs/hook/ld_library_path_lib.ps1'
[6.403s] INFO:colcon.colcon_core.shell:Creating environment descriptor '/home/ziyang/franka_ros2_endowrist_ws/src/custom_msgs/install/custom_msgs/share/custom_msgs/hook/ld_library_path_lib.dsv'
[6.403s] INFO:colcon.colcon_core.shell:Creating environment hook '/home/ziyang/franka_ros2_endowrist_ws/src/custom_msgs/install/custom_msgs/share/custom_msgs/hook/ld_library_path_lib.sh'
[6.403s] Level 1:colcon.colcon_core.environment:checking '/home/ziyang/franka_ros2_endowrist_ws/src/custom_msgs/install/custom_msgs/bin'
[6.403s] Level 1:colcon.colcon_core.environment:checking '/home/ziyang/franka_ros2_endowrist_ws/src/custom_msgs/install/custom_msgs/lib/pkgconfig/custom_msgs.pc'
[6.403s] Level 1:colcon.colcon_core.environment:checking '/home/ziyang/franka_ros2_endowrist_ws/src/custom_msgs/install/custom_msgs/lib/python3.10/site-packages'
[6.403s] Level 1:colcon.colcon_core.environment:checking '/home/ziyang/franka_ros2_endowrist_ws/src/custom_msgs/install/custom_msgs/bin'
[6.403s] INFO:colcon.colcon_core.shell:Creating package script '/home/ziyang/franka_ros2_endowrist_ws/src/custom_msgs/install/custom_msgs/share/custom_msgs/package.ps1'
[6.404s] INFO:colcon.colcon_core.shell:Creating package descriptor '/home/ziyang/franka_ros2_endowrist_ws/src/custom_msgs/install/custom_msgs/share/custom_msgs/package.dsv'
[6.404s] INFO:colcon.colcon_core.shell:Creating package script '/home/ziyang/franka_ros2_endowrist_ws/src/custom_msgs/install/custom_msgs/share/custom_msgs/package.sh'
[6.404s] INFO:colcon.colcon_core.shell:Creating package script '/home/ziyang/franka_ros2_endowrist_ws/src/custom_msgs/install/custom_msgs/share/custom_msgs/package.bash'
[6.404s] INFO:colcon.colcon_core.shell:Creating package script '/home/ziyang/franka_ros2_endowrist_ws/src/custom_msgs/install/custom_msgs/share/custom_msgs/package.zsh'
[6.404s] Level 1:colcon.colcon_core.environment:create_file_with_runtime_dependencies(/home/ziyang/franka_ros2_endowrist_ws/src/custom_msgs/install/custom_msgs/share/colcon-core/packages/custom_msgs)
[6.404s] DEBUG:colcon.colcon_parallel_executor.executor.parallel:closing loop
[6.404s] DEBUG:colcon.colcon_parallel_executor.executor.parallel:loop closed
[6.404s] DEBUG:colcon.colcon_parallel_executor.executor.parallel:run_until_complete finished with '0'
[6.404s] DEBUG:colcon.colcon_core.event_reactor:joining thread
[6.408s] INFO:colcon.colcon_core.plugin_system:Skipping extension 'colcon_notification.desktop_notification.terminal_notifier': Not used on non-Darwin systems
[6.408s] INFO:colcon.colcon_core.plugin_system:Skipping extension 'colcon_notification.desktop_notification.win32': Not used on non-Windows systems
[6.408s] INFO:colcon.colcon_notification.desktop_notification:Sending desktop notification using 'notify2'
[6.418s] DEBUG:colcon.colcon_core.event_reactor:joined thread
[6.418s] INFO:colcon.colcon_core.shell:Creating prefix script '/home/ziyang/franka_ros2_endowrist_ws/src/custom_msgs/install/local_setup.ps1'
[6.419s] INFO:colcon.colcon_core.shell:Creating prefix util module '/home/ziyang/franka_ros2_endowrist_ws/src/custom_msgs/install/_local_setup_util_ps1.py'
[6.420s] INFO:colcon.colcon_core.shell:Creating prefix chain script '/home/ziyang/franka_ros2_endowrist_ws/src/custom_msgs/install/setup.ps1'
[6.421s] INFO:colcon.colcon_core.shell:Creating prefix script '/home/ziyang/franka_ros2_endowrist_ws/src/custom_msgs/install/local_setup.sh'
[6.422s] INFO:colcon.colcon_core.shell:Creating prefix util module '/home/ziyang/franka_ros2_endowrist_ws/src/custom_msgs/install/_local_setup_util_sh.py'
[6.422s] INFO:colcon.colcon_core.shell:Creating prefix chain script '/home/ziyang/franka_ros2_endowrist_ws/src/custom_msgs/install/setup.sh'
[6.423s] INFO:colcon.colcon_core.shell:Creating prefix script '/home/ziyang/franka_ros2_endowrist_ws/src/custom_msgs/install/local_setup.bash'
[6.423s] INFO:colcon.colcon_core.shell:Creating prefix chain script '/home/ziyang/franka_ros2_endowrist_ws/src/custom_msgs/install/setup.bash'
[6.424s] INFO:colcon.colcon_core.shell:Creating prefix script '/home/ziyang/franka_ros2_endowrist_ws/src/custom_msgs/install/local_setup.zsh'
[6.425s] INFO:colcon.colcon_core.shell:Creating prefix chain script '/home/ziyang/franka_ros2_endowrist_ws/src/custom_msgs/install/setup.zsh'
