-- The C compiler identification is GNU 11.4.0
-- The CXX compiler identification is GNU 11.4.0
-- Detecting C compiler ABI info
-- Detecting C compiler ABI info - done
-- Check for working C compiler: /usr/bin/cc - skipped
-- Detecting C compile features
-- Detecting C compile features - done
-- Detecting CXX compiler ABI info
-- Detecting CXX compiler ABI info - done
-- Check for working CXX compiler: /usr/bin/c++ - skipped
-- Detecting CXX compile features
-- Detecting CXX compile features - done
-- Found ament_cmake: 1.3.11 (/opt/ros/humble/share/ament_cmake/cmake)
-- Found Python3: /usr/bin/python3 (found version "3.10.12") found components: Interpreter 
-- Configuring done
-- Generating done
-- Build files have been written to: /home/nuc_6g_life_3/franka_ros2_endowrist_ws/src/build/soem
[ 16%] [32mBuilding C object CMakeFiles/soem.dir/include/soem/soem/ethercatconfig.c.o[0m
[ 16%] [32mBuilding C object CMakeFiles/soem.dir/include/soem/soem/ethercatcoe.c.o[0m
[ 25%] [32mBuilding C object CMakeFiles/soem.dir/include/soem/soem/ethercatbase.c.o[0m
[ 33%] [32mBuilding C object CMakeFiles/soem.dir/include/soem/soem/ethercatdc.c.o[0m
[ 41%] [32mBuilding C object CMakeFiles/soem.dir/include_linux/soem/osal/osal.c.o[0m
[ 50%] [32mBuilding C object CMakeFiles/soem.dir/include_linux/soem/oshw/nicdrv.c.o[0m
[ 58%] [32mBuilding C object CMakeFiles/soem.dir/include/soem/soem/ethercatfoe.c.o[0m
[ 66%] [32mBuilding C object CMakeFiles/soem.dir/include/soem/soem/ethercatsoe.c.o[0m
[ 91%] [32mBuilding C object CMakeFiles/soem.dir/include_linux/soem/oshw/oshw.c.o[0m
[ 91%] [32mBuilding C object CMakeFiles/soem.dir/include/soem/soem/ethercatmain.c.o[0m
[ 91%] [32mBuilding C object CMakeFiles/soem.dir/include/soem/soem/ethercatprint.c.o[0m
[100%] [32m[1mLinking C shared library libsoem.so[0m
