[0.034s] Invoking command in '/home/nuc_6g_life_3/franka_ros2_endowrist_ws/src/build/motor_sender': CMAKE_PREFIX_PATH=${CMAKE_PREFIX_PATH}:/home/nuc_6g_life_3/franka_ros2_endowrist_ws/install/py_controllers:/opt/ros/humble /usr/bin/cmake /home/nuc_6g_life_3/franka_ros2_endowrist_ws/src/motor_sender -DCMAKE_INSTALL_PREFIX=/home/nuc_6g_life_3/franka_ros2_endowrist_ws/src/install/motor_sender
[0.158s] -- The C compiler identification is GNU 11.4.0
[0.247s] -- The CXX compiler identification is GNU 11.4.0
[0.260s] -- Detecting C compiler ABI info
[0.413s] -- Detecting C compiler ABI info - done
[0.420s] -- Check for working C compiler: /usr/bin/cc - skipped
[0.420s] -- Detecting C compile features
[0.421s] -- Detecting C compile features - done
[0.423s] -- Detecting CXX compiler ABI info
[0.573s] -- Detecting CXX compiler ABI info - done
[0.586s] -- Check for working CXX compiler: /usr/bin/c++ - skipped
[0.586s] -- Detecting CXX compile features
[0.587s] -- Detecting CXX compile features - done
[0.592s] -- Found ament_cmake: 1.3.11 (/opt/ros/humble/share/ament_cmake/cmake)
[0.803s] -- Found Python3: /usr/bin/python3 (found version "3.10.12") found components: Interpreter 
[0.929s] -- Found ament_lint_auto: 0.12.12 (/opt/ros/humble/share/ament_lint_auto/cmake)
[1.047s] -- Added test 'lint_cmake' to check CMake code style
[1.048s] -- Added test 'xmllint' to check XML markup files
[1.050s] -- Configuring done
[1.052s] -- Generating done
[1.053s] -- Build files have been written to: /home/nuc_6g_life_3/franka_ros2_endowrist_ws/src/build/motor_sender
[1.057s] Invoked command in '/home/nuc_6g_life_3/franka_ros2_endowrist_ws/src/build/motor_sender' returned '0': CMAKE_PREFIX_PATH=${CMAKE_PREFIX_PATH}:/home/nuc_6g_life_3/franka_ros2_endowrist_ws/install/py_controllers:/opt/ros/humble /usr/bin/cmake /home/nuc_6g_life_3/franka_ros2_endowrist_ws/src/motor_sender -DCMAKE_INSTALL_PREFIX=/home/nuc_6g_life_3/franka_ros2_endowrist_ws/src/install/motor_sender
[1.058s] Invoking command in '/home/nuc_6g_life_3/franka_ros2_endowrist_ws/src/build/motor_sender': CMAKE_PREFIX_PATH=${CMAKE_PREFIX_PATH}:/home/nuc_6g_life_3/franka_ros2_endowrist_ws/install/py_controllers:/opt/ros/humble /usr/bin/cmake --build /home/nuc_6g_life_3/franka_ros2_endowrist_ws/src/build/motor_sender -- -j16 -l16
[1.182s] Invoked command in '/home/nuc_6g_life_3/franka_ros2_endowrist_ws/src/build/motor_sender' returned '0': CMAKE_PREFIX_PATH=${CMAKE_PREFIX_PATH}:/home/nuc_6g_life_3/franka_ros2_endowrist_ws/install/py_controllers:/opt/ros/humble /usr/bin/cmake --build /home/nuc_6g_life_3/franka_ros2_endowrist_ws/src/build/motor_sender -- -j16 -l16
[1.241s] Invoking command in '/home/nuc_6g_life_3/franka_ros2_endowrist_ws/src/build/motor_sender': CMAKE_PREFIX_PATH=${CMAKE_PREFIX_PATH}:/home/nuc_6g_life_3/franka_ros2_endowrist_ws/install/py_controllers:/opt/ros/humble /usr/bin/cmake --install /home/nuc_6g_life_3/franka_ros2_endowrist_ws/src/build/motor_sender
[1.287s] -- Install configuration: ""
[1.287s] -- Installing: /home/nuc_6g_life_3/franka_ros2_endowrist_ws/src/install/motor_sender/share/ament_index/resource_index/package_run_dependencies/motor_sender
[1.287s] -- Installing: /home/nuc_6g_life_3/franka_ros2_endowrist_ws/src/install/motor_sender/share/ament_index/resource_index/parent_prefix_path/motor_sender
[1.287s] -- Installing: /home/nuc_6g_life_3/franka_ros2_endowrist_ws/src/install/motor_sender/share/motor_sender/environment/ament_prefix_path.sh
[1.288s] -- Installing: /home/nuc_6g_life_3/franka_ros2_endowrist_ws/src/install/motor_sender/share/motor_sender/environment/ament_prefix_path.dsv
[1.288s] -- Installing: /home/nuc_6g_life_3/franka_ros2_endowrist_ws/src/install/motor_sender/share/motor_sender/environment/path.sh
[1.288s] -- Installing: /home/nuc_6g_life_3/franka_ros2_endowrist_ws/src/install/motor_sender/share/motor_sender/environment/path.dsv
[1.288s] -- Installing: /home/nuc_6g_life_3/franka_ros2_endowrist_ws/src/install/motor_sender/share/motor_sender/local_setup.bash
[1.288s] -- Installing: /home/nuc_6g_life_3/franka_ros2_endowrist_ws/src/install/motor_sender/share/motor_sender/local_setup.sh
[1.288s] -- Installing: /home/nuc_6g_life_3/franka_ros2_endowrist_ws/src/install/motor_sender/share/motor_sender/local_setup.zsh
[1.288s] -- Installing: /home/nuc_6g_life_3/franka_ros2_endowrist_ws/src/install/motor_sender/share/motor_sender/local_setup.dsv
[1.289s] -- Installing: /home/nuc_6g_life_3/franka_ros2_endowrist_ws/src/install/motor_sender/share/motor_sender/package.dsv
[1.289s] -- Installing: /home/nuc_6g_life_3/franka_ros2_endowrist_ws/src/install/motor_sender/share/ament_index/resource_index/packages/motor_sender
[1.289s] -- Installing: /home/nuc_6g_life_3/franka_ros2_endowrist_ws/src/install/motor_sender/share/motor_sender/cmake/motor_senderConfig.cmake
[1.289s] -- Installing: /home/nuc_6g_life_3/franka_ros2_endowrist_ws/src/install/motor_sender/share/motor_sender/cmake/motor_senderConfig-version.cmake
[1.289s] -- Installing: /home/nuc_6g_life_3/franka_ros2_endowrist_ws/src/install/motor_sender/share/motor_sender/package.xml
[1.294s] Invoked command in '/home/nuc_6g_life_3/franka_ros2_endowrist_ws/src/build/motor_sender' returned '0': CMAKE_PREFIX_PATH=${CMAKE_PREFIX_PATH}:/home/nuc_6g_life_3/franka_ros2_endowrist_ws/install/py_controllers:/opt/ros/humble /usr/bin/cmake --install /home/nuc_6g_life_3/franka_ros2_endowrist_ws/src/build/motor_sender
