-- The C compiler identification is GNU 11.4.0
-- The CXX compiler identification is GNU 11.4.0
-- Detecting C compiler ABI info
-- Detecting C compiler ABI info - done
-- Check for working C compiler: /usr/bin/cc - skipped
-- Detecting C compile features
-- Detecting C compile features - done
-- Detecting CXX compiler ABI info
-- Detecting CXX compiler ABI info - done
-- Check for working CXX compiler: /usr/bin/c++ - skipped
-- Detecting CXX compile features
-- Detecting CXX compile features - done
-- Found ament_cmake: 1.3.12 (/opt/ros/humble/share/ament_cmake/cmake)
-- Found Python3: /usr/bin/python3 (found version "3.10.12") found components: Interpreter 
-- Found rclcpp: 16.0.14 (/opt/ros/humble/share/rclcpp/cmake)
-- Found rosidl_generator_c: 3.1.7 (/opt/ros/humble/share/rosidl_generator_c/cmake)
-- Found rosidl_adapter: 3.1.7 (/opt/ros/humble/share/rosidl_adapter/cmake)
-- Found rosidl_generator_cpp: 3.1.7 (/opt/ros/humble/share/rosidl_generator_cpp/cmake)
-- Using all available rosidl_typesupport_c: rosidl_typesupport_fastrtps_c;rosidl_typesupport_introspection_c
-- Using all available rosidl_typesupport_cpp: rosidl_typesupport_fastrtps_cpp;rosidl_typesupport_introspection_cpp
-- Found rmw_implementation_cmake: 6.1.2 (/opt/ros/humble/share/rmw_implementation_cmake/cmake)
-- Found rmw_fastrtps_cpp: 6.2.8 (/opt/ros/humble/share/rmw_fastrtps_cpp/cmake)
-- Found OpenSSL: /usr/lib/x86_64-linux-gnu/libcrypto.so (found version "3.0.2")  
-- Found FastRTPS: /opt/ros/humble/include  
-- Using RMW implementation 'rmw_fastrtps_cpp' as default
-- Looking for pthread.h
-- Looking for pthread.h - found
-- Performing Test CMAKE_HAVE_LIBC_PTHREAD
-- Performing Test CMAKE_HAVE_LIBC_PTHREAD - Success
-- Found Threads: TRUE  
-- Found geometry_msgs: 4.9.0 (/opt/ros/humble/share/geometry_msgs/cmake)
-- Found rosidl_default_generators: 1.2.0 (/opt/ros/humble/share/rosidl_default_generators/cmake)
-- Found ament_cmake_ros: 0.10.0 (/opt/ros/humble/share/ament_cmake_ros/cmake)
-- Using all available rosidl_typesupport_c: rosidl_typesupport_fastrtps_c;rosidl_typesupport_introspection_c
-- Using all available rosidl_typesupport_cpp: rosidl_typesupport_fastrtps_cpp;rosidl_typesupport_introspection_cpp
-- Found PythonInterp: /usr/bin/python3 (found suitable version "3.10.12", minimum required is "3.6") 
-- Found python_cmake_module: 0.10.0 (/opt/ros/humble/share/python_cmake_module/cmake)
-- Found PythonLibs: /usr/lib/x86_64-linux-gnu/libpython3.10.so (found suitable version "3.10.12", minimum required is "3.5") 
-- Using PYTHON_EXECUTABLE: /usr/bin/python3
-- Using PYTHON_INCLUDE_DIRS: /usr/include/python3.10
-- Using PYTHON_LIBRARIES: /usr/lib/x86_64-linux-gnu/libpython3.10.so
-- Found PythonExtra: .so  
-- Configuring done
-- Generating done
-- Build files have been written to: /home/ziyang/franka_ros2_endowrist_ws/src/custom_msgs/build/custom_msgs
[  1%] [34m[1mGenerating C code for ROS interfaces[0m
[  2%] [34m[1mGenerating C++ code for ROS interfaces[0m
[  2%] Built target ament_cmake_python_copy_custom_msgs
running egg_info
creating custom_msgs.egg-info
writing custom_msgs.egg-info/PKG-INFO
writing dependency_links to custom_msgs.egg-info/dependency_links.txt
writing top-level names to custom_msgs.egg-info/top_level.txt
writing manifest file 'custom_msgs.egg-info/SOURCES.txt'
reading manifest file 'custom_msgs.egg-info/SOURCES.txt'
writing manifest file 'custom_msgs.egg-info/SOURCES.txt'
[  2%] Built target ament_cmake_python_build_custom_msgs_egg
[  2%] Built target custom_msgs__cpp
[  3%] [32mBuilding C object CMakeFiles/custom_msgs__rosidl_generator_c.dir/rosidl_generator_c/custom_msgs/msg/detail/motor_command__functions.c.o[0m
[  4%] [32mBuilding C object CMakeFiles/custom_msgs__rosidl_generator_c.dir/rosidl_generator_c/custom_msgs/msg/detail/motor_measurement__functions.c.o[0m
[  5%] [32mBuilding C object CMakeFiles/custom_msgs__rosidl_generator_c.dir/rosidl_generator_c/custom_msgs/msg/detail/lambda_command__functions.c.o[0m
[  8%] [32mBuilding C object CMakeFiles/custom_msgs__rosidl_generator_c.dir/rosidl_generator_c/custom_msgs/msg/detail/task_space_command__functions.c.o[0m
[  8%] [32mBuilding C object CMakeFiles/custom_msgs__rosidl_generator_c.dir/rosidl_generator_c/custom_msgs/srv/detail/joint_position_adjust__functions.c.o[0m
[  9%] [32mBuilding C object CMakeFiles/custom_msgs__rosidl_generator_c.dir/rosidl_generator_c/custom_msgs/msg/detail/state_parameter__functions.c.o[0m
[ 10%] [32mBuilding C object CMakeFiles/custom_msgs__rosidl_generator_c.dir/rosidl_generator_c/custom_msgs/msg/detail/custom_var__functions.c.o[0m
[ 11%] [32mBuilding C object CMakeFiles/custom_msgs__rosidl_generator_c.dir/rosidl_generator_c/custom_msgs/msg/detail/effort_command__functions.c.o[0m
[ 12%] [34m[1mGenerating C++ introspection for ROS interfaces[0m
[ 13%] [34m[1mGenerating C++ type support dispatch for ROS interfaces[0m
[ 14%] [34m[1mGenerating C++ type support for eProsima Fast-RTPS[0m
[ 16%] [32m[1mLinking C shared library libcustom_msgs__rosidl_generator_c.so[0m
[ 16%] Built target custom_msgs__rosidl_generator_c
[ 17%] [34m[1mGenerating C introspection for ROS interfaces[0m
[ 18%] [34m[1mGenerating C type support for eProsima Fast-RTPS[0m
[ 19%] [34m[1mGenerating C type support dispatch for ROS interfaces[0m
[ 20%] [32mBuilding CXX object CMakeFiles/custom_msgs__rosidl_typesupport_cpp.dir/rosidl_typesupport_cpp/custom_msgs/srv/joint_position_adjust__type_support.cpp.o[0m
[ 21%] [32mBuilding CXX object CMakeFiles/custom_msgs__rosidl_typesupport_cpp.dir/rosidl_typesupport_cpp/custom_msgs/msg/motor_measurement__type_support.cpp.o[0m
[ 22%] [32mBuilding CXX object CMakeFiles/custom_msgs__rosidl_typesupport_cpp.dir/rosidl_typesupport_cpp/custom_msgs/msg/lambda_command__type_support.cpp.o[0m
[ 24%] [32mBuilding CXX object CMakeFiles/custom_msgs__rosidl_typesupport_cpp.dir/rosidl_typesupport_cpp/custom_msgs/msg/motor_command__type_support.cpp.o[0m
[ 25%] [32mBuilding CXX object CMakeFiles/custom_msgs__rosidl_typesupport_cpp.dir/rosidl_typesupport_cpp/custom_msgs/msg/custom_var__type_support.cpp.o[0m
[ 26%] [32mBuilding CXX object CMakeFiles/custom_msgs__rosidl_typesupport_cpp.dir/rosidl_typesupport_cpp/custom_msgs/msg/state_parameter__type_support.cpp.o[0m
[ 27%] [32mBuilding CXX object CMakeFiles/custom_msgs__rosidl_typesupport_cpp.dir/rosidl_typesupport_cpp/custom_msgs/msg/effort_command__type_support.cpp.o[0m
[ 28%] [32mBuilding CXX object CMakeFiles/custom_msgs__rosidl_typesupport_cpp.dir/rosidl_typesupport_cpp/custom_msgs/msg/task_space_command__type_support.cpp.o[0m
[ 29%] [32mBuilding CXX object CMakeFiles/custom_msgs__rosidl_typesupport_introspection_cpp.dir/rosidl_typesupport_introspection_cpp/custom_msgs/msg/detail/motor_command__type_support.cpp.o[0m
[ 31%] [32mBuilding CXX object CMakeFiles/custom_msgs__rosidl_typesupport_introspection_cpp.dir/rosidl_typesupport_introspection_cpp/custom_msgs/msg/detail/state_parameter__type_support.cpp.o[0m
[ 32%] [32mBuilding CXX object CMakeFiles/custom_msgs__rosidl_typesupport_introspection_cpp.dir/rosidl_typesupport_introspection_cpp/custom_msgs/msg/detail/motor_measurement__type_support.cpp.o[0m
[ 33%] [32mBuilding CXX object CMakeFiles/custom_msgs__rosidl_typesupport_introspection_cpp.dir/rosidl_typesupport_introspection_cpp/custom_msgs/msg/detail/custom_var__type_support.cpp.o[0m
[ 34%] [32mBuilding CXX object CMakeFiles/custom_msgs__rosidl_typesupport_introspection_cpp.dir/rosidl_typesupport_introspection_cpp/custom_msgs/srv/detail/joint_position_adjust__type_support.cpp.o[0m
[ 35%] [32mBuilding CXX object CMakeFiles/custom_msgs__rosidl_typesupport_introspection_cpp.dir/rosidl_typesupport_introspection_cpp/custom_msgs/msg/detail/effort_command__type_support.cpp.o[0m
[ 36%] [32mBuilding CXX object CMakeFiles/custom_msgs__rosidl_typesupport_fastrtps_cpp.dir/rosidl_typesupport_fastrtps_cpp/custom_msgs/msg/detail/dds_fastrtps/motor_command__type_support.cpp.o[0m
[ 37%] [32mBuilding CXX object CMakeFiles/custom_msgs__rosidl_typesupport_introspection_cpp.dir/rosidl_typesupport_introspection_cpp/custom_msgs/msg/detail/lambda_command__type_support.cpp.o[0m
[ 39%] [32mBuilding CXX object CMakeFiles/custom_msgs__rosidl_typesupport_introspection_cpp.dir/rosidl_typesupport_introspection_cpp/custom_msgs/msg/detail/task_space_command__type_support.cpp.o[0m
[ 40%] [32mBuilding CXX object CMakeFiles/custom_msgs__rosidl_typesupport_fastrtps_cpp.dir/rosidl_typesupport_fastrtps_cpp/custom_msgs/msg/detail/dds_fastrtps/lambda_command__type_support.cpp.o[0m
[ 41%] [32mBuilding CXX object CMakeFiles/custom_msgs__rosidl_typesupport_fastrtps_cpp.dir/rosidl_typesupport_fastrtps_cpp/custom_msgs/msg/detail/dds_fastrtps/motor_measurement__type_support.cpp.o[0m
[ 42%] [32mBuilding CXX object CMakeFiles/custom_msgs__rosidl_typesupport_fastrtps_cpp.dir/rosidl_typesupport_fastrtps_cpp/custom_msgs/msg/detail/dds_fastrtps/custom_var__type_support.cpp.o[0m
[ 43%] [32mBuilding CXX object CMakeFiles/custom_msgs__rosidl_typesupport_fastrtps_cpp.dir/rosidl_typesupport_fastrtps_cpp/custom_msgs/msg/detail/dds_fastrtps/task_space_command__type_support.cpp.o[0m
[ 44%] [32mBuilding CXX object CMakeFiles/custom_msgs__rosidl_typesupport_c.dir/rosidl_typesupport_c/custom_msgs/msg/motor_command__type_support.cpp.o[0m
[ 45%] [32mBuilding CXX object CMakeFiles/custom_msgs__rosidl_typesupport_fastrtps_cpp.dir/rosidl_typesupport_fastrtps_cpp/custom_msgs/msg/detail/dds_fastrtps/effort_command__type_support.cpp.o[0m
[ 47%] [32mBuilding CXX object CMakeFiles/custom_msgs__rosidl_typesupport_fastrtps_cpp.dir/rosidl_typesupport_fastrtps_cpp/custom_msgs/srv/detail/dds_fastrtps/joint_position_adjust__type_support.cpp.o[0m
[ 48%] [32mBuilding CXX object CMakeFiles/custom_msgs__rosidl_typesupport_fastrtps_cpp.dir/rosidl_typesupport_fastrtps_cpp/custom_msgs/msg/detail/dds_fastrtps/state_parameter__type_support.cpp.o[0m
[ 49%] [32mBuilding CXX object CMakeFiles/custom_msgs__rosidl_typesupport_c.dir/rosidl_typesupport_c/custom_msgs/msg/motor_measurement__type_support.cpp.o[0m
[ 50%] [32mBuilding CXX object CMakeFiles/custom_msgs__rosidl_typesupport_c.dir/rosidl_typesupport_c/custom_msgs/msg/lambda_command__type_support.cpp.o[0m
[ 51%] [32mBuilding CXX object CMakeFiles/custom_msgs__rosidl_typesupport_c.dir/rosidl_typesupport_c/custom_msgs/msg/custom_var__type_support.cpp.o[0m
[ 52%] [32mBuilding CXX object CMakeFiles/custom_msgs__rosidl_typesupport_c.dir/rosidl_typesupport_c/custom_msgs/msg/effort_command__type_support.cpp.o[0m
[ 54%] [32mBuilding CXX object CMakeFiles/custom_msgs__rosidl_typesupport_c.dir/rosidl_typesupport_c/custom_msgs/msg/state_parameter__type_support.cpp.o[0m
[ 55%] [32mBuilding CXX object CMakeFiles/custom_msgs__rosidl_typesupport_c.dir/rosidl_typesupport_c/custom_msgs/msg/task_space_command__type_support.cpp.o[0m
[ 56%] [32m[1mLinking CXX shared library libcustom_msgs__rosidl_typesupport_cpp.so[0m
[ 57%] [32mBuilding CXX object CMakeFiles/custom_msgs__rosidl_typesupport_c.dir/rosidl_typesupport_c/custom_msgs/srv/joint_position_adjust__type_support.cpp.o[0m
[ 58%] [32mBuilding C object CMakeFiles/custom_msgs__rosidl_typesupport_introspection_c.dir/rosidl_typesupport_introspection_c/custom_msgs/msg/detail/lambda_command__type_support.c.o[0m
[ 59%] [32mBuilding C object CMakeFiles/custom_msgs__rosidl_typesupport_introspection_c.dir/rosidl_typesupport_introspection_c/custom_msgs/msg/detail/motor_command__type_support.c.o[0m
[ 60%] [32mBuilding C object CMakeFiles/custom_msgs__rosidl_typesupport_introspection_c.dir/rosidl_typesupport_introspection_c/custom_msgs/msg/detail/motor_measurement__type_support.c.o[0m
[ 62%] [32mBuilding C object CMakeFiles/custom_msgs__rosidl_typesupport_introspection_c.dir/rosidl_typesupport_introspection_c/custom_msgs/msg/detail/custom_var__type_support.c.o[0m
[ 63%] [32mBuilding C object CMakeFiles/custom_msgs__rosidl_typesupport_introspection_c.dir/rosidl_typesupport_introspection_c/custom_msgs/msg/detail/state_parameter__type_support.c.o[0m
[ 64%] [32mBuilding C object CMakeFiles/custom_msgs__rosidl_typesupport_introspection_c.dir/rosidl_typesupport_introspection_c/custom_msgs/msg/detail/task_space_command__type_support.c.o[0m
[ 65%] [32mBuilding C object CMakeFiles/custom_msgs__rosidl_typesupport_introspection_c.dir/rosidl_typesupport_introspection_c/custom_msgs/msg/detail/effort_command__type_support.c.o[0m
[ 66%] [32mBuilding C object CMakeFiles/custom_msgs__rosidl_typesupport_introspection_c.dir/rosidl_typesupport_introspection_c/custom_msgs/srv/detail/joint_position_adjust__type_support.c.o[0m
[ 67%] [32mBuilding CXX object CMakeFiles/custom_msgs__rosidl_typesupport_fastrtps_c.dir/rosidl_typesupport_fastrtps_c/custom_msgs/msg/detail/effort_command__type_support_c.cpp.o[0m
[ 68%] [32mBuilding CXX object CMakeFiles/custom_msgs__rosidl_typesupport_fastrtps_c.dir/rosidl_typesupport_fastrtps_c/custom_msgs/msg/detail/lambda_command__type_support_c.cpp.o[0m
[ 70%] [32mBuilding CXX object CMakeFiles/custom_msgs__rosidl_typesupport_fastrtps_c.dir/rosidl_typesupport_fastrtps_c/custom_msgs/msg/detail/motor_measurement__type_support_c.cpp.o[0m
[ 71%] [32mBuilding CXX object CMakeFiles/custom_msgs__rosidl_typesupport_fastrtps_c.dir/rosidl_typesupport_fastrtps_c/custom_msgs/msg/detail/custom_var__type_support_c.cpp.o[0m
[ 73%] [32mBuilding CXX object CMakeFiles/custom_msgs__rosidl_typesupport_fastrtps_c.dir/rosidl_typesupport_fastrtps_c/custom_msgs/msg/detail/state_parameter__type_support_c.cpp.o[0m
[ 73%] [32mBuilding CXX object CMakeFiles/custom_msgs__rosidl_typesupport_fastrtps_c.dir/rosidl_typesupport_fastrtps_c/custom_msgs/msg/detail/motor_command__type_support_c.cpp.o[0m
[ 74%] [32m[1mLinking CXX shared library libcustom_msgs__rosidl_typesupport_c.so[0m
[ 75%] [32mBuilding CXX object CMakeFiles/custom_msgs__rosidl_typesupport_fastrtps_c.dir/rosidl_typesupport_fastrtps_c/custom_msgs/srv/detail/joint_position_adjust__type_support_c.cpp.o[0m
[ 77%] [32mBuilding CXX object CMakeFiles/custom_msgs__rosidl_typesupport_fastrtps_c.dir/rosidl_typesupport_fastrtps_c/custom_msgs/msg/detail/task_space_command__type_support_c.cpp.o[0m
[ 77%] Built target custom_msgs__rosidl_typesupport_cpp
[ 78%] [32m[1mLinking C shared library libcustom_msgs__rosidl_typesupport_introspection_c.so[0m
[ 78%] Built target custom_msgs__rosidl_typesupport_c
[ 78%] Built target custom_msgs__rosidl_typesupport_introspection_c
[ 79%] [32m[1mLinking CXX shared library libcustom_msgs__rosidl_typesupport_introspection_cpp.so[0m
[ 79%] Built target custom_msgs__rosidl_typesupport_introspection_cpp
[ 80%] [32m[1mLinking CXX shared library libcustom_msgs__rosidl_typesupport_fastrtps_cpp.so[0m
[ 81%] [32m[1mLinking CXX shared library libcustom_msgs__rosidl_typesupport_fastrtps_c.so[0m
[ 81%] Built target custom_msgs__rosidl_typesupport_fastrtps_cpp
[ 81%] Built target custom_msgs__rosidl_typesupport_fastrtps_c
[ 81%] Built target custom_msgs
[ 82%] [34m[1mGenerating Python code for ROS interfaces[0m
[ 82%] Built target custom_msgs__py
[ 83%] [32mBuilding C object CMakeFiles/custom_msgs__rosidl_generator_py.dir/rosidl_generator_py/custom_msgs/msg/_motor_command_s.c.o[0m
[ 85%] [32mBuilding C object CMakeFiles/custom_msgs__rosidl_generator_py.dir/rosidl_generator_py/custom_msgs/msg/_motor_measurement_s.c.o[0m
[ 86%] [32mBuilding C object CMakeFiles/custom_msgs__rosidl_generator_py.dir/rosidl_generator_py/custom_msgs/msg/_custom_var_s.c.o[0m
[ 87%] [32mBuilding C object CMakeFiles/custom_msgs__rosidl_generator_py.dir/rosidl_generator_py/custom_msgs/msg/_lambda_command_s.c.o[0m
[ 88%] [32mBuilding C object CMakeFiles/custom_msgs__rosidl_generator_py.dir/rosidl_generator_py/custom_msgs/msg/_task_space_command_s.c.o[0m
[ 89%] [32mBuilding C object CMakeFiles/custom_msgs__rosidl_generator_py.dir/rosidl_generator_py/custom_msgs/srv/_joint_position_adjust_s.c.o[0m
[ 90%] [32mBuilding C object CMakeFiles/custom_msgs__rosidl_generator_py.dir/rosidl_generator_py/custom_msgs/msg/_state_parameter_s.c.o[0m
[ 91%] [32mBuilding C object CMakeFiles/custom_msgs__rosidl_generator_py.dir/rosidl_generator_py/custom_msgs/msg/_effort_command_s.c.o[0m
[ 93%] [32m[1mLinking C shared library rosidl_generator_py/custom_msgs/libcustom_msgs__rosidl_generator_py.so[0m
[ 93%] Built target custom_msgs__rosidl_generator_py
[ 94%] [32mBuilding C object CMakeFiles/custom_msgs__rosidl_typesupport_introspection_c__pyext.dir/rosidl_generator_py/custom_msgs/_custom_msgs_s.ep.rosidl_typesupport_introspection_c.c.o[0m
[ 95%] [32mBuilding C object CMakeFiles/custom_msgs__rosidl_typesupport_c__pyext.dir/rosidl_generator_py/custom_msgs/_custom_msgs_s.ep.rosidl_typesupport_c.c.o[0m
[ 96%] [32mBuilding C object CMakeFiles/custom_msgs__rosidl_typesupport_fastrtps_c__pyext.dir/rosidl_generator_py/custom_msgs/_custom_msgs_s.ep.rosidl_typesupport_fastrtps_c.c.o[0m
[ 97%] [32m[1mLinking C shared library rosidl_generator_py/custom_msgs/custom_msgs_s__rosidl_typesupport_fastrtps_c.cpython-310-x86_64-linux-gnu.so[0m
[ 98%] [32m[1mLinking C shared library rosidl_generator_py/custom_msgs/custom_msgs_s__rosidl_typesupport_introspection_c.cpython-310-x86_64-linux-gnu.so[0m
[100%] [32m[1mLinking C shared library rosidl_generator_py/custom_msgs/custom_msgs_s__rosidl_typesupport_c.cpython-310-x86_64-linux-gnu.so[0m
[100%] Built target custom_msgs__rosidl_typesupport_fastrtps_c__pyext
[100%] Built target custom_msgs__rosidl_typesupport_c__pyext
[100%] Built target custom_msgs__rosidl_typesupport_introspection_c__pyext
-- Install configuration: ""
-- Installing: /home/ziyang/franka_ros2_endowrist_ws/src/custom_msgs/install/custom_msgs/share/ament_index/resource_index/rosidl_interfaces/custom_msgs
-- Installing: /home/ziyang/franka_ros2_endowrist_ws/src/custom_msgs/install/custom_msgs/include/custom_msgs/custom_msgs
-- Installing: /home/ziyang/franka_ros2_endowrist_ws/src/custom_msgs/install/custom_msgs/include/custom_msgs/custom_msgs/msg
-- Installing: /home/ziyang/franka_ros2_endowrist_ws/src/custom_msgs/install/custom_msgs/include/custom_msgs/custom_msgs/msg/lambda_command.h
-- Installing: /home/ziyang/franka_ros2_endowrist_ws/src/custom_msgs/install/custom_msgs/include/custom_msgs/custom_msgs/msg/motor_measurement.h
-- Installing: /home/ziyang/franka_ros2_endowrist_ws/src/custom_msgs/install/custom_msgs/include/custom_msgs/custom_msgs/msg/task_space_command.h
-- Installing: /home/ziyang/franka_ros2_endowrist_ws/src/custom_msgs/install/custom_msgs/include/custom_msgs/custom_msgs/msg/detail
-- Installing: /home/ziyang/franka_ros2_endowrist_ws/src/custom_msgs/install/custom_msgs/include/custom_msgs/custom_msgs/msg/detail/motor_command__type_support.h
-- Installing: /home/ziyang/franka_ros2_endowrist_ws/src/custom_msgs/install/custom_msgs/include/custom_msgs/custom_msgs/msg/detail/state_parameter__functions.c
-- Installing: /home/ziyang/franka_ros2_endowrist_ws/src/custom_msgs/install/custom_msgs/include/custom_msgs/custom_msgs/msg/detail/task_space_command__type_support.h
-- Installing: /home/ziyang/franka_ros2_endowrist_ws/src/custom_msgs/install/custom_msgs/include/custom_msgs/custom_msgs/msg/detail/effort_command__functions.h
-- Installing: /home/ziyang/franka_ros2_endowrist_ws/src/custom_msgs/install/custom_msgs/include/custom_msgs/custom_msgs/msg/detail/motor_command__struct.h
-- Installing: /home/ziyang/franka_ros2_endowrist_ws/src/custom_msgs/install/custom_msgs/include/custom_msgs/custom_msgs/msg/detail/effort_command__functions.c
-- Installing: /home/ziyang/franka_ros2_endowrist_ws/src/custom_msgs/install/custom_msgs/include/custom_msgs/custom_msgs/msg/detail/custom_var__functions.c
-- Installing: /home/ziyang/franka_ros2_endowrist_ws/src/custom_msgs/install/custom_msgs/include/custom_msgs/custom_msgs/msg/detail/motor_measurement__struct.h
-- Installing: /home/ziyang/franka_ros2_endowrist_ws/src/custom_msgs/install/custom_msgs/include/custom_msgs/custom_msgs/msg/detail/motor_measurement__functions.c
-- Installing: /home/ziyang/franka_ros2_endowrist_ws/src/custom_msgs/install/custom_msgs/include/custom_msgs/custom_msgs/msg/detail/custom_var__functions.h
-- Installing: /home/ziyang/franka_ros2_endowrist_ws/src/custom_msgs/install/custom_msgs/include/custom_msgs/custom_msgs/msg/detail/motor_command__functions.h
-- Installing: /home/ziyang/franka_ros2_endowrist_ws/src/custom_msgs/install/custom_msgs/include/custom_msgs/custom_msgs/msg/detail/task_space_command__struct.h
-- Installing: /home/ziyang/franka_ros2_endowrist_ws/src/custom_msgs/install/custom_msgs/include/custom_msgs/custom_msgs/msg/detail/motor_measurement__functions.h
-- Installing: /home/ziyang/franka_ros2_endowrist_ws/src/custom_msgs/install/custom_msgs/include/custom_msgs/custom_msgs/msg/detail/lambda_command__type_support.h
-- Installing: /home/ziyang/franka_ros2_endowrist_ws/src/custom_msgs/install/custom_msgs/include/custom_msgs/custom_msgs/msg/detail/motor_command__functions.c
-- Installing: /home/ziyang/franka_ros2_endowrist_ws/src/custom_msgs/install/custom_msgs/include/custom_msgs/custom_msgs/msg/detail/effort_command__struct.h
-- Installing: /home/ziyang/franka_ros2_endowrist_ws/src/custom_msgs/install/custom_msgs/include/custom_msgs/custom_msgs/msg/detail/custom_var__type_support.h
-- Installing: /home/ziyang/franka_ros2_endowrist_ws/src/custom_msgs/install/custom_msgs/include/custom_msgs/custom_msgs/msg/detail/state_parameter__type_support.h
-- Installing: /home/ziyang/franka_ros2_endowrist_ws/src/custom_msgs/install/custom_msgs/include/custom_msgs/custom_msgs/msg/detail/task_space_command__functions.h
-- Installing: /home/ziyang/franka_ros2_endowrist_ws/src/custom_msgs/install/custom_msgs/include/custom_msgs/custom_msgs/msg/detail/effort_command__type_support.h
-- Installing: /home/ziyang/franka_ros2_endowrist_ws/src/custom_msgs/install/custom_msgs/include/custom_msgs/custom_msgs/msg/detail/state_parameter__functions.h
-- Installing: /home/ziyang/franka_ros2_endowrist_ws/src/custom_msgs/install/custom_msgs/include/custom_msgs/custom_msgs/msg/detail/motor_measurement__type_support.h
-- Installing: /home/ziyang/franka_ros2_endowrist_ws/src/custom_msgs/install/custom_msgs/include/custom_msgs/custom_msgs/msg/detail/lambda_command__functions.h
-- Installing: /home/ziyang/franka_ros2_endowrist_ws/src/custom_msgs/install/custom_msgs/include/custom_msgs/custom_msgs/msg/detail/lambda_command__struct.h
-- Installing: /home/ziyang/franka_ros2_endowrist_ws/src/custom_msgs/install/custom_msgs/include/custom_msgs/custom_msgs/msg/detail/task_space_command__functions.c
-- Installing: /home/ziyang/franka_ros2_endowrist_ws/src/custom_msgs/install/custom_msgs/include/custom_msgs/custom_msgs/msg/detail/lambda_command__functions.c
-- Installing: /home/ziyang/franka_ros2_endowrist_ws/src/custom_msgs/install/custom_msgs/include/custom_msgs/custom_msgs/msg/detail/custom_var__struct.h
-- Installing: /home/ziyang/franka_ros2_endowrist_ws/src/custom_msgs/install/custom_msgs/include/custom_msgs/custom_msgs/msg/detail/state_parameter__struct.h
-- Installing: /home/ziyang/franka_ros2_endowrist_ws/src/custom_msgs/install/custom_msgs/include/custom_msgs/custom_msgs/msg/motor_command.h
-- Installing: /home/ziyang/franka_ros2_endowrist_ws/src/custom_msgs/install/custom_msgs/include/custom_msgs/custom_msgs/msg/rosidl_generator_c__visibility_control.h
-- Installing: /home/ziyang/franka_ros2_endowrist_ws/src/custom_msgs/install/custom_msgs/include/custom_msgs/custom_msgs/msg/effort_command.h
-- Installing: /home/ziyang/franka_ros2_endowrist_ws/src/custom_msgs/install/custom_msgs/include/custom_msgs/custom_msgs/msg/state_parameter.h
-- Installing: /home/ziyang/franka_ros2_endowrist_ws/src/custom_msgs/install/custom_msgs/include/custom_msgs/custom_msgs/msg/custom_var.h
-- Installing: /home/ziyang/franka_ros2_endowrist_ws/src/custom_msgs/install/custom_msgs/include/custom_msgs/custom_msgs/srv
-- Installing: /home/ziyang/franka_ros2_endowrist_ws/src/custom_msgs/install/custom_msgs/include/custom_msgs/custom_msgs/srv/joint_position_adjust.h
-- Installing: /home/ziyang/franka_ros2_endowrist_ws/src/custom_msgs/install/custom_msgs/include/custom_msgs/custom_msgs/srv/detail
-- Installing: /home/ziyang/franka_ros2_endowrist_ws/src/custom_msgs/install/custom_msgs/include/custom_msgs/custom_msgs/srv/detail/joint_position_adjust__functions.h
-- Installing: /home/ziyang/franka_ros2_endowrist_ws/src/custom_msgs/install/custom_msgs/include/custom_msgs/custom_msgs/srv/detail/joint_position_adjust__type_support.h
-- Installing: /home/ziyang/franka_ros2_endowrist_ws/src/custom_msgs/install/custom_msgs/include/custom_msgs/custom_msgs/srv/detail/joint_position_adjust__functions.c
-- Installing: /home/ziyang/franka_ros2_endowrist_ws/src/custom_msgs/install/custom_msgs/include/custom_msgs/custom_msgs/srv/detail/joint_position_adjust__struct.h
-- Installing: /home/ziyang/franka_ros2_endowrist_ws/src/custom_msgs/install/custom_msgs/share/custom_msgs/environment/library_path.sh
-- Installing: /home/ziyang/franka_ros2_endowrist_ws/src/custom_msgs/install/custom_msgs/share/custom_msgs/environment/library_path.dsv
-- Installing: /home/ziyang/franka_ros2_endowrist_ws/src/custom_msgs/install/custom_msgs/lib/libcustom_msgs__rosidl_generator_c.so
-- Set runtime path of "/home/ziyang/franka_ros2_endowrist_ws/src/custom_msgs/install/custom_msgs/lib/libcustom_msgs__rosidl_generator_c.so" to ""
-- Up-to-date: /home/ziyang/franka_ros2_endowrist_ws/src/custom_msgs/install/custom_msgs/include/custom_msgs/custom_msgs
-- Up-to-date: /home/ziyang/franka_ros2_endowrist_ws/src/custom_msgs/install/custom_msgs/include/custom_msgs/custom_msgs/msg
-- Up-to-date: /home/ziyang/franka_ros2_endowrist_ws/src/custom_msgs/install/custom_msgs/include/custom_msgs/custom_msgs/msg/detail
-- Installing: /home/ziyang/franka_ros2_endowrist_ws/src/custom_msgs/install/custom_msgs/include/custom_msgs/custom_msgs/msg/detail/state_parameter__rosidl_typesupport_fastrtps_c.h
-- Installing: /home/ziyang/franka_ros2_endowrist_ws/src/custom_msgs/install/custom_msgs/include/custom_msgs/custom_msgs/msg/detail/task_space_command__rosidl_typesupport_fastrtps_c.h
-- Installing: /home/ziyang/franka_ros2_endowrist_ws/src/custom_msgs/install/custom_msgs/include/custom_msgs/custom_msgs/msg/detail/motor_command__rosidl_typesupport_fastrtps_c.h
-- Installing: /home/ziyang/franka_ros2_endowrist_ws/src/custom_msgs/install/custom_msgs/include/custom_msgs/custom_msgs/msg/detail/lambda_command__rosidl_typesupport_fastrtps_c.h
-- Installing: /home/ziyang/franka_ros2_endowrist_ws/src/custom_msgs/install/custom_msgs/include/custom_msgs/custom_msgs/msg/detail/effort_command__rosidl_typesupport_fastrtps_c.h
-- Installing: /home/ziyang/franka_ros2_endowrist_ws/src/custom_msgs/install/custom_msgs/include/custom_msgs/custom_msgs/msg/detail/motor_measurement__rosidl_typesupport_fastrtps_c.h
-- Installing: /home/ziyang/franka_ros2_endowrist_ws/src/custom_msgs/install/custom_msgs/include/custom_msgs/custom_msgs/msg/detail/custom_var__rosidl_typesupport_fastrtps_c.h
-- Installing: /home/ziyang/franka_ros2_endowrist_ws/src/custom_msgs/install/custom_msgs/include/custom_msgs/custom_msgs/msg/rosidl_typesupport_fastrtps_c__visibility_control.h
-- Up-to-date: /home/ziyang/franka_ros2_endowrist_ws/src/custom_msgs/install/custom_msgs/include/custom_msgs/custom_msgs/srv
-- Up-to-date: /home/ziyang/franka_ros2_endowrist_ws/src/custom_msgs/install/custom_msgs/include/custom_msgs/custom_msgs/srv/detail
-- Installing: /home/ziyang/franka_ros2_endowrist_ws/src/custom_msgs/install/custom_msgs/include/custom_msgs/custom_msgs/srv/detail/joint_position_adjust__rosidl_typesupport_fastrtps_c.h
-- Installing: /home/ziyang/franka_ros2_endowrist_ws/src/custom_msgs/install/custom_msgs/lib/libcustom_msgs__rosidl_typesupport_fastrtps_c.so
-- Set runtime path of "/home/ziyang/franka_ros2_endowrist_ws/src/custom_msgs/install/custom_msgs/lib/libcustom_msgs__rosidl_typesupport_fastrtps_c.so" to ""
-- Up-to-date: /home/ziyang/franka_ros2_endowrist_ws/src/custom_msgs/install/custom_msgs/include/custom_msgs/custom_msgs
-- Up-to-date: /home/ziyang/franka_ros2_endowrist_ws/src/custom_msgs/install/custom_msgs/include/custom_msgs/custom_msgs/msg
-- Installing: /home/ziyang/franka_ros2_endowrist_ws/src/custom_msgs/install/custom_msgs/include/custom_msgs/custom_msgs/msg/motor_measurement.hpp
-- Installing: /home/ziyang/franka_ros2_endowrist_ws/src/custom_msgs/install/custom_msgs/include/custom_msgs/custom_msgs/msg/lambda_command.hpp
-- Installing: /home/ziyang/franka_ros2_endowrist_ws/src/custom_msgs/install/custom_msgs/include/custom_msgs/custom_msgs/msg/custom_var.hpp
-- Up-to-date: /home/ziyang/franka_ros2_endowrist_ws/src/custom_msgs/install/custom_msgs/include/custom_msgs/custom_msgs/msg/detail
-- Installing: /home/ziyang/franka_ros2_endowrist_ws/src/custom_msgs/install/custom_msgs/include/custom_msgs/custom_msgs/msg/detail/task_space_command__builder.hpp
-- Installing: /home/ziyang/franka_ros2_endowrist_ws/src/custom_msgs/install/custom_msgs/include/custom_msgs/custom_msgs/msg/detail/lambda_command__builder.hpp
-- Installing: /home/ziyang/franka_ros2_endowrist_ws/src/custom_msgs/install/custom_msgs/include/custom_msgs/custom_msgs/msg/detail/effort_command__type_support.hpp
-- Installing: /home/ziyang/franka_ros2_endowrist_ws/src/custom_msgs/install/custom_msgs/include/custom_msgs/custom_msgs/msg/detail/motor_measurement__traits.hpp
-- Installing: /home/ziyang/franka_ros2_endowrist_ws/src/custom_msgs/install/custom_msgs/include/custom_msgs/custom_msgs/msg/detail/state_parameter__builder.hpp
-- Installing: /home/ziyang/franka_ros2_endowrist_ws/src/custom_msgs/install/custom_msgs/include/custom_msgs/custom_msgs/msg/detail/effort_command__struct.hpp
-- Installing: /home/ziyang/franka_ros2_endowrist_ws/src/custom_msgs/install/custom_msgs/include/custom_msgs/custom_msgs/msg/detail/motor_command__traits.hpp
-- Installing: /home/ziyang/franka_ros2_endowrist_ws/src/custom_msgs/install/custom_msgs/include/custom_msgs/custom_msgs/msg/detail/task_space_command__traits.hpp
-- Installing: /home/ziyang/franka_ros2_endowrist_ws/src/custom_msgs/install/custom_msgs/include/custom_msgs/custom_msgs/msg/detail/custom_var__builder.hpp
-- Installing: /home/ziyang/franka_ros2_endowrist_ws/src/custom_msgs/install/custom_msgs/include/custom_msgs/custom_msgs/msg/detail/motor_measurement__builder.hpp
-- Installing: /home/ziyang/franka_ros2_endowrist_ws/src/custom_msgs/install/custom_msgs/include/custom_msgs/custom_msgs/msg/detail/task_space_command__struct.hpp
-- Installing: /home/ziyang/franka_ros2_endowrist_ws/src/custom_msgs/install/custom_msgs/include/custom_msgs/custom_msgs/msg/detail/state_parameter__struct.hpp
-- Installing: /home/ziyang/franka_ros2_endowrist_ws/src/custom_msgs/install/custom_msgs/include/custom_msgs/custom_msgs/msg/detail/motor_command__struct.hpp
-- Installing: /home/ziyang/franka_ros2_endowrist_ws/src/custom_msgs/install/custom_msgs/include/custom_msgs/custom_msgs/msg/detail/motor_measurement__type_support.hpp
-- Installing: /home/ziyang/franka_ros2_endowrist_ws/src/custom_msgs/install/custom_msgs/include/custom_msgs/custom_msgs/msg/detail/state_parameter__type_support.hpp
-- Installing: /home/ziyang/franka_ros2_endowrist_ws/src/custom_msgs/install/custom_msgs/include/custom_msgs/custom_msgs/msg/detail/motor_measurement__struct.hpp
-- Installing: /home/ziyang/franka_ros2_endowrist_ws/src/custom_msgs/install/custom_msgs/include/custom_msgs/custom_msgs/msg/detail/custom_var__traits.hpp
-- Installing: /home/ziyang/franka_ros2_endowrist_ws/src/custom_msgs/install/custom_msgs/include/custom_msgs/custom_msgs/msg/detail/effort_command__traits.hpp
-- Installing: /home/ziyang/franka_ros2_endowrist_ws/src/custom_msgs/install/custom_msgs/include/custom_msgs/custom_msgs/msg/detail/lambda_command__type_support.hpp
-- Installing: /home/ziyang/franka_ros2_endowrist_ws/src/custom_msgs/install/custom_msgs/include/custom_msgs/custom_msgs/msg/detail/custom_var__type_support.hpp
-- Installing: /home/ziyang/franka_ros2_endowrist_ws/src/custom_msgs/install/custom_msgs/include/custom_msgs/custom_msgs/msg/detail/custom_var__struct.hpp
-- Installing: /home/ziyang/franka_ros2_endowrist_ws/src/custom_msgs/install/custom_msgs/include/custom_msgs/custom_msgs/msg/detail/effort_command__builder.hpp
-- Installing: /home/ziyang/franka_ros2_endowrist_ws/src/custom_msgs/install/custom_msgs/include/custom_msgs/custom_msgs/msg/detail/motor_command__builder.hpp
-- Installing: /home/ziyang/franka_ros2_endowrist_ws/src/custom_msgs/install/custom_msgs/include/custom_msgs/custom_msgs/msg/detail/lambda_command__struct.hpp
-- Installing: /home/ziyang/franka_ros2_endowrist_ws/src/custom_msgs/install/custom_msgs/include/custom_msgs/custom_msgs/msg/detail/state_parameter__traits.hpp
-- Installing: /home/ziyang/franka_ros2_endowrist_ws/src/custom_msgs/install/custom_msgs/include/custom_msgs/custom_msgs/msg/detail/motor_command__type_support.hpp
-- Installing: /home/ziyang/franka_ros2_endowrist_ws/src/custom_msgs/install/custom_msgs/include/custom_msgs/custom_msgs/msg/detail/task_space_command__type_support.hpp
-- Installing: /home/ziyang/franka_ros2_endowrist_ws/src/custom_msgs/install/custom_msgs/include/custom_msgs/custom_msgs/msg/detail/lambda_command__traits.hpp
-- Installing: /home/ziyang/franka_ros2_endowrist_ws/src/custom_msgs/install/custom_msgs/include/custom_msgs/custom_msgs/msg/effort_command.hpp
-- Installing: /home/ziyang/franka_ros2_endowrist_ws/src/custom_msgs/install/custom_msgs/include/custom_msgs/custom_msgs/msg/task_space_command.hpp
-- Installing: /home/ziyang/franka_ros2_endowrist_ws/src/custom_msgs/install/custom_msgs/include/custom_msgs/custom_msgs/msg/motor_command.hpp
-- Installing: /home/ziyang/franka_ros2_endowrist_ws/src/custom_msgs/install/custom_msgs/include/custom_msgs/custom_msgs/msg/state_parameter.hpp
-- Installing: /home/ziyang/franka_ros2_endowrist_ws/src/custom_msgs/install/custom_msgs/include/custom_msgs/custom_msgs/msg/rosidl_generator_cpp__visibility_control.hpp
-- Up-to-date: /home/ziyang/franka_ros2_endowrist_ws/src/custom_msgs/install/custom_msgs/include/custom_msgs/custom_msgs/srv
-- Up-to-date: /home/ziyang/franka_ros2_endowrist_ws/src/custom_msgs/install/custom_msgs/include/custom_msgs/custom_msgs/srv/detail
-- Installing: /home/ziyang/franka_ros2_endowrist_ws/src/custom_msgs/install/custom_msgs/include/custom_msgs/custom_msgs/srv/detail/joint_position_adjust__builder.hpp
-- Installing: /home/ziyang/franka_ros2_endowrist_ws/src/custom_msgs/install/custom_msgs/include/custom_msgs/custom_msgs/srv/detail/joint_position_adjust__struct.hpp
-- Installing: /home/ziyang/franka_ros2_endowrist_ws/src/custom_msgs/install/custom_msgs/include/custom_msgs/custom_msgs/srv/detail/joint_position_adjust__type_support.hpp
-- Installing: /home/ziyang/franka_ros2_endowrist_ws/src/custom_msgs/install/custom_msgs/include/custom_msgs/custom_msgs/srv/detail/joint_position_adjust__traits.hpp
-- Installing: /home/ziyang/franka_ros2_endowrist_ws/src/custom_msgs/install/custom_msgs/include/custom_msgs/custom_msgs/srv/joint_position_adjust.hpp
-- Up-to-date: /home/ziyang/franka_ros2_endowrist_ws/src/custom_msgs/install/custom_msgs/include/custom_msgs/custom_msgs
-- Up-to-date: /home/ziyang/franka_ros2_endowrist_ws/src/custom_msgs/install/custom_msgs/include/custom_msgs/custom_msgs/msg
-- Installing: /home/ziyang/franka_ros2_endowrist_ws/src/custom_msgs/install/custom_msgs/include/custom_msgs/custom_msgs/msg/rosidl_typesupport_fastrtps_cpp__visibility_control.h
-- Up-to-date: /home/ziyang/franka_ros2_endowrist_ws/src/custom_msgs/install/custom_msgs/include/custom_msgs/custom_msgs/msg/detail
-- Installing: /home/ziyang/franka_ros2_endowrist_ws/src/custom_msgs/install/custom_msgs/include/custom_msgs/custom_msgs/msg/detail/motor_command__rosidl_typesupport_fastrtps_cpp.hpp
-- Installing: /home/ziyang/franka_ros2_endowrist_ws/src/custom_msgs/install/custom_msgs/include/custom_msgs/custom_msgs/msg/detail/custom_var__rosidl_typesupport_fastrtps_cpp.hpp
-- Installing: /home/ziyang/franka_ros2_endowrist_ws/src/custom_msgs/install/custom_msgs/include/custom_msgs/custom_msgs/msg/detail/lambda_command__rosidl_typesupport_fastrtps_cpp.hpp
-- Installing: /home/ziyang/franka_ros2_endowrist_ws/src/custom_msgs/install/custom_msgs/include/custom_msgs/custom_msgs/msg/detail/task_space_command__rosidl_typesupport_fastrtps_cpp.hpp
-- Installing: /home/ziyang/franka_ros2_endowrist_ws/src/custom_msgs/install/custom_msgs/include/custom_msgs/custom_msgs/msg/detail/state_parameter__rosidl_typesupport_fastrtps_cpp.hpp
-- Installing: /home/ziyang/franka_ros2_endowrist_ws/src/custom_msgs/install/custom_msgs/include/custom_msgs/custom_msgs/msg/detail/effort_command__rosidl_typesupport_fastrtps_cpp.hpp
-- Installing: /home/ziyang/franka_ros2_endowrist_ws/src/custom_msgs/install/custom_msgs/include/custom_msgs/custom_msgs/msg/detail/motor_measurement__rosidl_typesupport_fastrtps_cpp.hpp
-- Installing: /home/ziyang/franka_ros2_endowrist_ws/src/custom_msgs/install/custom_msgs/include/custom_msgs/custom_msgs/msg/detail/dds_fastrtps
-- Up-to-date: /home/ziyang/franka_ros2_endowrist_ws/src/custom_msgs/install/custom_msgs/include/custom_msgs/custom_msgs/srv
-- Up-to-date: /home/ziyang/franka_ros2_endowrist_ws/src/custom_msgs/install/custom_msgs/include/custom_msgs/custom_msgs/srv/detail
-- Installing: /home/ziyang/franka_ros2_endowrist_ws/src/custom_msgs/install/custom_msgs/include/custom_msgs/custom_msgs/srv/detail/joint_position_adjust__rosidl_typesupport_fastrtps_cpp.hpp
-- Installing: /home/ziyang/franka_ros2_endowrist_ws/src/custom_msgs/install/custom_msgs/include/custom_msgs/custom_msgs/srv/detail/dds_fastrtps
-- Installing: /home/ziyang/franka_ros2_endowrist_ws/src/custom_msgs/install/custom_msgs/lib/libcustom_msgs__rosidl_typesupport_fastrtps_cpp.so
-- Set runtime path of "/home/ziyang/franka_ros2_endowrist_ws/src/custom_msgs/install/custom_msgs/lib/libcustom_msgs__rosidl_typesupport_fastrtps_cpp.so" to ""
-- Up-to-date: /home/ziyang/franka_ros2_endowrist_ws/src/custom_msgs/install/custom_msgs/include/custom_msgs/custom_msgs
-- Up-to-date: /home/ziyang/franka_ros2_endowrist_ws/src/custom_msgs/install/custom_msgs/include/custom_msgs/custom_msgs/msg
-- Up-to-date: /home/ziyang/franka_ros2_endowrist_ws/src/custom_msgs/install/custom_msgs/include/custom_msgs/custom_msgs/msg/detail
-- Installing: /home/ziyang/franka_ros2_endowrist_ws/src/custom_msgs/install/custom_msgs/include/custom_msgs/custom_msgs/msg/detail/motor_measurement__type_support.c
-- Installing: /home/ziyang/franka_ros2_endowrist_ws/src/custom_msgs/install/custom_msgs/include/custom_msgs/custom_msgs/msg/detail/task_space_command__rosidl_typesupport_introspection_c.h
-- Installing: /home/ziyang/franka_ros2_endowrist_ws/src/custom_msgs/install/custom_msgs/include/custom_msgs/custom_msgs/msg/detail/lambda_command__rosidl_typesupport_introspection_c.h
-- Installing: /home/ziyang/franka_ros2_endowrist_ws/src/custom_msgs/install/custom_msgs/include/custom_msgs/custom_msgs/msg/detail/state_parameter__rosidl_typesupport_introspection_c.h
-- Installing: /home/ziyang/franka_ros2_endowrist_ws/src/custom_msgs/install/custom_msgs/include/custom_msgs/custom_msgs/msg/detail/lambda_command__type_support.c
-- Installing: /home/ziyang/franka_ros2_endowrist_ws/src/custom_msgs/install/custom_msgs/include/custom_msgs/custom_msgs/msg/detail/effort_command__type_support.c
-- Installing: /home/ziyang/franka_ros2_endowrist_ws/src/custom_msgs/install/custom_msgs/include/custom_msgs/custom_msgs/msg/detail/effort_command__rosidl_typesupport_introspection_c.h
-- Installing: /home/ziyang/franka_ros2_endowrist_ws/src/custom_msgs/install/custom_msgs/include/custom_msgs/custom_msgs/msg/detail/state_parameter__type_support.c
-- Installing: /home/ziyang/franka_ros2_endowrist_ws/src/custom_msgs/install/custom_msgs/include/custom_msgs/custom_msgs/msg/detail/motor_measurement__rosidl_typesupport_introspection_c.h
-- Installing: /home/ziyang/franka_ros2_endowrist_ws/src/custom_msgs/install/custom_msgs/include/custom_msgs/custom_msgs/msg/detail/motor_command__rosidl_typesupport_introspection_c.h
-- Installing: /home/ziyang/franka_ros2_endowrist_ws/src/custom_msgs/install/custom_msgs/include/custom_msgs/custom_msgs/msg/detail/custom_var__type_support.c
-- Installing: /home/ziyang/franka_ros2_endowrist_ws/src/custom_msgs/install/custom_msgs/include/custom_msgs/custom_msgs/msg/detail/task_space_command__type_support.c
-- Installing: /home/ziyang/franka_ros2_endowrist_ws/src/custom_msgs/install/custom_msgs/include/custom_msgs/custom_msgs/msg/detail/custom_var__rosidl_typesupport_introspection_c.h
-- Installing: /home/ziyang/franka_ros2_endowrist_ws/src/custom_msgs/install/custom_msgs/include/custom_msgs/custom_msgs/msg/detail/motor_command__type_support.c
-- Installing: /home/ziyang/franka_ros2_endowrist_ws/src/custom_msgs/install/custom_msgs/include/custom_msgs/custom_msgs/msg/rosidl_typesupport_introspection_c__visibility_control.h
-- Up-to-date: /home/ziyang/franka_ros2_endowrist_ws/src/custom_msgs/install/custom_msgs/include/custom_msgs/custom_msgs/srv
-- Up-to-date: /home/ziyang/franka_ros2_endowrist_ws/src/custom_msgs/install/custom_msgs/include/custom_msgs/custom_msgs/srv/detail
-- Installing: /home/ziyang/franka_ros2_endowrist_ws/src/custom_msgs/install/custom_msgs/include/custom_msgs/custom_msgs/srv/detail/joint_position_adjust__type_support.c
-- Installing: /home/ziyang/franka_ros2_endowrist_ws/src/custom_msgs/install/custom_msgs/include/custom_msgs/custom_msgs/srv/detail/joint_position_adjust__rosidl_typesupport_introspection_c.h
-- Installing: /home/ziyang/franka_ros2_endowrist_ws/src/custom_msgs/install/custom_msgs/lib/libcustom_msgs__rosidl_typesupport_introspection_c.so
-- Set runtime path of "/home/ziyang/franka_ros2_endowrist_ws/src/custom_msgs/install/custom_msgs/lib/libcustom_msgs__rosidl_typesupport_introspection_c.so" to ""
-- Installing: /home/ziyang/franka_ros2_endowrist_ws/src/custom_msgs/install/custom_msgs/lib/libcustom_msgs__rosidl_typesupport_c.so
-- Set runtime path of "/home/ziyang/franka_ros2_endowrist_ws/src/custom_msgs/install/custom_msgs/lib/libcustom_msgs__rosidl_typesupport_c.so" to ""
-- Up-to-date: /home/ziyang/franka_ros2_endowrist_ws/src/custom_msgs/install/custom_msgs/include/custom_msgs/custom_msgs
-- Up-to-date: /home/ziyang/franka_ros2_endowrist_ws/src/custom_msgs/install/custom_msgs/include/custom_msgs/custom_msgs/msg
-- Up-to-date: /home/ziyang/franka_ros2_endowrist_ws/src/custom_msgs/install/custom_msgs/include/custom_msgs/custom_msgs/msg/detail
-- Installing: /home/ziyang/franka_ros2_endowrist_ws/src/custom_msgs/install/custom_msgs/include/custom_msgs/custom_msgs/msg/detail/effort_command__rosidl_typesupport_introspection_cpp.hpp
-- Installing: /home/ziyang/franka_ros2_endowrist_ws/src/custom_msgs/install/custom_msgs/include/custom_msgs/custom_msgs/msg/detail/lambda_command__type_support.cpp
-- Installing: /home/ziyang/franka_ros2_endowrist_ws/src/custom_msgs/install/custom_msgs/include/custom_msgs/custom_msgs/msg/detail/custom_var__type_support.cpp
-- Installing: /home/ziyang/franka_ros2_endowrist_ws/src/custom_msgs/install/custom_msgs/include/custom_msgs/custom_msgs/msg/detail/task_space_command__rosidl_typesupport_introspection_cpp.hpp
-- Installing: /home/ziyang/franka_ros2_endowrist_ws/src/custom_msgs/install/custom_msgs/include/custom_msgs/custom_msgs/msg/detail/state_parameter__type_support.cpp
-- Installing: /home/ziyang/franka_ros2_endowrist_ws/src/custom_msgs/install/custom_msgs/include/custom_msgs/custom_msgs/msg/detail/motor_command__type_support.cpp
-- Installing: /home/ziyang/franka_ros2_endowrist_ws/src/custom_msgs/install/custom_msgs/include/custom_msgs/custom_msgs/msg/detail/state_parameter__rosidl_typesupport_introspection_cpp.hpp
-- Installing: /home/ziyang/franka_ros2_endowrist_ws/src/custom_msgs/install/custom_msgs/include/custom_msgs/custom_msgs/msg/detail/motor_command__rosidl_typesupport_introspection_cpp.hpp
-- Installing: /home/ziyang/franka_ros2_endowrist_ws/src/custom_msgs/install/custom_msgs/include/custom_msgs/custom_msgs/msg/detail/task_space_command__type_support.cpp
-- Installing: /home/ziyang/franka_ros2_endowrist_ws/src/custom_msgs/install/custom_msgs/include/custom_msgs/custom_msgs/msg/detail/motor_measurement__rosidl_typesupport_introspection_cpp.hpp
-- Installing: /home/ziyang/franka_ros2_endowrist_ws/src/custom_msgs/install/custom_msgs/include/custom_msgs/custom_msgs/msg/detail/custom_var__rosidl_typesupport_introspection_cpp.hpp
-- Installing: /home/ziyang/franka_ros2_endowrist_ws/src/custom_msgs/install/custom_msgs/include/custom_msgs/custom_msgs/msg/detail/motor_measurement__type_support.cpp
-- Installing: /home/ziyang/franka_ros2_endowrist_ws/src/custom_msgs/install/custom_msgs/include/custom_msgs/custom_msgs/msg/detail/lambda_command__rosidl_typesupport_introspection_cpp.hpp
-- Installing: /home/ziyang/franka_ros2_endowrist_ws/src/custom_msgs/install/custom_msgs/include/custom_msgs/custom_msgs/msg/detail/effort_command__type_support.cpp
-- Up-to-date: /home/ziyang/franka_ros2_endowrist_ws/src/custom_msgs/install/custom_msgs/include/custom_msgs/custom_msgs/srv
-- Up-to-date: /home/ziyang/franka_ros2_endowrist_ws/src/custom_msgs/install/custom_msgs/include/custom_msgs/custom_msgs/srv/detail
-- Installing: /home/ziyang/franka_ros2_endowrist_ws/src/custom_msgs/install/custom_msgs/include/custom_msgs/custom_msgs/srv/detail/joint_position_adjust__type_support.cpp
-- Installing: /home/ziyang/franka_ros2_endowrist_ws/src/custom_msgs/install/custom_msgs/include/custom_msgs/custom_msgs/srv/detail/joint_position_adjust__rosidl_typesupport_introspection_cpp.hpp
-- Installing: /home/ziyang/franka_ros2_endowrist_ws/src/custom_msgs/install/custom_msgs/lib/libcustom_msgs__rosidl_typesupport_introspection_cpp.so
-- Set runtime path of "/home/ziyang/franka_ros2_endowrist_ws/src/custom_msgs/install/custom_msgs/lib/libcustom_msgs__rosidl_typesupport_introspection_cpp.so" to ""
-- Installing: /home/ziyang/franka_ros2_endowrist_ws/src/custom_msgs/install/custom_msgs/lib/libcustom_msgs__rosidl_typesupport_cpp.so
-- Set runtime path of "/home/ziyang/franka_ros2_endowrist_ws/src/custom_msgs/install/custom_msgs/lib/libcustom_msgs__rosidl_typesupport_cpp.so" to ""
-- Installing: /home/ziyang/franka_ros2_endowrist_ws/src/custom_msgs/install/custom_msgs/share/custom_msgs/environment/pythonpath.sh
-- Installing: /home/ziyang/franka_ros2_endowrist_ws/src/custom_msgs/install/custom_msgs/share/custom_msgs/environment/pythonpath.dsv
-- Installing: /home/ziyang/franka_ros2_endowrist_ws/src/custom_msgs/install/custom_msgs/local/lib/python3.10/dist-packages/custom_msgs-0.0.0-py3.10.egg-info
-- Installing: /home/ziyang/franka_ros2_endowrist_ws/src/custom_msgs/install/custom_msgs/local/lib/python3.10/dist-packages/custom_msgs-0.0.0-py3.10.egg-info/SOURCES.txt
-- Installing: /home/ziyang/franka_ros2_endowrist_ws/src/custom_msgs/install/custom_msgs/local/lib/python3.10/dist-packages/custom_msgs-0.0.0-py3.10.egg-info/top_level.txt
-- Installing: /home/ziyang/franka_ros2_endowrist_ws/src/custom_msgs/install/custom_msgs/local/lib/python3.10/dist-packages/custom_msgs-0.0.0-py3.10.egg-info/PKG-INFO
-- Installing: /home/ziyang/franka_ros2_endowrist_ws/src/custom_msgs/install/custom_msgs/local/lib/python3.10/dist-packages/custom_msgs-0.0.0-py3.10.egg-info/dependency_links.txt
-- Installing: /home/ziyang/franka_ros2_endowrist_ws/src/custom_msgs/install/custom_msgs/local/lib/python3.10/dist-packages/custom_msgs
-- Installing: /home/ziyang/franka_ros2_endowrist_ws/src/custom_msgs/install/custom_msgs/local/lib/python3.10/dist-packages/custom_msgs/__init__.py
-- Installing: /home/ziyang/franka_ros2_endowrist_ws/src/custom_msgs/install/custom_msgs/local/lib/python3.10/dist-packages/custom_msgs/custom_msgs_s__rosidl_typesupport_introspection_c.cpython-310-x86_64-linux-gnu.so
-- Installing: /home/ziyang/franka_ros2_endowrist_ws/src/custom_msgs/install/custom_msgs/local/lib/python3.10/dist-packages/custom_msgs/_custom_msgs_s.ep.rosidl_typesupport_introspection_c.c
-- Installing: /home/ziyang/franka_ros2_endowrist_ws/src/custom_msgs/install/custom_msgs/local/lib/python3.10/dist-packages/custom_msgs/_custom_msgs_s.ep.rosidl_typesupport_c.c
-- Installing: /home/ziyang/franka_ros2_endowrist_ws/src/custom_msgs/install/custom_msgs/local/lib/python3.10/dist-packages/custom_msgs/msg
-- Installing: /home/ziyang/franka_ros2_endowrist_ws/src/custom_msgs/install/custom_msgs/local/lib/python3.10/dist-packages/custom_msgs/msg/_effort_command_s.c
-- Installing: /home/ziyang/franka_ros2_endowrist_ws/src/custom_msgs/install/custom_msgs/local/lib/python3.10/dist-packages/custom_msgs/msg/_state_parameter.py
-- Installing: /home/ziyang/franka_ros2_endowrist_ws/src/custom_msgs/install/custom_msgs/local/lib/python3.10/dist-packages/custom_msgs/msg/_lambda_command_s.c
-- Installing: /home/ziyang/franka_ros2_endowrist_ws/src/custom_msgs/install/custom_msgs/local/lib/python3.10/dist-packages/custom_msgs/msg/_motor_command_s.c
-- Installing: /home/ziyang/franka_ros2_endowrist_ws/src/custom_msgs/install/custom_msgs/local/lib/python3.10/dist-packages/custom_msgs/msg/_motor_measurement_s.c
-- Installing: /home/ziyang/franka_ros2_endowrist_ws/src/custom_msgs/install/custom_msgs/local/lib/python3.10/dist-packages/custom_msgs/msg/__init__.py
-- Installing: /home/ziyang/franka_ros2_endowrist_ws/src/custom_msgs/install/custom_msgs/local/lib/python3.10/dist-packages/custom_msgs/msg/_motor_command.py
-- Installing: /home/ziyang/franka_ros2_endowrist_ws/src/custom_msgs/install/custom_msgs/local/lib/python3.10/dist-packages/custom_msgs/msg/_motor_measurement.py
-- Installing: /home/ziyang/franka_ros2_endowrist_ws/src/custom_msgs/install/custom_msgs/local/lib/python3.10/dist-packages/custom_msgs/msg/_custom_var_s.c
-- Installing: /home/ziyang/franka_ros2_endowrist_ws/src/custom_msgs/install/custom_msgs/local/lib/python3.10/dist-packages/custom_msgs/msg/_effort_command.py
-- Installing: /home/ziyang/franka_ros2_endowrist_ws/src/custom_msgs/install/custom_msgs/local/lib/python3.10/dist-packages/custom_msgs/msg/_state_parameter_s.c
-- Installing: /home/ziyang/franka_ros2_endowrist_ws/src/custom_msgs/install/custom_msgs/local/lib/python3.10/dist-packages/custom_msgs/msg/_lambda_command.py
-- Installing: /home/ziyang/franka_ros2_endowrist_ws/src/custom_msgs/install/custom_msgs/local/lib/python3.10/dist-packages/custom_msgs/msg/_task_space_command.py
-- Installing: /home/ziyang/franka_ros2_endowrist_ws/src/custom_msgs/install/custom_msgs/local/lib/python3.10/dist-packages/custom_msgs/msg/_task_space_command_s.c
-- Installing: /home/ziyang/franka_ros2_endowrist_ws/src/custom_msgs/install/custom_msgs/local/lib/python3.10/dist-packages/custom_msgs/msg/_custom_var.py
-- Installing: /home/ziyang/franka_ros2_endowrist_ws/src/custom_msgs/install/custom_msgs/local/lib/python3.10/dist-packages/custom_msgs/libcustom_msgs__rosidl_generator_py.so
-- Installing: /home/ziyang/franka_ros2_endowrist_ws/src/custom_msgs/install/custom_msgs/local/lib/python3.10/dist-packages/custom_msgs/_custom_msgs_s.ep.rosidl_typesupport_fastrtps_c.c
-- Installing: /home/ziyang/franka_ros2_endowrist_ws/src/custom_msgs/install/custom_msgs/local/lib/python3.10/dist-packages/custom_msgs/custom_msgs_s__rosidl_typesupport_c.cpython-310-x86_64-linux-gnu.so
-- Installing: /home/ziyang/franka_ros2_endowrist_ws/src/custom_msgs/install/custom_msgs/local/lib/python3.10/dist-packages/custom_msgs/srv
-- Installing: /home/ziyang/franka_ros2_endowrist_ws/src/custom_msgs/install/custom_msgs/local/lib/python3.10/dist-packages/custom_msgs/srv/_joint_position_adjust_s.c
-- Installing: /home/ziyang/franka_ros2_endowrist_ws/src/custom_msgs/install/custom_msgs/local/lib/python3.10/dist-packages/custom_msgs/srv/__init__.py
-- Installing: /home/ziyang/franka_ros2_endowrist_ws/src/custom_msgs/install/custom_msgs/local/lib/python3.10/dist-packages/custom_msgs/srv/_joint_position_adjust.py
-- Installing: /home/ziyang/franka_ros2_endowrist_ws/src/custom_msgs/install/custom_msgs/local/lib/python3.10/dist-packages/custom_msgs/custom_msgs_s__rosidl_typesupport_fastrtps_c.cpython-310-x86_64-linux-gnu.so
Listing '/home/ziyang/franka_ros2_endowrist_ws/src/custom_msgs/install/custom_msgs/local/lib/python3.10/dist-packages/custom_msgs'...
Compiling '/home/ziyang/franka_ros2_endowrist_ws/src/custom_msgs/install/custom_msgs/local/lib/python3.10/dist-packages/custom_msgs/__init__.py'...
Listing '/home/ziyang/franka_ros2_endowrist_ws/src/custom_msgs/install/custom_msgs/local/lib/python3.10/dist-packages/custom_msgs/msg'...
Compiling '/home/ziyang/franka_ros2_endowrist_ws/src/custom_msgs/install/custom_msgs/local/lib/python3.10/dist-packages/custom_msgs/msg/__init__.py'...
Compiling '/home/ziyang/franka_ros2_endowrist_ws/src/custom_msgs/install/custom_msgs/local/lib/python3.10/dist-packages/custom_msgs/msg/_custom_var.py'...
Compiling '/home/ziyang/franka_ros2_endowrist_ws/src/custom_msgs/install/custom_msgs/local/lib/python3.10/dist-packages/custom_msgs/msg/_effort_command.py'...
Compiling '/home/ziyang/franka_ros2_endowrist_ws/src/custom_msgs/install/custom_msgs/local/lib/python3.10/dist-packages/custom_msgs/msg/_lambda_command.py'...
Compiling '/home/ziyang/franka_ros2_endowrist_ws/src/custom_msgs/install/custom_msgs/local/lib/python3.10/dist-packages/custom_msgs/msg/_motor_command.py'...
Compiling '/home/ziyang/franka_ros2_endowrist_ws/src/custom_msgs/install/custom_msgs/local/lib/python3.10/dist-packages/custom_msgs/msg/_motor_measurement.py'...
Compiling '/home/ziyang/franka_ros2_endowrist_ws/src/custom_msgs/install/custom_msgs/local/lib/python3.10/dist-packages/custom_msgs/msg/_state_parameter.py'...
Compiling '/home/ziyang/franka_ros2_endowrist_ws/src/custom_msgs/install/custom_msgs/local/lib/python3.10/dist-packages/custom_msgs/msg/_task_space_command.py'...
Listing '/home/ziyang/franka_ros2_endowrist_ws/src/custom_msgs/install/custom_msgs/local/lib/python3.10/dist-packages/custom_msgs/srv'...
Compiling '/home/ziyang/franka_ros2_endowrist_ws/src/custom_msgs/install/custom_msgs/local/lib/python3.10/dist-packages/custom_msgs/srv/__init__.py'...
Compiling '/home/ziyang/franka_ros2_endowrist_ws/src/custom_msgs/install/custom_msgs/local/lib/python3.10/dist-packages/custom_msgs/srv/_joint_position_adjust.py'...
-- Installing: /home/ziyang/franka_ros2_endowrist_ws/src/custom_msgs/install/custom_msgs/local/lib/python3.10/dist-packages/custom_msgs/custom_msgs_s__rosidl_typesupport_fastrtps_c.cpython-310-x86_64-linux-gnu.so
-- Set runtime path of "/home/ziyang/franka_ros2_endowrist_ws/src/custom_msgs/install/custom_msgs/local/lib/python3.10/dist-packages/custom_msgs/custom_msgs_s__rosidl_typesupport_fastrtps_c.cpython-310-x86_64-linux-gnu.so" to ""
-- Installing: /home/ziyang/franka_ros2_endowrist_ws/src/custom_msgs/install/custom_msgs/local/lib/python3.10/dist-packages/custom_msgs/custom_msgs_s__rosidl_typesupport_introspection_c.cpython-310-x86_64-linux-gnu.so
-- Set runtime path of "/home/ziyang/franka_ros2_endowrist_ws/src/custom_msgs/install/custom_msgs/local/lib/python3.10/dist-packages/custom_msgs/custom_msgs_s__rosidl_typesupport_introspection_c.cpython-310-x86_64-linux-gnu.so" to ""
-- Installing: /home/ziyang/franka_ros2_endowrist_ws/src/custom_msgs/install/custom_msgs/local/lib/python3.10/dist-packages/custom_msgs/custom_msgs_s__rosidl_typesupport_c.cpython-310-x86_64-linux-gnu.so
-- Set runtime path of "/home/ziyang/franka_ros2_endowrist_ws/src/custom_msgs/install/custom_msgs/local/lib/python3.10/dist-packages/custom_msgs/custom_msgs_s__rosidl_typesupport_c.cpython-310-x86_64-linux-gnu.so" to ""
-- Installing: /home/ziyang/franka_ros2_endowrist_ws/src/custom_msgs/install/custom_msgs/lib/libcustom_msgs__rosidl_generator_py.so
-- Set runtime path of "/home/ziyang/franka_ros2_endowrist_ws/src/custom_msgs/install/custom_msgs/lib/libcustom_msgs__rosidl_generator_py.so" to ""
-- Installing: /home/ziyang/franka_ros2_endowrist_ws/src/custom_msgs/install/custom_msgs/share/custom_msgs/msg/MotorCommand.idl
-- Installing: /home/ziyang/franka_ros2_endowrist_ws/src/custom_msgs/install/custom_msgs/share/custom_msgs/msg/LambdaCommand.idl
-- Installing: /home/ziyang/franka_ros2_endowrist_ws/src/custom_msgs/install/custom_msgs/share/custom_msgs/msg/MotorMeasurement.idl
-- Installing: /home/ziyang/franka_ros2_endowrist_ws/src/custom_msgs/install/custom_msgs/share/custom_msgs/msg/CustomVar.idl
-- Installing: /home/ziyang/franka_ros2_endowrist_ws/src/custom_msgs/install/custom_msgs/share/custom_msgs/msg/EffortCommand.idl
-- Installing: /home/ziyang/franka_ros2_endowrist_ws/src/custom_msgs/install/custom_msgs/share/custom_msgs/msg/StateParameter.idl
-- Installing: /home/ziyang/franka_ros2_endowrist_ws/src/custom_msgs/install/custom_msgs/share/custom_msgs/msg/TaskSpaceCommand.idl
-- Installing: /home/ziyang/franka_ros2_endowrist_ws/src/custom_msgs/install/custom_msgs/share/custom_msgs/srv/JointPositionAdjust.idl
-- Installing: /home/ziyang/franka_ros2_endowrist_ws/src/custom_msgs/install/custom_msgs/share/custom_msgs/msg/MotorCommand.msg
-- Installing: /home/ziyang/franka_ros2_endowrist_ws/src/custom_msgs/install/custom_msgs/share/custom_msgs/msg/LambdaCommand.msg
-- Installing: /home/ziyang/franka_ros2_endowrist_ws/src/custom_msgs/install/custom_msgs/share/custom_msgs/msg/MotorMeasurement.msg
-- Installing: /home/ziyang/franka_ros2_endowrist_ws/src/custom_msgs/install/custom_msgs/share/custom_msgs/msg/CustomVar.msg
-- Installing: /home/ziyang/franka_ros2_endowrist_ws/src/custom_msgs/install/custom_msgs/share/custom_msgs/msg/EffortCommand.msg
-- Installing: /home/ziyang/franka_ros2_endowrist_ws/src/custom_msgs/install/custom_msgs/share/custom_msgs/msg/StateParameter.msg
-- Installing: /home/ziyang/franka_ros2_endowrist_ws/src/custom_msgs/install/custom_msgs/share/custom_msgs/msg/TaskSpaceCommand.msg
-- Installing: /home/ziyang/franka_ros2_endowrist_ws/src/custom_msgs/install/custom_msgs/share/custom_msgs/srv/JointPositionAdjust.srv
-- Installing: /home/ziyang/franka_ros2_endowrist_ws/src/custom_msgs/install/custom_msgs/share/custom_msgs/srv/JointPositionAdjust_Request.msg
-- Installing: /home/ziyang/franka_ros2_endowrist_ws/src/custom_msgs/install/custom_msgs/share/custom_msgs/srv/JointPositionAdjust_Response.msg
-- Installing: /home/ziyang/franka_ros2_endowrist_ws/src/custom_msgs/install/custom_msgs/share/ament_index/resource_index/package_run_dependencies/custom_msgs
-- Installing: /home/ziyang/franka_ros2_endowrist_ws/src/custom_msgs/install/custom_msgs/share/ament_index/resource_index/parent_prefix_path/custom_msgs
-- Installing: /home/ziyang/franka_ros2_endowrist_ws/src/custom_msgs/install/custom_msgs/share/custom_msgs/environment/ament_prefix_path.sh
-- Installing: /home/ziyang/franka_ros2_endowrist_ws/src/custom_msgs/install/custom_msgs/share/custom_msgs/environment/ament_prefix_path.dsv
-- Installing: /home/ziyang/franka_ros2_endowrist_ws/src/custom_msgs/install/custom_msgs/share/custom_msgs/environment/path.sh
-- Installing: /home/ziyang/franka_ros2_endowrist_ws/src/custom_msgs/install/custom_msgs/share/custom_msgs/environment/path.dsv
-- Installing: /home/ziyang/franka_ros2_endowrist_ws/src/custom_msgs/install/custom_msgs/share/custom_msgs/local_setup.bash
-- Installing: /home/ziyang/franka_ros2_endowrist_ws/src/custom_msgs/install/custom_msgs/share/custom_msgs/local_setup.sh
-- Installing: /home/ziyang/franka_ros2_endowrist_ws/src/custom_msgs/install/custom_msgs/share/custom_msgs/local_setup.zsh
-- Installing: /home/ziyang/franka_ros2_endowrist_ws/src/custom_msgs/install/custom_msgs/share/custom_msgs/local_setup.dsv
-- Installing: /home/ziyang/franka_ros2_endowrist_ws/src/custom_msgs/install/custom_msgs/share/custom_msgs/package.dsv
-- Installing: /home/ziyang/franka_ros2_endowrist_ws/src/custom_msgs/install/custom_msgs/share/ament_index/resource_index/packages/custom_msgs
-- Installing: /home/ziyang/franka_ros2_endowrist_ws/src/custom_msgs/install/custom_msgs/share/custom_msgs/cmake/export_custom_msgs__rosidl_generator_cExport.cmake
-- Installing: /home/ziyang/franka_ros2_endowrist_ws/src/custom_msgs/install/custom_msgs/share/custom_msgs/cmake/export_custom_msgs__rosidl_generator_cExport-noconfig.cmake
-- Installing: /home/ziyang/franka_ros2_endowrist_ws/src/custom_msgs/install/custom_msgs/share/custom_msgs/cmake/export_custom_msgs__rosidl_typesupport_fastrtps_cExport.cmake
-- Installing: /home/ziyang/franka_ros2_endowrist_ws/src/custom_msgs/install/custom_msgs/share/custom_msgs/cmake/export_custom_msgs__rosidl_typesupport_fastrtps_cExport-noconfig.cmake
-- Installing: /home/ziyang/franka_ros2_endowrist_ws/src/custom_msgs/install/custom_msgs/share/custom_msgs/cmake/export_custom_msgs__rosidl_generator_cppExport.cmake
-- Installing: /home/ziyang/franka_ros2_endowrist_ws/src/custom_msgs/install/custom_msgs/share/custom_msgs/cmake/export_custom_msgs__rosidl_typesupport_fastrtps_cppExport.cmake
-- Installing: /home/ziyang/franka_ros2_endowrist_ws/src/custom_msgs/install/custom_msgs/share/custom_msgs/cmake/export_custom_msgs__rosidl_typesupport_fastrtps_cppExport-noconfig.cmake
-- Installing: /home/ziyang/franka_ros2_endowrist_ws/src/custom_msgs/install/custom_msgs/share/custom_msgs/cmake/custom_msgs__rosidl_typesupport_introspection_cExport.cmake
-- Installing: /home/ziyang/franka_ros2_endowrist_ws/src/custom_msgs/install/custom_msgs/share/custom_msgs/cmake/custom_msgs__rosidl_typesupport_introspection_cExport-noconfig.cmake
-- Installing: /home/ziyang/franka_ros2_endowrist_ws/src/custom_msgs/install/custom_msgs/share/custom_msgs/cmake/custom_msgs__rosidl_typesupport_cExport.cmake
-- Installing: /home/ziyang/franka_ros2_endowrist_ws/src/custom_msgs/install/custom_msgs/share/custom_msgs/cmake/custom_msgs__rosidl_typesupport_cExport-noconfig.cmake
-- Installing: /home/ziyang/franka_ros2_endowrist_ws/src/custom_msgs/install/custom_msgs/share/custom_msgs/cmake/custom_msgs__rosidl_typesupport_introspection_cppExport.cmake
-- Installing: /home/ziyang/franka_ros2_endowrist_ws/src/custom_msgs/install/custom_msgs/share/custom_msgs/cmake/custom_msgs__rosidl_typesupport_introspection_cppExport-noconfig.cmake
-- Installing: /home/ziyang/franka_ros2_endowrist_ws/src/custom_msgs/install/custom_msgs/share/custom_msgs/cmake/custom_msgs__rosidl_typesupport_cppExport.cmake
-- Installing: /home/ziyang/franka_ros2_endowrist_ws/src/custom_msgs/install/custom_msgs/share/custom_msgs/cmake/custom_msgs__rosidl_typesupport_cppExport-noconfig.cmake
-- Installing: /home/ziyang/franka_ros2_endowrist_ws/src/custom_msgs/install/custom_msgs/share/custom_msgs/cmake/export_custom_msgs__rosidl_generator_pyExport.cmake
-- Installing: /home/ziyang/franka_ros2_endowrist_ws/src/custom_msgs/install/custom_msgs/share/custom_msgs/cmake/export_custom_msgs__rosidl_generator_pyExport-noconfig.cmake
-- Installing: /home/ziyang/franka_ros2_endowrist_ws/src/custom_msgs/install/custom_msgs/share/custom_msgs/cmake/rosidl_cmake-extras.cmake
-- Installing: /home/ziyang/franka_ros2_endowrist_ws/src/custom_msgs/install/custom_msgs/share/custom_msgs/cmake/ament_cmake_export_dependencies-extras.cmake
-- Installing: /home/ziyang/franka_ros2_endowrist_ws/src/custom_msgs/install/custom_msgs/share/custom_msgs/cmake/ament_cmake_export_include_directories-extras.cmake
-- Installing: /home/ziyang/franka_ros2_endowrist_ws/src/custom_msgs/install/custom_msgs/share/custom_msgs/cmake/ament_cmake_export_libraries-extras.cmake
-- Installing: /home/ziyang/franka_ros2_endowrist_ws/src/custom_msgs/install/custom_msgs/share/custom_msgs/cmake/ament_cmake_export_targets-extras.cmake
-- Installing: /home/ziyang/franka_ros2_endowrist_ws/src/custom_msgs/install/custom_msgs/share/custom_msgs/cmake/rosidl_cmake_export_typesupport_targets-extras.cmake
-- Installing: /home/ziyang/franka_ros2_endowrist_ws/src/custom_msgs/install/custom_msgs/share/custom_msgs/cmake/rosidl_cmake_export_typesupport_libraries-extras.cmake
-- Installing: /home/ziyang/franka_ros2_endowrist_ws/src/custom_msgs/install/custom_msgs/share/custom_msgs/cmake/custom_msgsConfig.cmake
-- Installing: /home/ziyang/franka_ros2_endowrist_ws/src/custom_msgs/install/custom_msgs/share/custom_msgs/cmake/custom_msgsConfig-version.cmake
-- Installing: /home/ziyang/franka_ros2_endowrist_ws/src/custom_msgs/install/custom_msgs/share/custom_msgs/package.xml
