[0.009s] Invoking command in '/home/ziyang/franka_ros2_endowrist_ws/src/custom_msgs/build/custom_msgs': CMAKE_PREFIX_PATH=/opt/ros/humble /usr/bin/cmake /home/ziyang/franka_ros2_endowrist_ws/src/custom_msgs -DCMAKE_INSTALL_PREFIX=/home/ziyang/franka_ros2_endowrist_ws/src/custom_msgs/install/custom_msgs
[0.158s] -- The C compiler identification is GNU 11.4.0
[0.249s] -- The CXX compiler identification is GNU 11.4.0
[0.257s] -- Detecting C compiler ABI info
[0.345s] -- Detecting C compiler ABI info - done
[0.355s] -- Check for working C compiler: /usr/bin/cc - skipped
[0.356s] -- Detecting C compile features
[0.357s] -- Detecting C compile features - done
[0.361s] -- Detecting CXX compiler ABI info
[0.445s] -- Detecting CXX compiler ABI info - done
[0.451s] -- Check for working CXX compiler: /usr/bin/c++ - skipped
[0.451s] -- Detecting CXX compile features
[0.452s] -- Detecting CXX compile features - done
[0.455s] -- Found ament_cmake: 1.3.12 (/opt/ros/humble/share/ament_cmake/cmake)
[0.629s] -- Found Python3: /usr/bin/python3 (found version "3.10.12") found components: Interpreter 
[0.693s] -- Found rclcpp: 16.0.14 (/opt/ros/humble/share/rclcpp/cmake)
[0.736s] -- Found rosidl_generator_c: 3.1.7 (/opt/ros/humble/share/rosidl_generator_c/cmake)
[0.739s] -- Found rosidl_adapter: 3.1.7 (/opt/ros/humble/share/rosidl_adapter/cmake)
[0.744s] -- Found rosidl_generator_cpp: 3.1.7 (/opt/ros/humble/share/rosidl_generator_cpp/cmake)
[0.751s] -- Using all available rosidl_typesupport_c: rosidl_typesupport_fastrtps_c;rosidl_typesupport_introspection_c
[0.761s] -- Using all available rosidl_typesupport_cpp: rosidl_typesupport_fastrtps_cpp;rosidl_typesupport_introspection_cpp
[0.787s] -- Found rmw_implementation_cmake: 6.1.2 (/opt/ros/humble/share/rmw_implementation_cmake/cmake)
[0.788s] -- Found rmw_fastrtps_cpp: 6.2.8 (/opt/ros/humble/share/rmw_fastrtps_cpp/cmake)
[0.935s] -- Found OpenSSL: /usr/lib/x86_64-linux-gnu/libcrypto.so (found version "3.0.2")  
[0.965s] -- Found FastRTPS: /opt/ros/humble/include  
[1.009s] -- Using RMW implementation 'rmw_fastrtps_cpp' as default
[1.015s] -- Looking for pthread.h
[1.146s] -- Looking for pthread.h - found
[1.146s] -- Performing Test CMAKE_HAVE_LIBC_PTHREAD
[1.300s] -- Performing Test CMAKE_HAVE_LIBC_PTHREAD - Success
[1.302s] -- Found Threads: TRUE  
[1.347s] -- Found geometry_msgs: 4.9.0 (/opt/ros/humble/share/geometry_msgs/cmake)
[1.355s] -- Found rosidl_default_generators: 1.2.0 (/opt/ros/humble/share/rosidl_default_generators/cmake)
[1.565s] -- Found ament_cmake_ros: 0.10.0 (/opt/ros/humble/share/ament_cmake_ros/cmake)
[1.851s] -- Using all available rosidl_typesupport_c: rosidl_typesupport_fastrtps_c;rosidl_typesupport_introspection_c
[1.988s] -- Using all available rosidl_typesupport_cpp: rosidl_typesupport_fastrtps_cpp;rosidl_typesupport_introspection_cpp
[2.019s] -- Found PythonInterp: /usr/bin/python3 (found suitable version "3.10.12", minimum required is "3.6") 
[2.020s] -- Found python_cmake_module: 0.10.0 (/opt/ros/humble/share/python_cmake_module/cmake)
[2.043s] -- Found PythonLibs: /usr/lib/x86_64-linux-gnu/libpython3.10.so (found suitable version "3.10.12", minimum required is "3.5") 
[2.043s] -- Using PYTHON_EXECUTABLE: /usr/bin/python3
[2.043s] -- Using PYTHON_INCLUDE_DIRS: /usr/include/python3.10
[2.043s] -- Using PYTHON_LIBRARIES: /usr/lib/x86_64-linux-gnu/libpython3.10.so
[2.066s] -- Found PythonExtra: .so  
[2.108s] -- Configuring done
[2.129s] -- Generating done
[2.135s] -- Build files have been written to: /home/ziyang/franka_ros2_endowrist_ws/src/custom_msgs/build/custom_msgs
[2.141s] Invoked command in '/home/ziyang/franka_ros2_endowrist_ws/src/custom_msgs/build/custom_msgs' returned '0': CMAKE_PREFIX_PATH=/opt/ros/humble /usr/bin/cmake /home/ziyang/franka_ros2_endowrist_ws/src/custom_msgs -DCMAKE_INSTALL_PREFIX=/home/ziyang/franka_ros2_endowrist_ws/src/custom_msgs/install/custom_msgs
[2.142s] Invoking command in '/home/ziyang/franka_ros2_endowrist_ws/src/custom_msgs/build/custom_msgs': CMAKE_PREFIX_PATH=/opt/ros/humble /usr/bin/cmake --build /home/ziyang/franka_ros2_endowrist_ws/src/custom_msgs/build/custom_msgs -- -j32 -l32
[2.213s] [  1%] [34m[1mGenerating C code for ROS interfaces[0m
[2.242s] [  2%] [34m[1mGenerating C++ code for ROS interfaces[0m
[2.250s] [  2%] Built target ament_cmake_python_copy_custom_msgs
[2.363s] running egg_info
[2.363s] creating custom_msgs.egg-info
[2.363s] writing custom_msgs.egg-info/PKG-INFO
[2.363s] writing dependency_links to custom_msgs.egg-info/dependency_links.txt
[2.363s] writing top-level names to custom_msgs.egg-info/top_level.txt
[2.364s] writing manifest file 'custom_msgs.egg-info/SOURCES.txt'
[2.365s] reading manifest file 'custom_msgs.egg-info/SOURCES.txt'
[2.365s] writing manifest file 'custom_msgs.egg-info/SOURCES.txt'
[2.385s] [  2%] Built target ament_cmake_python_build_custom_msgs_egg
[2.721s] [  2%] Built target custom_msgs__cpp
[2.727s] [  3%] [32mBuilding C object CMakeFiles/custom_msgs__rosidl_generator_c.dir/rosidl_generator_c/custom_msgs/msg/detail/motor_command__functions.c.o[0m
[2.729s] [  4%] [32mBuilding C object CMakeFiles/custom_msgs__rosidl_generator_c.dir/rosidl_generator_c/custom_msgs/msg/detail/motor_measurement__functions.c.o[0m
[2.737s] [  5%] [32mBuilding C object CMakeFiles/custom_msgs__rosidl_generator_c.dir/rosidl_generator_c/custom_msgs/msg/detail/lambda_command__functions.c.o[0m
[2.742s] [  8%] [32mBuilding C object CMakeFiles/custom_msgs__rosidl_generator_c.dir/rosidl_generator_c/custom_msgs/msg/detail/task_space_command__functions.c.o[0m
[2.742s] [  8%] [32mBuilding C object CMakeFiles/custom_msgs__rosidl_generator_c.dir/rosidl_generator_c/custom_msgs/srv/detail/joint_position_adjust__functions.c.o[0m
[2.742s] [  9%] [32mBuilding C object CMakeFiles/custom_msgs__rosidl_generator_c.dir/rosidl_generator_c/custom_msgs/msg/detail/state_parameter__functions.c.o[0m
[2.744s] [ 10%] [32mBuilding C object CMakeFiles/custom_msgs__rosidl_generator_c.dir/rosidl_generator_c/custom_msgs/msg/detail/custom_var__functions.c.o[0m
[2.760s] [ 11%] [32mBuilding C object CMakeFiles/custom_msgs__rosidl_generator_c.dir/rosidl_generator_c/custom_msgs/msg/detail/effort_command__functions.c.o[0m
[2.761s] [ 12%] [34m[1mGenerating C++ introspection for ROS interfaces[0m
[2.763s] [ 13%] [34m[1mGenerating C++ type support dispatch for ROS interfaces[0m
[2.765s] [ 14%] [34m[1mGenerating C++ type support for eProsima Fast-RTPS[0m
[2.810s] [ 16%] [32m[1mLinking C shared library libcustom_msgs__rosidl_generator_c.so[0m
[2.847s] [ 16%] Built target custom_msgs__rosidl_generator_c
[2.860s] [ 17%] [34m[1mGenerating C introspection for ROS interfaces[0m
[2.861s] [ 18%] [34m[1mGenerating C type support for eProsima Fast-RTPS[0m
[2.863s] [ 19%] [34m[1mGenerating C type support dispatch for ROS interfaces[0m
[3.050s] [ 20%] [32mBuilding CXX object CMakeFiles/custom_msgs__rosidl_typesupport_cpp.dir/rosidl_typesupport_cpp/custom_msgs/srv/joint_position_adjust__type_support.cpp.o[0m
[3.050s] [ 21%] [32mBuilding CXX object CMakeFiles/custom_msgs__rosidl_typesupport_cpp.dir/rosidl_typesupport_cpp/custom_msgs/msg/motor_measurement__type_support.cpp.o[0m
[3.055s] [ 22%] [32mBuilding CXX object CMakeFiles/custom_msgs__rosidl_typesupport_cpp.dir/rosidl_typesupport_cpp/custom_msgs/msg/lambda_command__type_support.cpp.o[0m
[3.055s] [ 24%] [32mBuilding CXX object CMakeFiles/custom_msgs__rosidl_typesupport_cpp.dir/rosidl_typesupport_cpp/custom_msgs/msg/motor_command__type_support.cpp.o[0m
[3.056s] [ 25%] [32mBuilding CXX object CMakeFiles/custom_msgs__rosidl_typesupport_cpp.dir/rosidl_typesupport_cpp/custom_msgs/msg/custom_var__type_support.cpp.o[0m
[3.057s] [ 26%] [32mBuilding CXX object CMakeFiles/custom_msgs__rosidl_typesupport_cpp.dir/rosidl_typesupport_cpp/custom_msgs/msg/state_parameter__type_support.cpp.o[0m
[3.057s] [ 27%] [32mBuilding CXX object CMakeFiles/custom_msgs__rosidl_typesupport_cpp.dir/rosidl_typesupport_cpp/custom_msgs/msg/effort_command__type_support.cpp.o[0m
[3.060s] [ 28%] [32mBuilding CXX object CMakeFiles/custom_msgs__rosidl_typesupport_cpp.dir/rosidl_typesupport_cpp/custom_msgs/msg/task_space_command__type_support.cpp.o[0m
[3.218s] [ 29%] [32mBuilding CXX object CMakeFiles/custom_msgs__rosidl_typesupport_introspection_cpp.dir/rosidl_typesupport_introspection_cpp/custom_msgs/msg/detail/motor_command__type_support.cpp.o[0m
[3.245s] [ 31%] [32mBuilding CXX object CMakeFiles/custom_msgs__rosidl_typesupport_introspection_cpp.dir/rosidl_typesupport_introspection_cpp/custom_msgs/msg/detail/state_parameter__type_support.cpp.o[0m
[3.272s] [ 32%] [32mBuilding CXX object CMakeFiles/custom_msgs__rosidl_typesupport_introspection_cpp.dir/rosidl_typesupport_introspection_cpp/custom_msgs/msg/detail/motor_measurement__type_support.cpp.o[0m
[3.275s] [ 33%] [32mBuilding CXX object CMakeFiles/custom_msgs__rosidl_typesupport_introspection_cpp.dir/rosidl_typesupport_introspection_cpp/custom_msgs/msg/detail/custom_var__type_support.cpp.o[0m
[3.280s] [ 34%] [32mBuilding CXX object CMakeFiles/custom_msgs__rosidl_typesupport_introspection_cpp.dir/rosidl_typesupport_introspection_cpp/custom_msgs/srv/detail/joint_position_adjust__type_support.cpp.o[0m
[3.295s] [ 35%] [32mBuilding CXX object CMakeFiles/custom_msgs__rosidl_typesupport_introspection_cpp.dir/rosidl_typesupport_introspection_cpp/custom_msgs/msg/detail/effort_command__type_support.cpp.o[0m
[3.315s] [ 36%] [32mBuilding CXX object CMakeFiles/custom_msgs__rosidl_typesupport_fastrtps_cpp.dir/rosidl_typesupport_fastrtps_cpp/custom_msgs/msg/detail/dds_fastrtps/motor_command__type_support.cpp.o[0m
[3.316s] [ 37%] [32mBuilding CXX object CMakeFiles/custom_msgs__rosidl_typesupport_introspection_cpp.dir/rosidl_typesupport_introspection_cpp/custom_msgs/msg/detail/lambda_command__type_support.cpp.o[0m
[3.324s] [ 39%] [32mBuilding CXX object CMakeFiles/custom_msgs__rosidl_typesupport_introspection_cpp.dir/rosidl_typesupport_introspection_cpp/custom_msgs/msg/detail/task_space_command__type_support.cpp.o[0m
[3.333s] [ 40%] [32mBuilding CXX object CMakeFiles/custom_msgs__rosidl_typesupport_fastrtps_cpp.dir/rosidl_typesupport_fastrtps_cpp/custom_msgs/msg/detail/dds_fastrtps/lambda_command__type_support.cpp.o[0m
[3.348s] [ 41%] [32mBuilding CXX object CMakeFiles/custom_msgs__rosidl_typesupport_fastrtps_cpp.dir/rosidl_typesupport_fastrtps_cpp/custom_msgs/msg/detail/dds_fastrtps/motor_measurement__type_support.cpp.o[0m
[3.350s] [ 42%] [32mBuilding CXX object CMakeFiles/custom_msgs__rosidl_typesupport_fastrtps_cpp.dir/rosidl_typesupport_fastrtps_cpp/custom_msgs/msg/detail/dds_fastrtps/custom_var__type_support.cpp.o[0m
[3.390s] [ 43%] [32mBuilding CXX object CMakeFiles/custom_msgs__rosidl_typesupport_fastrtps_cpp.dir/rosidl_typesupport_fastrtps_cpp/custom_msgs/msg/detail/dds_fastrtps/task_space_command__type_support.cpp.o[0m
[3.391s] [ 44%] [32mBuilding CXX object CMakeFiles/custom_msgs__rosidl_typesupport_c.dir/rosidl_typesupport_c/custom_msgs/msg/motor_command__type_support.cpp.o[0m
[3.405s] [ 45%] [32mBuilding CXX object CMakeFiles/custom_msgs__rosidl_typesupport_fastrtps_cpp.dir/rosidl_typesupport_fastrtps_cpp/custom_msgs/msg/detail/dds_fastrtps/effort_command__type_support.cpp.o[0m
[3.426s] [ 47%] [32mBuilding CXX object CMakeFiles/custom_msgs__rosidl_typesupport_fastrtps_cpp.dir/rosidl_typesupport_fastrtps_cpp/custom_msgs/srv/detail/dds_fastrtps/joint_position_adjust__type_support.cpp.o[0m
[3.430s] [ 48%] [32mBuilding CXX object CMakeFiles/custom_msgs__rosidl_typesupport_fastrtps_cpp.dir/rosidl_typesupport_fastrtps_cpp/custom_msgs/msg/detail/dds_fastrtps/state_parameter__type_support.cpp.o[0m
[3.487s] [ 49%] [32mBuilding CXX object CMakeFiles/custom_msgs__rosidl_typesupport_c.dir/rosidl_typesupport_c/custom_msgs/msg/motor_measurement__type_support.cpp.o[0m
[3.488s] [ 50%] [32mBuilding CXX object CMakeFiles/custom_msgs__rosidl_typesupport_c.dir/rosidl_typesupport_c/custom_msgs/msg/lambda_command__type_support.cpp.o[0m
[3.505s] [ 51%] [32mBuilding CXX object CMakeFiles/custom_msgs__rosidl_typesupport_c.dir/rosidl_typesupport_c/custom_msgs/msg/custom_var__type_support.cpp.o[0m
[3.547s] [ 52%] [32mBuilding CXX object CMakeFiles/custom_msgs__rosidl_typesupport_c.dir/rosidl_typesupport_c/custom_msgs/msg/effort_command__type_support.cpp.o[0m
[3.559s] [ 54%] [32mBuilding CXX object CMakeFiles/custom_msgs__rosidl_typesupport_c.dir/rosidl_typesupport_c/custom_msgs/msg/state_parameter__type_support.cpp.o[0m
[3.569s] [ 55%] [32mBuilding CXX object CMakeFiles/custom_msgs__rosidl_typesupport_c.dir/rosidl_typesupport_c/custom_msgs/msg/task_space_command__type_support.cpp.o[0m
[3.573s] [ 56%] [32m[1mLinking CXX shared library libcustom_msgs__rosidl_typesupport_cpp.so[0m
[3.580s] [ 57%] [32mBuilding CXX object CMakeFiles/custom_msgs__rosidl_typesupport_c.dir/rosidl_typesupport_c/custom_msgs/srv/joint_position_adjust__type_support.cpp.o[0m
[3.639s] [ 58%] [32mBuilding C object CMakeFiles/custom_msgs__rosidl_typesupport_introspection_c.dir/rosidl_typesupport_introspection_c/custom_msgs/msg/detail/lambda_command__type_support.c.o[0m
[3.640s] [ 59%] [32mBuilding C object CMakeFiles/custom_msgs__rosidl_typesupport_introspection_c.dir/rosidl_typesupport_introspection_c/custom_msgs/msg/detail/motor_command__type_support.c.o[0m
[3.642s] [ 60%] [32mBuilding C object CMakeFiles/custom_msgs__rosidl_typesupport_introspection_c.dir/rosidl_typesupport_introspection_c/custom_msgs/msg/detail/motor_measurement__type_support.c.o[0m
[3.645s] [ 62%] [32mBuilding C object CMakeFiles/custom_msgs__rosidl_typesupport_introspection_c.dir/rosidl_typesupport_introspection_c/custom_msgs/msg/detail/custom_var__type_support.c.o[0m
[3.649s] [ 63%] [32mBuilding C object CMakeFiles/custom_msgs__rosidl_typesupport_introspection_c.dir/rosidl_typesupport_introspection_c/custom_msgs/msg/detail/state_parameter__type_support.c.o[0m
[3.650s] [ 64%] [32mBuilding C object CMakeFiles/custom_msgs__rosidl_typesupport_introspection_c.dir/rosidl_typesupport_introspection_c/custom_msgs/msg/detail/task_space_command__type_support.c.o[0m
[3.653s] [ 65%] [32mBuilding C object CMakeFiles/custom_msgs__rosidl_typesupport_introspection_c.dir/rosidl_typesupport_introspection_c/custom_msgs/msg/detail/effort_command__type_support.c.o[0m
[3.687s] [ 66%] [32mBuilding C object CMakeFiles/custom_msgs__rosidl_typesupport_introspection_c.dir/rosidl_typesupport_introspection_c/custom_msgs/srv/detail/joint_position_adjust__type_support.c.o[0m
[3.748s] [ 67%] [32mBuilding CXX object CMakeFiles/custom_msgs__rosidl_typesupport_fastrtps_c.dir/rosidl_typesupport_fastrtps_c/custom_msgs/msg/detail/effort_command__type_support_c.cpp.o[0m
[3.748s] [ 68%] [32mBuilding CXX object CMakeFiles/custom_msgs__rosidl_typesupport_fastrtps_c.dir/rosidl_typesupport_fastrtps_c/custom_msgs/msg/detail/lambda_command__type_support_c.cpp.o[0m
[3.754s] [ 70%] [32mBuilding CXX object CMakeFiles/custom_msgs__rosidl_typesupport_fastrtps_c.dir/rosidl_typesupport_fastrtps_c/custom_msgs/msg/detail/motor_measurement__type_support_c.cpp.o[0m
[3.757s] [ 71%] [32mBuilding CXX object CMakeFiles/custom_msgs__rosidl_typesupport_fastrtps_c.dir/rosidl_typesupport_fastrtps_c/custom_msgs/msg/detail/custom_var__type_support_c.cpp.o[0m
[3.764s] [ 73%] [32mBuilding CXX object CMakeFiles/custom_msgs__rosidl_typesupport_fastrtps_c.dir/rosidl_typesupport_fastrtps_c/custom_msgs/msg/detail/state_parameter__type_support_c.cpp.o[0m
[3.764s] [ 73%] [32mBuilding CXX object CMakeFiles/custom_msgs__rosidl_typesupport_fastrtps_c.dir/rosidl_typesupport_fastrtps_c/custom_msgs/msg/detail/motor_command__type_support_c.cpp.o[0m
[3.810s] [ 74%] [32m[1mLinking CXX shared library libcustom_msgs__rosidl_typesupport_c.so[0m
[3.820s] [ 75%] [32mBuilding CXX object CMakeFiles/custom_msgs__rosidl_typesupport_fastrtps_c.dir/rosidl_typesupport_fastrtps_c/custom_msgs/srv/detail/joint_position_adjust__type_support_c.cpp.o[0m
[3.829s] [ 77%] [32mBuilding CXX object CMakeFiles/custom_msgs__rosidl_typesupport_fastrtps_c.dir/rosidl_typesupport_fastrtps_c/custom_msgs/msg/detail/task_space_command__type_support_c.cpp.o[0m
[3.832s] [ 77%] Built target custom_msgs__rosidl_typesupport_cpp
[3.842s] [ 78%] [32m[1mLinking C shared library libcustom_msgs__rosidl_typesupport_introspection_c.so[0m
[3.899s] [ 78%] Built target custom_msgs__rosidl_typesupport_c
[3.899s] [ 78%] Built target custom_msgs__rosidl_typesupport_introspection_c
[3.929s] [ 79%] [32m[1mLinking CXX shared library libcustom_msgs__rosidl_typesupport_introspection_cpp.so[0m
[4.009s] [ 79%] Built target custom_msgs__rosidl_typesupport_introspection_cpp
[4.041s] [ 80%] [32m[1mLinking CXX shared library libcustom_msgs__rosidl_typesupport_fastrtps_cpp.so[0m
[4.098s] [ 81%] [32m[1mLinking CXX shared library libcustom_msgs__rosidl_typesupport_fastrtps_c.so[0m
[4.099s] [ 81%] Built target custom_msgs__rosidl_typesupport_fastrtps_cpp
[4.161s] [ 81%] Built target custom_msgs__rosidl_typesupport_fastrtps_c
[4.204s] [ 81%] Built target custom_msgs
[4.262s] [ 82%] [34m[1mGenerating Python code for ROS interfaces[0m
[4.779s] [ 82%] Built target custom_msgs__py
[4.832s] [ 83%] [32mBuilding C object CMakeFiles/custom_msgs__rosidl_generator_py.dir/rosidl_generator_py/custom_msgs/msg/_motor_command_s.c.o[0m
[4.849s] [ 85%] [32mBuilding C object CMakeFiles/custom_msgs__rosidl_generator_py.dir/rosidl_generator_py/custom_msgs/msg/_motor_measurement_s.c.o[0m
[4.854s] [ 86%] [32mBuilding C object CMakeFiles/custom_msgs__rosidl_generator_py.dir/rosidl_generator_py/custom_msgs/msg/_custom_var_s.c.o[0m
[4.855s] [ 87%] [32mBuilding C object CMakeFiles/custom_msgs__rosidl_generator_py.dir/rosidl_generator_py/custom_msgs/msg/_lambda_command_s.c.o[0m
[4.859s] [ 88%] [32mBuilding C object CMakeFiles/custom_msgs__rosidl_generator_py.dir/rosidl_generator_py/custom_msgs/msg/_task_space_command_s.c.o[0m
[4.863s] [ 89%] [32mBuilding C object CMakeFiles/custom_msgs__rosidl_generator_py.dir/rosidl_generator_py/custom_msgs/srv/_joint_position_adjust_s.c.o[0m
[4.865s] [ 90%] [32mBuilding C object CMakeFiles/custom_msgs__rosidl_generator_py.dir/rosidl_generator_py/custom_msgs/msg/_state_parameter_s.c.o[0m
[4.867s] [ 91%] [32mBuilding C object CMakeFiles/custom_msgs__rosidl_generator_py.dir/rosidl_generator_py/custom_msgs/msg/_effort_command_s.c.o[0m
[4.950s] [ 93%] [32m[1mLinking C shared library rosidl_generator_py/custom_msgs/libcustom_msgs__rosidl_generator_py.so[0m
[5.301s] [ 93%] Built target custom_msgs__rosidl_generator_py
[5.534s] [ 94%] [32mBuilding C object CMakeFiles/custom_msgs__rosidl_typesupport_introspection_c__pyext.dir/rosidl_generator_py/custom_msgs/_custom_msgs_s.ep.rosidl_typesupport_introspection_c.c.o[0m
[5.564s] [ 95%] [32mBuilding C object CMakeFiles/custom_msgs__rosidl_typesupport_c__pyext.dir/rosidl_generator_py/custom_msgs/_custom_msgs_s.ep.rosidl_typesupport_c.c.o[0m
[5.569s] [ 96%] [32mBuilding C object CMakeFiles/custom_msgs__rosidl_typesupport_fastrtps_c__pyext.dir/rosidl_generator_py/custom_msgs/_custom_msgs_s.ep.rosidl_typesupport_fastrtps_c.c.o[0m
[5.993s] [ 97%] [32m[1mLinking C shared library rosidl_generator_py/custom_msgs/custom_msgs_s__rosidl_typesupport_fastrtps_c.cpython-310-x86_64-linux-gnu.so[0m
[5.999s] [ 98%] [32m[1mLinking C shared library rosidl_generator_py/custom_msgs/custom_msgs_s__rosidl_typesupport_introspection_c.cpython-310-x86_64-linux-gnu.so[0m
[5.999s] [100%] [32m[1mLinking C shared library rosidl_generator_py/custom_msgs/custom_msgs_s__rosidl_typesupport_c.cpython-310-x86_64-linux-gnu.so[0m
[6.030s] [100%] Built target custom_msgs__rosidl_typesupport_fastrtps_c__pyext
[6.035s] [100%] Built target custom_msgs__rosidl_typesupport_c__pyext
[6.039s] [100%] Built target custom_msgs__rosidl_typesupport_introspection_c__pyext
[6.052s] Invoked command in '/home/ziyang/franka_ros2_endowrist_ws/src/custom_msgs/build/custom_msgs' returned '0': CMAKE_PREFIX_PATH=/opt/ros/humble /usr/bin/cmake --build /home/ziyang/franka_ros2_endowrist_ws/src/custom_msgs/build/custom_msgs -- -j32 -l32
[6.065s] Invoking command in '/home/ziyang/franka_ros2_endowrist_ws/src/custom_msgs/build/custom_msgs': CMAKE_PREFIX_PATH=/opt/ros/humble /usr/bin/cmake --install /home/ziyang/franka_ros2_endowrist_ws/src/custom_msgs/build/custom_msgs
[6.084s] -- Install configuration: ""
[6.084s] -- Installing: /home/ziyang/franka_ros2_endowrist_ws/src/custom_msgs/install/custom_msgs/share/ament_index/resource_index/rosidl_interfaces/custom_msgs
[6.084s] -- Installing: /home/ziyang/franka_ros2_endowrist_ws/src/custom_msgs/install/custom_msgs/include/custom_msgs/custom_msgs
[6.084s] -- Installing: /home/ziyang/franka_ros2_endowrist_ws/src/custom_msgs/install/custom_msgs/include/custom_msgs/custom_msgs/msg
[6.085s] -- Installing: /home/ziyang/franka_ros2_endowrist_ws/src/custom_msgs/install/custom_msgs/include/custom_msgs/custom_msgs/msg/lambda_command.h
[6.085s] -- Installing: /home/ziyang/franka_ros2_endowrist_ws/src/custom_msgs/install/custom_msgs/include/custom_msgs/custom_msgs/msg/motor_measurement.h
[6.085s] -- Installing: /home/ziyang/franka_ros2_endowrist_ws/src/custom_msgs/install/custom_msgs/include/custom_msgs/custom_msgs/msg/task_space_command.h
[6.085s] -- Installing: /home/ziyang/franka_ros2_endowrist_ws/src/custom_msgs/install/custom_msgs/include/custom_msgs/custom_msgs/msg/detail
[6.085s] -- Installing: /home/ziyang/franka_ros2_endowrist_ws/src/custom_msgs/install/custom_msgs/include/custom_msgs/custom_msgs/msg/detail/motor_command__type_support.h
[6.085s] -- Installing: /home/ziyang/franka_ros2_endowrist_ws/src/custom_msgs/install/custom_msgs/include/custom_msgs/custom_msgs/msg/detail/state_parameter__functions.c
[6.085s] -- Installing: /home/ziyang/franka_ros2_endowrist_ws/src/custom_msgs/install/custom_msgs/include/custom_msgs/custom_msgs/msg/detail/task_space_command__type_support.h
[6.085s] -- Installing: /home/ziyang/franka_ros2_endowrist_ws/src/custom_msgs/install/custom_msgs/include/custom_msgs/custom_msgs/msg/detail/effort_command__functions.h
[6.085s] -- Installing: /home/ziyang/franka_ros2_endowrist_ws/src/custom_msgs/install/custom_msgs/include/custom_msgs/custom_msgs/msg/detail/motor_command__struct.h
[6.085s] -- Installing: /home/ziyang/franka_ros2_endowrist_ws/src/custom_msgs/install/custom_msgs/include/custom_msgs/custom_msgs/msg/detail/effort_command__functions.c
[6.085s] -- Installing: /home/ziyang/franka_ros2_endowrist_ws/src/custom_msgs/install/custom_msgs/include/custom_msgs/custom_msgs/msg/detail/custom_var__functions.c
[6.085s] -- Installing: /home/ziyang/franka_ros2_endowrist_ws/src/custom_msgs/install/custom_msgs/include/custom_msgs/custom_msgs/msg/detail/motor_measurement__struct.h
[6.086s] -- Installing: /home/ziyang/franka_ros2_endowrist_ws/src/custom_msgs/install/custom_msgs/include/custom_msgs/custom_msgs/msg/detail/motor_measurement__functions.c
[6.086s] -- Installing: /home/ziyang/franka_ros2_endowrist_ws/src/custom_msgs/install/custom_msgs/include/custom_msgs/custom_msgs/msg/detail/custom_var__functions.h
[6.086s] -- Installing: /home/ziyang/franka_ros2_endowrist_ws/src/custom_msgs/install/custom_msgs/include/custom_msgs/custom_msgs/msg/detail/motor_command__functions.h
[6.086s] -- Installing: /home/ziyang/franka_ros2_endowrist_ws/src/custom_msgs/install/custom_msgs/include/custom_msgs/custom_msgs/msg/detail/task_space_command__struct.h
[6.086s] -- Installing: /home/ziyang/franka_ros2_endowrist_ws/src/custom_msgs/install/custom_msgs/include/custom_msgs/custom_msgs/msg/detail/motor_measurement__functions.h
[6.086s] -- Installing: /home/ziyang/franka_ros2_endowrist_ws/src/custom_msgs/install/custom_msgs/include/custom_msgs/custom_msgs/msg/detail/lambda_command__type_support.h
[6.086s] -- Installing: /home/ziyang/franka_ros2_endowrist_ws/src/custom_msgs/install/custom_msgs/include/custom_msgs/custom_msgs/msg/detail/motor_command__functions.c
[6.086s] -- Installing: /home/ziyang/franka_ros2_endowrist_ws/src/custom_msgs/install/custom_msgs/include/custom_msgs/custom_msgs/msg/detail/effort_command__struct.h
[6.086s] -- Installing: /home/ziyang/franka_ros2_endowrist_ws/src/custom_msgs/install/custom_msgs/include/custom_msgs/custom_msgs/msg/detail/custom_var__type_support.h
[6.086s] -- Installing: /home/ziyang/franka_ros2_endowrist_ws/src/custom_msgs/install/custom_msgs/include/custom_msgs/custom_msgs/msg/detail/state_parameter__type_support.h
[6.086s] -- Installing: /home/ziyang/franka_ros2_endowrist_ws/src/custom_msgs/install/custom_msgs/include/custom_msgs/custom_msgs/msg/detail/task_space_command__functions.h
[6.086s] -- Installing: /home/ziyang/franka_ros2_endowrist_ws/src/custom_msgs/install/custom_msgs/include/custom_msgs/custom_msgs/msg/detail/effort_command__type_support.h
[6.086s] -- Installing: /home/ziyang/franka_ros2_endowrist_ws/src/custom_msgs/install/custom_msgs/include/custom_msgs/custom_msgs/msg/detail/state_parameter__functions.h
[6.086s] -- Installing: /home/ziyang/franka_ros2_endowrist_ws/src/custom_msgs/install/custom_msgs/include/custom_msgs/custom_msgs/msg/detail/motor_measurement__type_support.h
[6.086s] -- Installing: /home/ziyang/franka_ros2_endowrist_ws/src/custom_msgs/install/custom_msgs/include/custom_msgs/custom_msgs/msg/detail/lambda_command__functions.h
[6.087s] -- Installing: /home/ziyang/franka_ros2_endowrist_ws/src/custom_msgs/install/custom_msgs/include/custom_msgs/custom_msgs/msg/detail/lambda_command__struct.h
[6.087s] -- Installing: /home/ziyang/franka_ros2_endowrist_ws/src/custom_msgs/install/custom_msgs/include/custom_msgs/custom_msgs/msg/detail/task_space_command__functions.c
[6.087s] -- Installing: /home/ziyang/franka_ros2_endowrist_ws/src/custom_msgs/install/custom_msgs/include/custom_msgs/custom_msgs/msg/detail/lambda_command__functions.c
[6.087s] -- Installing: /home/ziyang/franka_ros2_endowrist_ws/src/custom_msgs/install/custom_msgs/include/custom_msgs/custom_msgs/msg/detail/custom_var__struct.h
[6.087s] -- Installing: /home/ziyang/franka_ros2_endowrist_ws/src/custom_msgs/install/custom_msgs/include/custom_msgs/custom_msgs/msg/detail/state_parameter__struct.h
[6.087s] -- Installing: /home/ziyang/franka_ros2_endowrist_ws/src/custom_msgs/install/custom_msgs/include/custom_msgs/custom_msgs/msg/motor_command.h
[6.087s] -- Installing: /home/ziyang/franka_ros2_endowrist_ws/src/custom_msgs/install/custom_msgs/include/custom_msgs/custom_msgs/msg/rosidl_generator_c__visibility_control.h
[6.087s] -- Installing: /home/ziyang/franka_ros2_endowrist_ws/src/custom_msgs/install/custom_msgs/include/custom_msgs/custom_msgs/msg/effort_command.h
[6.087s] -- Installing: /home/ziyang/franka_ros2_endowrist_ws/src/custom_msgs/install/custom_msgs/include/custom_msgs/custom_msgs/msg/state_parameter.h
[6.087s] -- Installing: /home/ziyang/franka_ros2_endowrist_ws/src/custom_msgs/install/custom_msgs/include/custom_msgs/custom_msgs/msg/custom_var.h
[6.087s] -- Installing: /home/ziyang/franka_ros2_endowrist_ws/src/custom_msgs/install/custom_msgs/include/custom_msgs/custom_msgs/srv
[6.087s] -- Installing: /home/ziyang/franka_ros2_endowrist_ws/src/custom_msgs/install/custom_msgs/include/custom_msgs/custom_msgs/srv/joint_position_adjust.h
[6.087s] -- Installing: /home/ziyang/franka_ros2_endowrist_ws/src/custom_msgs/install/custom_msgs/include/custom_msgs/custom_msgs/srv/detail
[6.087s] -- Installing: /home/ziyang/franka_ros2_endowrist_ws/src/custom_msgs/install/custom_msgs/include/custom_msgs/custom_msgs/srv/detail/joint_position_adjust__functions.h
[6.087s] -- Installing: /home/ziyang/franka_ros2_endowrist_ws/src/custom_msgs/install/custom_msgs/include/custom_msgs/custom_msgs/srv/detail/joint_position_adjust__type_support.h
[6.088s] -- Installing: /home/ziyang/franka_ros2_endowrist_ws/src/custom_msgs/install/custom_msgs/include/custom_msgs/custom_msgs/srv/detail/joint_position_adjust__functions.c
[6.088s] -- Installing: /home/ziyang/franka_ros2_endowrist_ws/src/custom_msgs/install/custom_msgs/include/custom_msgs/custom_msgs/srv/detail/joint_position_adjust__struct.h
[6.088s] -- Installing: /home/ziyang/franka_ros2_endowrist_ws/src/custom_msgs/install/custom_msgs/share/custom_msgs/environment/library_path.sh
[6.088s] -- Installing: /home/ziyang/franka_ros2_endowrist_ws/src/custom_msgs/install/custom_msgs/share/custom_msgs/environment/library_path.dsv
[6.088s] -- Installing: /home/ziyang/franka_ros2_endowrist_ws/src/custom_msgs/install/custom_msgs/lib/libcustom_msgs__rosidl_generator_c.so
[6.088s] -- Set runtime path of "/home/ziyang/franka_ros2_endowrist_ws/src/custom_msgs/install/custom_msgs/lib/libcustom_msgs__rosidl_generator_c.so" to ""
[6.088s] -- Up-to-date: /home/ziyang/franka_ros2_endowrist_ws/src/custom_msgs/install/custom_msgs/include/custom_msgs/custom_msgs
[6.088s] -- Up-to-date: /home/ziyang/franka_ros2_endowrist_ws/src/custom_msgs/install/custom_msgs/include/custom_msgs/custom_msgs/msg
[6.088s] -- Up-to-date: /home/ziyang/franka_ros2_endowrist_ws/src/custom_msgs/install/custom_msgs/include/custom_msgs/custom_msgs/msg/detail
[6.088s] -- Installing: /home/ziyang/franka_ros2_endowrist_ws/src/custom_msgs/install/custom_msgs/include/custom_msgs/custom_msgs/msg/detail/state_parameter__rosidl_typesupport_fastrtps_c.h
[6.088s] -- Installing: /home/ziyang/franka_ros2_endowrist_ws/src/custom_msgs/install/custom_msgs/include/custom_msgs/custom_msgs/msg/detail/task_space_command__rosidl_typesupport_fastrtps_c.h
[6.088s] -- Installing: /home/ziyang/franka_ros2_endowrist_ws/src/custom_msgs/install/custom_msgs/include/custom_msgs/custom_msgs/msg/detail/motor_command__rosidl_typesupport_fastrtps_c.h
[6.089s] -- Installing: /home/ziyang/franka_ros2_endowrist_ws/src/custom_msgs/install/custom_msgs/include/custom_msgs/custom_msgs/msg/detail/lambda_command__rosidl_typesupport_fastrtps_c.h
[6.089s] -- Installing: /home/ziyang/franka_ros2_endowrist_ws/src/custom_msgs/install/custom_msgs/include/custom_msgs/custom_msgs/msg/detail/effort_command__rosidl_typesupport_fastrtps_c.h
[6.089s] -- Installing: /home/ziyang/franka_ros2_endowrist_ws/src/custom_msgs/install/custom_msgs/include/custom_msgs/custom_msgs/msg/detail/motor_measurement__rosidl_typesupport_fastrtps_c.h
[6.089s] -- Installing: /home/ziyang/franka_ros2_endowrist_ws/src/custom_msgs/install/custom_msgs/include/custom_msgs/custom_msgs/msg/detail/custom_var__rosidl_typesupport_fastrtps_c.h
[6.089s] -- Installing: /home/ziyang/franka_ros2_endowrist_ws/src/custom_msgs/install/custom_msgs/include/custom_msgs/custom_msgs/msg/rosidl_typesupport_fastrtps_c__visibility_control.h
[6.089s] -- Up-to-date: /home/ziyang/franka_ros2_endowrist_ws/src/custom_msgs/install/custom_msgs/include/custom_msgs/custom_msgs/srv
[6.089s] -- Up-to-date: /home/ziyang/franka_ros2_endowrist_ws/src/custom_msgs/install/custom_msgs/include/custom_msgs/custom_msgs/srv/detail
[6.089s] -- Installing: /home/ziyang/franka_ros2_endowrist_ws/src/custom_msgs/install/custom_msgs/include/custom_msgs/custom_msgs/srv/detail/joint_position_adjust__rosidl_typesupport_fastrtps_c.h
[6.089s] -- Installing: /home/ziyang/franka_ros2_endowrist_ws/src/custom_msgs/install/custom_msgs/lib/libcustom_msgs__rosidl_typesupport_fastrtps_c.so
[6.089s] -- Set runtime path of "/home/ziyang/franka_ros2_endowrist_ws/src/custom_msgs/install/custom_msgs/lib/libcustom_msgs__rosidl_typesupport_fastrtps_c.so" to ""
[6.089s] -- Up-to-date: /home/ziyang/franka_ros2_endowrist_ws/src/custom_msgs/install/custom_msgs/include/custom_msgs/custom_msgs
[6.090s] -- Up-to-date: /home/ziyang/franka_ros2_endowrist_ws/src/custom_msgs/install/custom_msgs/include/custom_msgs/custom_msgs/msg
[6.090s] -- Installing: /home/ziyang/franka_ros2_endowrist_ws/src/custom_msgs/install/custom_msgs/include/custom_msgs/custom_msgs/msg/motor_measurement.hpp
[6.090s] -- Installing: /home/ziyang/franka_ros2_endowrist_ws/src/custom_msgs/install/custom_msgs/include/custom_msgs/custom_msgs/msg/lambda_command.hpp
[6.090s] -- Installing: /home/ziyang/franka_ros2_endowrist_ws/src/custom_msgs/install/custom_msgs/include/custom_msgs/custom_msgs/msg/custom_var.hpp
[6.090s] -- Up-to-date: /home/ziyang/franka_ros2_endowrist_ws/src/custom_msgs/install/custom_msgs/include/custom_msgs/custom_msgs/msg/detail
[6.090s] -- Installing: /home/ziyang/franka_ros2_endowrist_ws/src/custom_msgs/install/custom_msgs/include/custom_msgs/custom_msgs/msg/detail/task_space_command__builder.hpp
[6.090s] -- Installing: /home/ziyang/franka_ros2_endowrist_ws/src/custom_msgs/install/custom_msgs/include/custom_msgs/custom_msgs/msg/detail/lambda_command__builder.hpp
[6.090s] -- Installing: /home/ziyang/franka_ros2_endowrist_ws/src/custom_msgs/install/custom_msgs/include/custom_msgs/custom_msgs/msg/detail/effort_command__type_support.hpp
[6.090s] -- Installing: /home/ziyang/franka_ros2_endowrist_ws/src/custom_msgs/install/custom_msgs/include/custom_msgs/custom_msgs/msg/detail/motor_measurement__traits.hpp
[6.090s] -- Installing: /home/ziyang/franka_ros2_endowrist_ws/src/custom_msgs/install/custom_msgs/include/custom_msgs/custom_msgs/msg/detail/state_parameter__builder.hpp
[6.090s] -- Installing: /home/ziyang/franka_ros2_endowrist_ws/src/custom_msgs/install/custom_msgs/include/custom_msgs/custom_msgs/msg/detail/effort_command__struct.hpp
[6.090s] -- Installing: /home/ziyang/franka_ros2_endowrist_ws/src/custom_msgs/install/custom_msgs/include/custom_msgs/custom_msgs/msg/detail/motor_command__traits.hpp
[6.090s] -- Installing: /home/ziyang/franka_ros2_endowrist_ws/src/custom_msgs/install/custom_msgs/include/custom_msgs/custom_msgs/msg/detail/task_space_command__traits.hpp
[6.090s] -- Installing: /home/ziyang/franka_ros2_endowrist_ws/src/custom_msgs/install/custom_msgs/include/custom_msgs/custom_msgs/msg/detail/custom_var__builder.hpp
[6.090s] -- Installing: /home/ziyang/franka_ros2_endowrist_ws/src/custom_msgs/install/custom_msgs/include/custom_msgs/custom_msgs/msg/detail/motor_measurement__builder.hpp
[6.090s] -- Installing: /home/ziyang/franka_ros2_endowrist_ws/src/custom_msgs/install/custom_msgs/include/custom_msgs/custom_msgs/msg/detail/task_space_command__struct.hpp
[6.090s] -- Installing: /home/ziyang/franka_ros2_endowrist_ws/src/custom_msgs/install/custom_msgs/include/custom_msgs/custom_msgs/msg/detail/state_parameter__struct.hpp
[6.091s] -- Installing: /home/ziyang/franka_ros2_endowrist_ws/src/custom_msgs/install/custom_msgs/include/custom_msgs/custom_msgs/msg/detail/motor_command__struct.hpp
[6.091s] -- Installing: /home/ziyang/franka_ros2_endowrist_ws/src/custom_msgs/install/custom_msgs/include/custom_msgs/custom_msgs/msg/detail/motor_measurement__type_support.hpp
[6.091s] -- Installing: /home/ziyang/franka_ros2_endowrist_ws/src/custom_msgs/install/custom_msgs/include/custom_msgs/custom_msgs/msg/detail/state_parameter__type_support.hpp
[6.091s] -- Installing: /home/ziyang/franka_ros2_endowrist_ws/src/custom_msgs/install/custom_msgs/include/custom_msgs/custom_msgs/msg/detail/motor_measurement__struct.hpp
[6.091s] -- Installing: /home/ziyang/franka_ros2_endowrist_ws/src/custom_msgs/install/custom_msgs/include/custom_msgs/custom_msgs/msg/detail/custom_var__traits.hpp
[6.091s] -- Installing: /home/ziyang/franka_ros2_endowrist_ws/src/custom_msgs/install/custom_msgs/include/custom_msgs/custom_msgs/msg/detail/effort_command__traits.hpp
[6.091s] -- Installing: /home/ziyang/franka_ros2_endowrist_ws/src/custom_msgs/install/custom_msgs/include/custom_msgs/custom_msgs/msg/detail/lambda_command__type_support.hpp
[6.091s] -- Installing: /home/ziyang/franka_ros2_endowrist_ws/src/custom_msgs/install/custom_msgs/include/custom_msgs/custom_msgs/msg/detail/custom_var__type_support.hpp
[6.091s] -- Installing: /home/ziyang/franka_ros2_endowrist_ws/src/custom_msgs/install/custom_msgs/include/custom_msgs/custom_msgs/msg/detail/custom_var__struct.hpp
[6.091s] -- Installing: /home/ziyang/franka_ros2_endowrist_ws/src/custom_msgs/install/custom_msgs/include/custom_msgs/custom_msgs/msg/detail/effort_command__builder.hpp
[6.091s] -- Installing: /home/ziyang/franka_ros2_endowrist_ws/src/custom_msgs/install/custom_msgs/include/custom_msgs/custom_msgs/msg/detail/motor_command__builder.hpp
[6.092s] -- Installing: /home/ziyang/franka_ros2_endowrist_ws/src/custom_msgs/install/custom_msgs/include/custom_msgs/custom_msgs/msg/detail/lambda_command__struct.hpp
[6.092s] -- Installing: /home/ziyang/franka_ros2_endowrist_ws/src/custom_msgs/install/custom_msgs/include/custom_msgs/custom_msgs/msg/detail/state_parameter__traits.hpp
[6.092s] -- Installing: /home/ziyang/franka_ros2_endowrist_ws/src/custom_msgs/install/custom_msgs/include/custom_msgs/custom_msgs/msg/detail/motor_command__type_support.hpp
[6.092s] -- Installing: /home/ziyang/franka_ros2_endowrist_ws/src/custom_msgs/install/custom_msgs/include/custom_msgs/custom_msgs/msg/detail/task_space_command__type_support.hpp
[6.092s] -- Installing: /home/ziyang/franka_ros2_endowrist_ws/src/custom_msgs/install/custom_msgs/include/custom_msgs/custom_msgs/msg/detail/lambda_command__traits.hpp
[6.092s] -- Installing: /home/ziyang/franka_ros2_endowrist_ws/src/custom_msgs/install/custom_msgs/include/custom_msgs/custom_msgs/msg/effort_command.hpp
[6.092s] -- Installing: /home/ziyang/franka_ros2_endowrist_ws/src/custom_msgs/install/custom_msgs/include/custom_msgs/custom_msgs/msg/task_space_command.hpp
[6.092s] -- Installing: /home/ziyang/franka_ros2_endowrist_ws/src/custom_msgs/install/custom_msgs/include/custom_msgs/custom_msgs/msg/motor_command.hpp
[6.092s] -- Installing: /home/ziyang/franka_ros2_endowrist_ws/src/custom_msgs/install/custom_msgs/include/custom_msgs/custom_msgs/msg/state_parameter.hpp
[6.092s] -- Installing: /home/ziyang/franka_ros2_endowrist_ws/src/custom_msgs/install/custom_msgs/include/custom_msgs/custom_msgs/msg/rosidl_generator_cpp__visibility_control.hpp
[6.092s] -- Up-to-date: /home/ziyang/franka_ros2_endowrist_ws/src/custom_msgs/install/custom_msgs/include/custom_msgs/custom_msgs/srv
[6.093s] -- Up-to-date: /home/ziyang/franka_ros2_endowrist_ws/src/custom_msgs/install/custom_msgs/include/custom_msgs/custom_msgs/srv/detail
[6.093s] -- Installing: /home/ziyang/franka_ros2_endowrist_ws/src/custom_msgs/install/custom_msgs/include/custom_msgs/custom_msgs/srv/detail/joint_position_adjust__builder.hpp
[6.093s] -- Installing: /home/ziyang/franka_ros2_endowrist_ws/src/custom_msgs/install/custom_msgs/include/custom_msgs/custom_msgs/srv/detail/joint_position_adjust__struct.hpp
[6.093s] -- Installing: /home/ziyang/franka_ros2_endowrist_ws/src/custom_msgs/install/custom_msgs/include/custom_msgs/custom_msgs/srv/detail/joint_position_adjust__type_support.hpp
[6.093s] -- Installing: /home/ziyang/franka_ros2_endowrist_ws/src/custom_msgs/install/custom_msgs/include/custom_msgs/custom_msgs/srv/detail/joint_position_adjust__traits.hpp
[6.093s] -- Installing: /home/ziyang/franka_ros2_endowrist_ws/src/custom_msgs/install/custom_msgs/include/custom_msgs/custom_msgs/srv/joint_position_adjust.hpp
[6.093s] -- Up-to-date: /home/ziyang/franka_ros2_endowrist_ws/src/custom_msgs/install/custom_msgs/include/custom_msgs/custom_msgs
[6.093s] -- Up-to-date: /home/ziyang/franka_ros2_endowrist_ws/src/custom_msgs/install/custom_msgs/include/custom_msgs/custom_msgs/msg
[6.093s] -- Installing: /home/ziyang/franka_ros2_endowrist_ws/src/custom_msgs/install/custom_msgs/include/custom_msgs/custom_msgs/msg/rosidl_typesupport_fastrtps_cpp__visibility_control.h
[6.093s] -- Up-to-date: /home/ziyang/franka_ros2_endowrist_ws/src/custom_msgs/install/custom_msgs/include/custom_msgs/custom_msgs/msg/detail
[6.094s] -- Installing: /home/ziyang/franka_ros2_endowrist_ws/src/custom_msgs/install/custom_msgs/include/custom_msgs/custom_msgs/msg/detail/motor_command__rosidl_typesupport_fastrtps_cpp.hpp
[6.094s] -- Installing: /home/ziyang/franka_ros2_endowrist_ws/src/custom_msgs/install/custom_msgs/include/custom_msgs/custom_msgs/msg/detail/custom_var__rosidl_typesupport_fastrtps_cpp.hpp
[6.094s] -- Installing: /home/ziyang/franka_ros2_endowrist_ws/src/custom_msgs/install/custom_msgs/include/custom_msgs/custom_msgs/msg/detail/lambda_command__rosidl_typesupport_fastrtps_cpp.hpp
[6.094s] -- Installing: /home/ziyang/franka_ros2_endowrist_ws/src/custom_msgs/install/custom_msgs/include/custom_msgs/custom_msgs/msg/detail/task_space_command__rosidl_typesupport_fastrtps_cpp.hpp
[6.094s] -- Installing: /home/ziyang/franka_ros2_endowrist_ws/src/custom_msgs/install/custom_msgs/include/custom_msgs/custom_msgs/msg/detail/state_parameter__rosidl_typesupport_fastrtps_cpp.hpp
[6.094s] -- Installing: /home/ziyang/franka_ros2_endowrist_ws/src/custom_msgs/install/custom_msgs/include/custom_msgs/custom_msgs/msg/detail/effort_command__rosidl_typesupport_fastrtps_cpp.hpp
[6.094s] -- Installing: /home/ziyang/franka_ros2_endowrist_ws/src/custom_msgs/install/custom_msgs/include/custom_msgs/custom_msgs/msg/detail/motor_measurement__rosidl_typesupport_fastrtps_cpp.hpp
[6.094s] -- Installing: /home/ziyang/franka_ros2_endowrist_ws/src/custom_msgs/install/custom_msgs/include/custom_msgs/custom_msgs/msg/detail/dds_fastrtps
[6.094s] -- Up-to-date: /home/ziyang/franka_ros2_endowrist_ws/src/custom_msgs/install/custom_msgs/include/custom_msgs/custom_msgs/srv
[6.094s] -- Up-to-date: /home/ziyang/franka_ros2_endowrist_ws/src/custom_msgs/install/custom_msgs/include/custom_msgs/custom_msgs/srv/detail
[6.094s] -- Installing: /home/ziyang/franka_ros2_endowrist_ws/src/custom_msgs/install/custom_msgs/include/custom_msgs/custom_msgs/srv/detail/joint_position_adjust__rosidl_typesupport_fastrtps_cpp.hpp
[6.095s] -- Installing: /home/ziyang/franka_ros2_endowrist_ws/src/custom_msgs/install/custom_msgs/include/custom_msgs/custom_msgs/srv/detail/dds_fastrtps
[6.095s] -- Installing: /home/ziyang/franka_ros2_endowrist_ws/src/custom_msgs/install/custom_msgs/lib/libcustom_msgs__rosidl_typesupport_fastrtps_cpp.so
[6.095s] -- Set runtime path of "/home/ziyang/franka_ros2_endowrist_ws/src/custom_msgs/install/custom_msgs/lib/libcustom_msgs__rosidl_typesupport_fastrtps_cpp.so" to ""
[6.095s] -- Up-to-date: /home/ziyang/franka_ros2_endowrist_ws/src/custom_msgs/install/custom_msgs/include/custom_msgs/custom_msgs
[6.095s] -- Up-to-date: /home/ziyang/franka_ros2_endowrist_ws/src/custom_msgs/install/custom_msgs/include/custom_msgs/custom_msgs/msg
[6.095s] -- Up-to-date: /home/ziyang/franka_ros2_endowrist_ws/src/custom_msgs/install/custom_msgs/include/custom_msgs/custom_msgs/msg/detail
[6.095s] -- Installing: /home/ziyang/franka_ros2_endowrist_ws/src/custom_msgs/install/custom_msgs/include/custom_msgs/custom_msgs/msg/detail/motor_measurement__type_support.c
[6.096s] -- Installing: /home/ziyang/franka_ros2_endowrist_ws/src/custom_msgs/install/custom_msgs/include/custom_msgs/custom_msgs/msg/detail/task_space_command__rosidl_typesupport_introspection_c.h
[6.096s] -- Installing: /home/ziyang/franka_ros2_endowrist_ws/src/custom_msgs/install/custom_msgs/include/custom_msgs/custom_msgs/msg/detail/lambda_command__rosidl_typesupport_introspection_c.h
[6.096s] -- Installing: /home/ziyang/franka_ros2_endowrist_ws/src/custom_msgs/install/custom_msgs/include/custom_msgs/custom_msgs/msg/detail/state_parameter__rosidl_typesupport_introspection_c.h
[6.096s] -- Installing: /home/ziyang/franka_ros2_endowrist_ws/src/custom_msgs/install/custom_msgs/include/custom_msgs/custom_msgs/msg/detail/lambda_command__type_support.c
[6.096s] -- Installing: /home/ziyang/franka_ros2_endowrist_ws/src/custom_msgs/install/custom_msgs/include/custom_msgs/custom_msgs/msg/detail/effort_command__type_support.c
[6.096s] -- Installing: /home/ziyang/franka_ros2_endowrist_ws/src/custom_msgs/install/custom_msgs/include/custom_msgs/custom_msgs/msg/detail/effort_command__rosidl_typesupport_introspection_c.h
[6.096s] -- Installing: /home/ziyang/franka_ros2_endowrist_ws/src/custom_msgs/install/custom_msgs/include/custom_msgs/custom_msgs/msg/detail/state_parameter__type_support.c
[6.096s] -- Installing: /home/ziyang/franka_ros2_endowrist_ws/src/custom_msgs/install/custom_msgs/include/custom_msgs/custom_msgs/msg/detail/motor_measurement__rosidl_typesupport_introspection_c.h
[6.096s] -- Installing: /home/ziyang/franka_ros2_endowrist_ws/src/custom_msgs/install/custom_msgs/include/custom_msgs/custom_msgs/msg/detail/motor_command__rosidl_typesupport_introspection_c.h
[6.096s] -- Installing: /home/ziyang/franka_ros2_endowrist_ws/src/custom_msgs/install/custom_msgs/include/custom_msgs/custom_msgs/msg/detail/custom_var__type_support.c
[6.096s] -- Installing: /home/ziyang/franka_ros2_endowrist_ws/src/custom_msgs/install/custom_msgs/include/custom_msgs/custom_msgs/msg/detail/task_space_command__type_support.c
[6.097s] -- Installing: /home/ziyang/franka_ros2_endowrist_ws/src/custom_msgs/install/custom_msgs/include/custom_msgs/custom_msgs/msg/detail/custom_var__rosidl_typesupport_introspection_c.h
[6.097s] -- Installing: /home/ziyang/franka_ros2_endowrist_ws/src/custom_msgs/install/custom_msgs/include/custom_msgs/custom_msgs/msg/detail/motor_command__type_support.c
[6.097s] -- Installing: /home/ziyang/franka_ros2_endowrist_ws/src/custom_msgs/install/custom_msgs/include/custom_msgs/custom_msgs/msg/rosidl_typesupport_introspection_c__visibility_control.h
[6.097s] -- Up-to-date: /home/ziyang/franka_ros2_endowrist_ws/src/custom_msgs/install/custom_msgs/include/custom_msgs/custom_msgs/srv
[6.097s] -- Up-to-date: /home/ziyang/franka_ros2_endowrist_ws/src/custom_msgs/install/custom_msgs/include/custom_msgs/custom_msgs/srv/detail
[6.097s] -- Installing: /home/ziyang/franka_ros2_endowrist_ws/src/custom_msgs/install/custom_msgs/include/custom_msgs/custom_msgs/srv/detail/joint_position_adjust__type_support.c
[6.097s] -- Installing: /home/ziyang/franka_ros2_endowrist_ws/src/custom_msgs/install/custom_msgs/include/custom_msgs/custom_msgs/srv/detail/joint_position_adjust__rosidl_typesupport_introspection_c.h
[6.097s] -- Installing: /home/ziyang/franka_ros2_endowrist_ws/src/custom_msgs/install/custom_msgs/lib/libcustom_msgs__rosidl_typesupport_introspection_c.so
[6.098s] -- Set runtime path of "/home/ziyang/franka_ros2_endowrist_ws/src/custom_msgs/install/custom_msgs/lib/libcustom_msgs__rosidl_typesupport_introspection_c.so" to ""
[6.098s] -- Installing: /home/ziyang/franka_ros2_endowrist_ws/src/custom_msgs/install/custom_msgs/lib/libcustom_msgs__rosidl_typesupport_c.so
[6.098s] -- Set runtime path of "/home/ziyang/franka_ros2_endowrist_ws/src/custom_msgs/install/custom_msgs/lib/libcustom_msgs__rosidl_typesupport_c.so" to ""
[6.098s] -- Up-to-date: /home/ziyang/franka_ros2_endowrist_ws/src/custom_msgs/install/custom_msgs/include/custom_msgs/custom_msgs
[6.098s] -- Up-to-date: /home/ziyang/franka_ros2_endowrist_ws/src/custom_msgs/install/custom_msgs/include/custom_msgs/custom_msgs/msg
[6.098s] -- Up-to-date: /home/ziyang/franka_ros2_endowrist_ws/src/custom_msgs/install/custom_msgs/include/custom_msgs/custom_msgs/msg/detail
[6.098s] -- Installing: /home/ziyang/franka_ros2_endowrist_ws/src/custom_msgs/install/custom_msgs/include/custom_msgs/custom_msgs/msg/detail/effort_command__rosidl_typesupport_introspection_cpp.hpp
[6.098s] -- Installing: /home/ziyang/franka_ros2_endowrist_ws/src/custom_msgs/install/custom_msgs/include/custom_msgs/custom_msgs/msg/detail/lambda_command__type_support.cpp
[6.098s] -- Installing: /home/ziyang/franka_ros2_endowrist_ws/src/custom_msgs/install/custom_msgs/include/custom_msgs/custom_msgs/msg/detail/custom_var__type_support.cpp
[6.098s] -- Installing: /home/ziyang/franka_ros2_endowrist_ws/src/custom_msgs/install/custom_msgs/include/custom_msgs/custom_msgs/msg/detail/task_space_command__rosidl_typesupport_introspection_cpp.hpp
[6.098s] -- Installing: /home/ziyang/franka_ros2_endowrist_ws/src/custom_msgs/install/custom_msgs/include/custom_msgs/custom_msgs/msg/detail/state_parameter__type_support.cpp
[6.098s] -- Installing: /home/ziyang/franka_ros2_endowrist_ws/src/custom_msgs/install/custom_msgs/include/custom_msgs/custom_msgs/msg/detail/motor_command__type_support.cpp
[6.098s] -- Installing: /home/ziyang/franka_ros2_endowrist_ws/src/custom_msgs/install/custom_msgs/include/custom_msgs/custom_msgs/msg/detail/state_parameter__rosidl_typesupport_introspection_cpp.hpp
[6.099s] -- Installing: /home/ziyang/franka_ros2_endowrist_ws/src/custom_msgs/install/custom_msgs/include/custom_msgs/custom_msgs/msg/detail/motor_command__rosidl_typesupport_introspection_cpp.hpp
[6.099s] -- Installing: /home/ziyang/franka_ros2_endowrist_ws/src/custom_msgs/install/custom_msgs/include/custom_msgs/custom_msgs/msg/detail/task_space_command__type_support.cpp
[6.099s] -- Installing: /home/ziyang/franka_ros2_endowrist_ws/src/custom_msgs/install/custom_msgs/include/custom_msgs/custom_msgs/msg/detail/motor_measurement__rosidl_typesupport_introspection_cpp.hpp
[6.099s] -- Installing: /home/ziyang/franka_ros2_endowrist_ws/src/custom_msgs/install/custom_msgs/include/custom_msgs/custom_msgs/msg/detail/custom_var__rosidl_typesupport_introspection_cpp.hpp
[6.099s] -- Installing: /home/ziyang/franka_ros2_endowrist_ws/src/custom_msgs/install/custom_msgs/include/custom_msgs/custom_msgs/msg/detail/motor_measurement__type_support.cpp
[6.099s] -- Installing: /home/ziyang/franka_ros2_endowrist_ws/src/custom_msgs/install/custom_msgs/include/custom_msgs/custom_msgs/msg/detail/lambda_command__rosidl_typesupport_introspection_cpp.hpp
[6.099s] -- Installing: /home/ziyang/franka_ros2_endowrist_ws/src/custom_msgs/install/custom_msgs/include/custom_msgs/custom_msgs/msg/detail/effort_command__type_support.cpp
[6.099s] -- Up-to-date: /home/ziyang/franka_ros2_endowrist_ws/src/custom_msgs/install/custom_msgs/include/custom_msgs/custom_msgs/srv
[6.099s] -- Up-to-date: /home/ziyang/franka_ros2_endowrist_ws/src/custom_msgs/install/custom_msgs/include/custom_msgs/custom_msgs/srv/detail
[6.099s] -- Installing: /home/ziyang/franka_ros2_endowrist_ws/src/custom_msgs/install/custom_msgs/include/custom_msgs/custom_msgs/srv/detail/joint_position_adjust__type_support.cpp
[6.100s] -- Installing: /home/ziyang/franka_ros2_endowrist_ws/src/custom_msgs/install/custom_msgs/include/custom_msgs/custom_msgs/srv/detail/joint_position_adjust__rosidl_typesupport_introspection_cpp.hpp
[6.100s] -- Installing: /home/ziyang/franka_ros2_endowrist_ws/src/custom_msgs/install/custom_msgs/lib/libcustom_msgs__rosidl_typesupport_introspection_cpp.so
[6.100s] -- Set runtime path of "/home/ziyang/franka_ros2_endowrist_ws/src/custom_msgs/install/custom_msgs/lib/libcustom_msgs__rosidl_typesupport_introspection_cpp.so" to ""
[6.100s] -- Installing: /home/ziyang/franka_ros2_endowrist_ws/src/custom_msgs/install/custom_msgs/lib/libcustom_msgs__rosidl_typesupport_cpp.so
[6.100s] -- Set runtime path of "/home/ziyang/franka_ros2_endowrist_ws/src/custom_msgs/install/custom_msgs/lib/libcustom_msgs__rosidl_typesupport_cpp.so" to ""
[6.100s] -- Installing: /home/ziyang/franka_ros2_endowrist_ws/src/custom_msgs/install/custom_msgs/share/custom_msgs/environment/pythonpath.sh
[6.100s] -- Installing: /home/ziyang/franka_ros2_endowrist_ws/src/custom_msgs/install/custom_msgs/share/custom_msgs/environment/pythonpath.dsv
[6.100s] -- Installing: /home/ziyang/franka_ros2_endowrist_ws/src/custom_msgs/install/custom_msgs/local/lib/python3.10/dist-packages/custom_msgs-0.0.0-py3.10.egg-info
[6.100s] -- Installing: /home/ziyang/franka_ros2_endowrist_ws/src/custom_msgs/install/custom_msgs/local/lib/python3.10/dist-packages/custom_msgs-0.0.0-py3.10.egg-info/SOURCES.txt
[6.100s] -- Installing: /home/ziyang/franka_ros2_endowrist_ws/src/custom_msgs/install/custom_msgs/local/lib/python3.10/dist-packages/custom_msgs-0.0.0-py3.10.egg-info/top_level.txt
[6.100s] -- Installing: /home/ziyang/franka_ros2_endowrist_ws/src/custom_msgs/install/custom_msgs/local/lib/python3.10/dist-packages/custom_msgs-0.0.0-py3.10.egg-info/PKG-INFO
[6.101s] -- Installing: /home/ziyang/franka_ros2_endowrist_ws/src/custom_msgs/install/custom_msgs/local/lib/python3.10/dist-packages/custom_msgs-0.0.0-py3.10.egg-info/dependency_links.txt
[6.101s] -- Installing: /home/ziyang/franka_ros2_endowrist_ws/src/custom_msgs/install/custom_msgs/local/lib/python3.10/dist-packages/custom_msgs
[6.101s] -- Installing: /home/ziyang/franka_ros2_endowrist_ws/src/custom_msgs/install/custom_msgs/local/lib/python3.10/dist-packages/custom_msgs/__init__.py
[6.101s] -- Installing: /home/ziyang/franka_ros2_endowrist_ws/src/custom_msgs/install/custom_msgs/local/lib/python3.10/dist-packages/custom_msgs/custom_msgs_s__rosidl_typesupport_introspection_c.cpython-310-x86_64-linux-gnu.so
[6.101s] -- Installing: /home/ziyang/franka_ros2_endowrist_ws/src/custom_msgs/install/custom_msgs/local/lib/python3.10/dist-packages/custom_msgs/_custom_msgs_s.ep.rosidl_typesupport_introspection_c.c
[6.101s] -- Installing: /home/ziyang/franka_ros2_endowrist_ws/src/custom_msgs/install/custom_msgs/local/lib/python3.10/dist-packages/custom_msgs/_custom_msgs_s.ep.rosidl_typesupport_c.c
[6.101s] -- Installing: /home/ziyang/franka_ros2_endowrist_ws/src/custom_msgs/install/custom_msgs/local/lib/python3.10/dist-packages/custom_msgs/msg
[6.101s] -- Installing: /home/ziyang/franka_ros2_endowrist_ws/src/custom_msgs/install/custom_msgs/local/lib/python3.10/dist-packages/custom_msgs/msg/_effort_command_s.c
[6.101s] -- Installing: /home/ziyang/franka_ros2_endowrist_ws/src/custom_msgs/install/custom_msgs/local/lib/python3.10/dist-packages/custom_msgs/msg/_state_parameter.py
[6.101s] -- Installing: /home/ziyang/franka_ros2_endowrist_ws/src/custom_msgs/install/custom_msgs/local/lib/python3.10/dist-packages/custom_msgs/msg/_lambda_command_s.c
[6.101s] -- Installing: /home/ziyang/franka_ros2_endowrist_ws/src/custom_msgs/install/custom_msgs/local/lib/python3.10/dist-packages/custom_msgs/msg/_motor_command_s.c
[6.101s] -- Installing: /home/ziyang/franka_ros2_endowrist_ws/src/custom_msgs/install/custom_msgs/local/lib/python3.10/dist-packages/custom_msgs/msg/_motor_measurement_s.c
[6.101s] -- Installing: /home/ziyang/franka_ros2_endowrist_ws/src/custom_msgs/install/custom_msgs/local/lib/python3.10/dist-packages/custom_msgs/msg/__init__.py
[6.101s] -- Installing: /home/ziyang/franka_ros2_endowrist_ws/src/custom_msgs/install/custom_msgs/local/lib/python3.10/dist-packages/custom_msgs/msg/_motor_command.py
[6.102s] -- Installing: /home/ziyang/franka_ros2_endowrist_ws/src/custom_msgs/install/custom_msgs/local/lib/python3.10/dist-packages/custom_msgs/msg/_motor_measurement.py
[6.102s] -- Installing: /home/ziyang/franka_ros2_endowrist_ws/src/custom_msgs/install/custom_msgs/local/lib/python3.10/dist-packages/custom_msgs/msg/_custom_var_s.c
[6.102s] -- Installing: /home/ziyang/franka_ros2_endowrist_ws/src/custom_msgs/install/custom_msgs/local/lib/python3.10/dist-packages/custom_msgs/msg/_effort_command.py
[6.102s] -- Installing: /home/ziyang/franka_ros2_endowrist_ws/src/custom_msgs/install/custom_msgs/local/lib/python3.10/dist-packages/custom_msgs/msg/_state_parameter_s.c
[6.102s] -- Installing: /home/ziyang/franka_ros2_endowrist_ws/src/custom_msgs/install/custom_msgs/local/lib/python3.10/dist-packages/custom_msgs/msg/_lambda_command.py
[6.102s] -- Installing: /home/ziyang/franka_ros2_endowrist_ws/src/custom_msgs/install/custom_msgs/local/lib/python3.10/dist-packages/custom_msgs/msg/_task_space_command.py
[6.102s] -- Installing: /home/ziyang/franka_ros2_endowrist_ws/src/custom_msgs/install/custom_msgs/local/lib/python3.10/dist-packages/custom_msgs/msg/_task_space_command_s.c
[6.102s] -- Installing: /home/ziyang/franka_ros2_endowrist_ws/src/custom_msgs/install/custom_msgs/local/lib/python3.10/dist-packages/custom_msgs/msg/_custom_var.py
[6.102s] -- Installing: /home/ziyang/franka_ros2_endowrist_ws/src/custom_msgs/install/custom_msgs/local/lib/python3.10/dist-packages/custom_msgs/libcustom_msgs__rosidl_generator_py.so
[6.102s] -- Installing: /home/ziyang/franka_ros2_endowrist_ws/src/custom_msgs/install/custom_msgs/local/lib/python3.10/dist-packages/custom_msgs/_custom_msgs_s.ep.rosidl_typesupport_fastrtps_c.c
[6.102s] -- Installing: /home/ziyang/franka_ros2_endowrist_ws/src/custom_msgs/install/custom_msgs/local/lib/python3.10/dist-packages/custom_msgs/custom_msgs_s__rosidl_typesupport_c.cpython-310-x86_64-linux-gnu.so
[6.102s] -- Installing: /home/ziyang/franka_ros2_endowrist_ws/src/custom_msgs/install/custom_msgs/local/lib/python3.10/dist-packages/custom_msgs/srv
[6.102s] -- Installing: /home/ziyang/franka_ros2_endowrist_ws/src/custom_msgs/install/custom_msgs/local/lib/python3.10/dist-packages/custom_msgs/srv/_joint_position_adjust_s.c
[6.102s] -- Installing: /home/ziyang/franka_ros2_endowrist_ws/src/custom_msgs/install/custom_msgs/local/lib/python3.10/dist-packages/custom_msgs/srv/__init__.py
[6.102s] -- Installing: /home/ziyang/franka_ros2_endowrist_ws/src/custom_msgs/install/custom_msgs/local/lib/python3.10/dist-packages/custom_msgs/srv/_joint_position_adjust.py
[6.103s] -- Installing: /home/ziyang/franka_ros2_endowrist_ws/src/custom_msgs/install/custom_msgs/local/lib/python3.10/dist-packages/custom_msgs/custom_msgs_s__rosidl_typesupport_fastrtps_c.cpython-310-x86_64-linux-gnu.so
[6.129s] Listing '/home/ziyang/franka_ros2_endowrist_ws/src/custom_msgs/install/custom_msgs/local/lib/python3.10/dist-packages/custom_msgs'...
[6.129s] Compiling '/home/ziyang/franka_ros2_endowrist_ws/src/custom_msgs/install/custom_msgs/local/lib/python3.10/dist-packages/custom_msgs/__init__.py'...
[6.129s] Listing '/home/ziyang/franka_ros2_endowrist_ws/src/custom_msgs/install/custom_msgs/local/lib/python3.10/dist-packages/custom_msgs/msg'...
[6.129s] Compiling '/home/ziyang/franka_ros2_endowrist_ws/src/custom_msgs/install/custom_msgs/local/lib/python3.10/dist-packages/custom_msgs/msg/__init__.py'...
[6.129s] Compiling '/home/ziyang/franka_ros2_endowrist_ws/src/custom_msgs/install/custom_msgs/local/lib/python3.10/dist-packages/custom_msgs/msg/_custom_var.py'...
[6.129s] Compiling '/home/ziyang/franka_ros2_endowrist_ws/src/custom_msgs/install/custom_msgs/local/lib/python3.10/dist-packages/custom_msgs/msg/_effort_command.py'...
[6.129s] Compiling '/home/ziyang/franka_ros2_endowrist_ws/src/custom_msgs/install/custom_msgs/local/lib/python3.10/dist-packages/custom_msgs/msg/_lambda_command.py'...
[6.129s] Compiling '/home/ziyang/franka_ros2_endowrist_ws/src/custom_msgs/install/custom_msgs/local/lib/python3.10/dist-packages/custom_msgs/msg/_motor_command.py'...
[6.129s] Compiling '/home/ziyang/franka_ros2_endowrist_ws/src/custom_msgs/install/custom_msgs/local/lib/python3.10/dist-packages/custom_msgs/msg/_motor_measurement.py'...
[6.129s] Compiling '/home/ziyang/franka_ros2_endowrist_ws/src/custom_msgs/install/custom_msgs/local/lib/python3.10/dist-packages/custom_msgs/msg/_state_parameter.py'...
[6.129s] Compiling '/home/ziyang/franka_ros2_endowrist_ws/src/custom_msgs/install/custom_msgs/local/lib/python3.10/dist-packages/custom_msgs/msg/_task_space_command.py'...
[6.129s] Listing '/home/ziyang/franka_ros2_endowrist_ws/src/custom_msgs/install/custom_msgs/local/lib/python3.10/dist-packages/custom_msgs/srv'...
[6.129s] Compiling '/home/ziyang/franka_ros2_endowrist_ws/src/custom_msgs/install/custom_msgs/local/lib/python3.10/dist-packages/custom_msgs/srv/__init__.py'...
[6.129s] Compiling '/home/ziyang/franka_ros2_endowrist_ws/src/custom_msgs/install/custom_msgs/local/lib/python3.10/dist-packages/custom_msgs/srv/_joint_position_adjust.py'...
[6.131s] -- Installing: /home/ziyang/franka_ros2_endowrist_ws/src/custom_msgs/install/custom_msgs/local/lib/python3.10/dist-packages/custom_msgs/custom_msgs_s__rosidl_typesupport_fastrtps_c.cpython-310-x86_64-linux-gnu.so
[6.131s] -- Set runtime path of "/home/ziyang/franka_ros2_endowrist_ws/src/custom_msgs/install/custom_msgs/local/lib/python3.10/dist-packages/custom_msgs/custom_msgs_s__rosidl_typesupport_fastrtps_c.cpython-310-x86_64-linux-gnu.so" to ""
[6.131s] -- Installing: /home/ziyang/franka_ros2_endowrist_ws/src/custom_msgs/install/custom_msgs/local/lib/python3.10/dist-packages/custom_msgs/custom_msgs_s__rosidl_typesupport_introspection_c.cpython-310-x86_64-linux-gnu.so
[6.131s] -- Set runtime path of "/home/ziyang/franka_ros2_endowrist_ws/src/custom_msgs/install/custom_msgs/local/lib/python3.10/dist-packages/custom_msgs/custom_msgs_s__rosidl_typesupport_introspection_c.cpython-310-x86_64-linux-gnu.so" to ""
[6.131s] -- Installing: /home/ziyang/franka_ros2_endowrist_ws/src/custom_msgs/install/custom_msgs/local/lib/python3.10/dist-packages/custom_msgs/custom_msgs_s__rosidl_typesupport_c.cpython-310-x86_64-linux-gnu.so
[6.131s] -- Set runtime path of "/home/ziyang/franka_ros2_endowrist_ws/src/custom_msgs/install/custom_msgs/local/lib/python3.10/dist-packages/custom_msgs/custom_msgs_s__rosidl_typesupport_c.cpython-310-x86_64-linux-gnu.so" to ""
[6.131s] -- Installing: /home/ziyang/franka_ros2_endowrist_ws/src/custom_msgs/install/custom_msgs/lib/libcustom_msgs__rosidl_generator_py.so
[6.132s] -- Set runtime path of "/home/ziyang/franka_ros2_endowrist_ws/src/custom_msgs/install/custom_msgs/lib/libcustom_msgs__rosidl_generator_py.so" to ""
[6.132s] -- Installing: /home/ziyang/franka_ros2_endowrist_ws/src/custom_msgs/install/custom_msgs/share/custom_msgs/msg/MotorCommand.idl
[6.132s] -- Installing: /home/ziyang/franka_ros2_endowrist_ws/src/custom_msgs/install/custom_msgs/share/custom_msgs/msg/LambdaCommand.idl
[6.132s] -- Installing: /home/ziyang/franka_ros2_endowrist_ws/src/custom_msgs/install/custom_msgs/share/custom_msgs/msg/MotorMeasurement.idl
[6.132s] -- Installing: /home/ziyang/franka_ros2_endowrist_ws/src/custom_msgs/install/custom_msgs/share/custom_msgs/msg/CustomVar.idl
[6.132s] -- Installing: /home/ziyang/franka_ros2_endowrist_ws/src/custom_msgs/install/custom_msgs/share/custom_msgs/msg/EffortCommand.idl
[6.132s] -- Installing: /home/ziyang/franka_ros2_endowrist_ws/src/custom_msgs/install/custom_msgs/share/custom_msgs/msg/StateParameter.idl
[6.132s] -- Installing: /home/ziyang/franka_ros2_endowrist_ws/src/custom_msgs/install/custom_msgs/share/custom_msgs/msg/TaskSpaceCommand.idl
[6.132s] -- Installing: /home/ziyang/franka_ros2_endowrist_ws/src/custom_msgs/install/custom_msgs/share/custom_msgs/srv/JointPositionAdjust.idl
[6.132s] -- Installing: /home/ziyang/franka_ros2_endowrist_ws/src/custom_msgs/install/custom_msgs/share/custom_msgs/msg/MotorCommand.msg
[6.132s] -- Installing: /home/ziyang/franka_ros2_endowrist_ws/src/custom_msgs/install/custom_msgs/share/custom_msgs/msg/LambdaCommand.msg
[6.132s] -- Installing: /home/ziyang/franka_ros2_endowrist_ws/src/custom_msgs/install/custom_msgs/share/custom_msgs/msg/MotorMeasurement.msg
[6.132s] -- Installing: /home/ziyang/franka_ros2_endowrist_ws/src/custom_msgs/install/custom_msgs/share/custom_msgs/msg/CustomVar.msg
[6.132s] -- Installing: /home/ziyang/franka_ros2_endowrist_ws/src/custom_msgs/install/custom_msgs/share/custom_msgs/msg/EffortCommand.msg
[6.132s] -- Installing: /home/ziyang/franka_ros2_endowrist_ws/src/custom_msgs/install/custom_msgs/share/custom_msgs/msg/StateParameter.msg
[6.132s] -- Installing: /home/ziyang/franka_ros2_endowrist_ws/src/custom_msgs/install/custom_msgs/share/custom_msgs/msg/TaskSpaceCommand.msg
[6.132s] -- Installing: /home/ziyang/franka_ros2_endowrist_ws/src/custom_msgs/install/custom_msgs/share/custom_msgs/srv/JointPositionAdjust.srv
[6.132s] -- Installing: /home/ziyang/franka_ros2_endowrist_ws/src/custom_msgs/install/custom_msgs/share/custom_msgs/srv/JointPositionAdjust_Request.msg
[6.132s] -- Installing: /home/ziyang/franka_ros2_endowrist_ws/src/custom_msgs/install/custom_msgs/share/custom_msgs/srv/JointPositionAdjust_Response.msg
[6.132s] -- Installing: /home/ziyang/franka_ros2_endowrist_ws/src/custom_msgs/install/custom_msgs/share/ament_index/resource_index/package_run_dependencies/custom_msgs
[6.133s] -- Installing: /home/ziyang/franka_ros2_endowrist_ws/src/custom_msgs/install/custom_msgs/share/ament_index/resource_index/parent_prefix_path/custom_msgs
[6.133s] -- Installing: /home/ziyang/franka_ros2_endowrist_ws/src/custom_msgs/install/custom_msgs/share/custom_msgs/environment/ament_prefix_path.sh
[6.133s] -- Installing: /home/ziyang/franka_ros2_endowrist_ws/src/custom_msgs/install/custom_msgs/share/custom_msgs/environment/ament_prefix_path.dsv
[6.133s] -- Installing: /home/ziyang/franka_ros2_endowrist_ws/src/custom_msgs/install/custom_msgs/share/custom_msgs/environment/path.sh
[6.133s] -- Installing: /home/ziyang/franka_ros2_endowrist_ws/src/custom_msgs/install/custom_msgs/share/custom_msgs/environment/path.dsv
[6.133s] -- Installing: /home/ziyang/franka_ros2_endowrist_ws/src/custom_msgs/install/custom_msgs/share/custom_msgs/local_setup.bash
[6.133s] -- Installing: /home/ziyang/franka_ros2_endowrist_ws/src/custom_msgs/install/custom_msgs/share/custom_msgs/local_setup.sh
[6.133s] -- Installing: /home/ziyang/franka_ros2_endowrist_ws/src/custom_msgs/install/custom_msgs/share/custom_msgs/local_setup.zsh
[6.133s] -- Installing: /home/ziyang/franka_ros2_endowrist_ws/src/custom_msgs/install/custom_msgs/share/custom_msgs/local_setup.dsv
[6.133s] -- Installing: /home/ziyang/franka_ros2_endowrist_ws/src/custom_msgs/install/custom_msgs/share/custom_msgs/package.dsv
[6.133s] -- Installing: /home/ziyang/franka_ros2_endowrist_ws/src/custom_msgs/install/custom_msgs/share/ament_index/resource_index/packages/custom_msgs
[6.133s] -- Installing: /home/ziyang/franka_ros2_endowrist_ws/src/custom_msgs/install/custom_msgs/share/custom_msgs/cmake/export_custom_msgs__rosidl_generator_cExport.cmake
[6.133s] -- Installing: /home/ziyang/franka_ros2_endowrist_ws/src/custom_msgs/install/custom_msgs/share/custom_msgs/cmake/export_custom_msgs__rosidl_generator_cExport-noconfig.cmake
[6.133s] -- Installing: /home/ziyang/franka_ros2_endowrist_ws/src/custom_msgs/install/custom_msgs/share/custom_msgs/cmake/export_custom_msgs__rosidl_typesupport_fastrtps_cExport.cmake
[6.134s] -- Installing: /home/ziyang/franka_ros2_endowrist_ws/src/custom_msgs/install/custom_msgs/share/custom_msgs/cmake/export_custom_msgs__rosidl_typesupport_fastrtps_cExport-noconfig.cmake
[6.134s] -- Installing: /home/ziyang/franka_ros2_endowrist_ws/src/custom_msgs/install/custom_msgs/share/custom_msgs/cmake/export_custom_msgs__rosidl_generator_cppExport.cmake
[6.134s] -- Installing: /home/ziyang/franka_ros2_endowrist_ws/src/custom_msgs/install/custom_msgs/share/custom_msgs/cmake/export_custom_msgs__rosidl_typesupport_fastrtps_cppExport.cmake
[6.134s] -- Installing: /home/ziyang/franka_ros2_endowrist_ws/src/custom_msgs/install/custom_msgs/share/custom_msgs/cmake/export_custom_msgs__rosidl_typesupport_fastrtps_cppExport-noconfig.cmake
[6.134s] -- Installing: /home/ziyang/franka_ros2_endowrist_ws/src/custom_msgs/install/custom_msgs/share/custom_msgs/cmake/custom_msgs__rosidl_typesupport_introspection_cExport.cmake
[6.134s] -- Installing: /home/ziyang/franka_ros2_endowrist_ws/src/custom_msgs/install/custom_msgs/share/custom_msgs/cmake/custom_msgs__rosidl_typesupport_introspection_cExport-noconfig.cmake
[6.134s] -- Installing: /home/ziyang/franka_ros2_endowrist_ws/src/custom_msgs/install/custom_msgs/share/custom_msgs/cmake/custom_msgs__rosidl_typesupport_cExport.cmake
[6.134s] -- Installing: /home/ziyang/franka_ros2_endowrist_ws/src/custom_msgs/install/custom_msgs/share/custom_msgs/cmake/custom_msgs__rosidl_typesupport_cExport-noconfig.cmake
[6.134s] -- Installing: /home/ziyang/franka_ros2_endowrist_ws/src/custom_msgs/install/custom_msgs/share/custom_msgs/cmake/custom_msgs__rosidl_typesupport_introspection_cppExport.cmake
[6.134s] -- Installing: /home/ziyang/franka_ros2_endowrist_ws/src/custom_msgs/install/custom_msgs/share/custom_msgs/cmake/custom_msgs__rosidl_typesupport_introspection_cppExport-noconfig.cmake
[6.134s] -- Installing: /home/ziyang/franka_ros2_endowrist_ws/src/custom_msgs/install/custom_msgs/share/custom_msgs/cmake/custom_msgs__rosidl_typesupport_cppExport.cmake
[6.134s] -- Installing: /home/ziyang/franka_ros2_endowrist_ws/src/custom_msgs/install/custom_msgs/share/custom_msgs/cmake/custom_msgs__rosidl_typesupport_cppExport-noconfig.cmake
[6.134s] -- Installing: /home/ziyang/franka_ros2_endowrist_ws/src/custom_msgs/install/custom_msgs/share/custom_msgs/cmake/export_custom_msgs__rosidl_generator_pyExport.cmake
[6.134s] -- Installing: /home/ziyang/franka_ros2_endowrist_ws/src/custom_msgs/install/custom_msgs/share/custom_msgs/cmake/export_custom_msgs__rosidl_generator_pyExport-noconfig.cmake
[6.134s] -- Installing: /home/ziyang/franka_ros2_endowrist_ws/src/custom_msgs/install/custom_msgs/share/custom_msgs/cmake/rosidl_cmake-extras.cmake
[6.134s] -- Installing: /home/ziyang/franka_ros2_endowrist_ws/src/custom_msgs/install/custom_msgs/share/custom_msgs/cmake/ament_cmake_export_dependencies-extras.cmake
[6.134s] -- Installing: /home/ziyang/franka_ros2_endowrist_ws/src/custom_msgs/install/custom_msgs/share/custom_msgs/cmake/ament_cmake_export_include_directories-extras.cmake
[6.134s] -- Installing: /home/ziyang/franka_ros2_endowrist_ws/src/custom_msgs/install/custom_msgs/share/custom_msgs/cmake/ament_cmake_export_libraries-extras.cmake
[6.134s] -- Installing: /home/ziyang/franka_ros2_endowrist_ws/src/custom_msgs/install/custom_msgs/share/custom_msgs/cmake/ament_cmake_export_targets-extras.cmake
[6.134s] -- Installing: /home/ziyang/franka_ros2_endowrist_ws/src/custom_msgs/install/custom_msgs/share/custom_msgs/cmake/rosidl_cmake_export_typesupport_targets-extras.cmake
[6.134s] -- Installing: /home/ziyang/franka_ros2_endowrist_ws/src/custom_msgs/install/custom_msgs/share/custom_msgs/cmake/rosidl_cmake_export_typesupport_libraries-extras.cmake
[6.134s] -- Installing: /home/ziyang/franka_ros2_endowrist_ws/src/custom_msgs/install/custom_msgs/share/custom_msgs/cmake/custom_msgsConfig.cmake
[6.134s] -- Installing: /home/ziyang/franka_ros2_endowrist_ws/src/custom_msgs/install/custom_msgs/share/custom_msgs/cmake/custom_msgsConfig-version.cmake
[6.134s] -- Installing: /home/ziyang/franka_ros2_endowrist_ws/src/custom_msgs/install/custom_msgs/share/custom_msgs/package.xml
[6.136s] Invoked command in '/home/ziyang/franka_ros2_endowrist_ws/src/custom_msgs/build/custom_msgs' returned '0': CMAKE_PREFIX_PATH=/opt/ros/humble /usr/bin/cmake --install /home/ziyang/franka_ros2_endowrist_ws/src/custom_msgs/build/custom_msgs
